#
# A fatal error has been detected by the Java Runtime Environment:
#
#  EXCEPTION_ACCESS_VIOLATION (0xc0000005) at pc=0x0000000054253777, pid=5000, tid=0x000000000000294c
#
# JRE version: Java(TM) SE Runtime Environment (8.0_102-b14) (build 1.8.0_102-b14)
# Java VM: Java HotSpot(TM) 64-Bit Server VM (25.102-b14 mixed mode windows-amd64 compressed oops)
# Problematic frame:
# V  [jvm.dll+0x213777]
#
# Failed to write core dump. Minidumps are not enabled by default on client versions of Windows
#
# If you would like to submit a bug report, please visit:
#   http://bugreport.java.com/bugreport/crash.jsp
#

---------------  T H R E A D  ---------------

Current thread (0x000000003b0b2800):  JavaThread "qtp102791190-935" [_thread_in_vm, id=10572, stack(0x00000000925b0000,0x00000000926b0000)]

siginfo: ExceptionCode=0xc0000005, writing address 0x00000000926aa300

Registers:
RAX=0x00000000926aa300, RBX=0x0000000000000006, RCX=0x0000000000005000, RDX=0x0000000000000006
RSP=0x00000000926af300, RBP=0x0000000000000000, RSI=0x00000000926af300, RDI=0x0000000000000006
R8 =0x0000000000000006, R9 =0x00000000230750b0, R10=0x000000001b4adf48, R11=0x00000000925ba148
R12=0x00000000230750b0, R13=0x000000003b0b2800, R14=0x00000000926af3c8, R15=0x000000001b4adf48
RIP=0x0000000054253777, EFLAGS=0x0000000000010206

Top of Stack: (sp=0x00000000926af300)
0x00000000926af300:   0000000000000000 000000005425ddda
0x00000000926af310:   000000003b0b2800 00000000230750b0
0x00000000926af320:   00000000ffffffff 00000000542546a7
0x00000000926af330:   00000000926af430 000000001b4adf48
0x00000000926af340:   000000003b0b2800 0000000054100183
0x00000000926af350:   00000000926af390 000000003b0b2800
0x00000000926af360:   00000000926af420 000000003b0b2800
0x00000000926af370:   000000001b4adf48 000000003b0b2800
0x00000000926af380:   00000000026e9a20 000000003b0b2800
0x00000000926af390:   000000001b4adf48 000000003b0b2800
0x00000000926af3a0:   000000001b4adf48 000000003b0b2800
0x00000000926af3b0:   0000000000000001 000000001b4adf48
0x00000000926af3c0:   000000003b0b2800 00000000212776e0
0x00000000926af3d0:   000000003b0b2800 000000005410166d
0x00000000926af3e0:   00000000926af6e8 00000007c00069a0
0x00000000926af3f0:   00000007c00069a0 00000000541ff863 

Instructions: (pc=0x0000000054253777)
0x0000000054253757:   48 89 6c 24 30 33 ed 66 90 e8 ab 38 08 00 ff c3
0x0000000054253767:   48 63 c8 48 8b c6 48 0f af cf 48 ff c7 48 2b c1
0x0000000054253777:   89 28 48 63 c3 48 3b 05 55 0f 59 00 7e db 48 8b
0x0000000054253787:   6c 24 30 48 8b 5c 24 38 48 8b 74 24 40 48 83 c4 


Register to memory mapping:

RAX=0x00000000926aa300 is pointing into the stack for thread: 0x000000003b0b2800
RBX=0x0000000000000006 is an unknown value
RCX=0x0000000000005000 is an unknown value
RDX=0x0000000000000006 is an unknown value
RSP=0x00000000926af300 is pointing into the stack for thread: 0x000000003b0b2800
RBP=0x0000000000000000 is an unknown value
RSI=0x00000000926af300 is pointing into the stack for thread: 0x000000003b0b2800
RDI=0x0000000000000006 is an unknown value
R8 =0x0000000000000006 is an unknown value
R9 =0x00000000230750b0 is an unknown value
R10={method} {0x000000001b4adf50} 'run' '()V' in 'java/lang/Thread'
R11=0x00000000925ba148 is pointing into the stack for thread: 0x000000003b0b2800
R12=0x00000000230750b0 is an unknown value
R13=0x000000003b0b2800 is a thread
R14=0x00000000926af3c8 is pointing into the stack for thread: 0x000000003b0b2800
R15={method} {0x000000001b4adf50} 'run' '()V' in 'java/lang/Thread'


Stack: [0x00000000925b0000,0x00000000926b0000],  sp=0x00000000926af300,  free space=1020k
Native frames: (J=compiled Java code, j=interpreted, Vv=VM code, C=native code)


---------------  P R O C E S S  ---------------

Java Threads: ( => current thread )
  0x0000000030189800 JavaThread "qtp102791190-942" [_thread_blocked, id=11992, stack(0x0000000075ed0000,0x0000000075fd0000)]
  0x0000000030185000 JavaThread "qtp102791190-941" [_thread_blocked, id=9252, stack(0x0000000094f90000,0x0000000095090000)]
  0x000000003018a800 JavaThread "qtp102791190-940" [_thread_blocked, id=10364, stack(0x00000000533f0000,0x00000000534f0000)]
  0x000000003b0ba000 JavaThread "qtp102791190-939" [_thread_blocked, id=12280, stack(0x0000000093de0000,0x0000000093ee0000)]
=>0x000000003b0b2800 JavaThread "qtp102791190-935" [_thread_in_vm, id=10572, stack(0x00000000925b0000,0x00000000926b0000)]
  0x000000003b0c1000 JavaThread "DefaultQuartzScheduler_QuartzSchedulerThread" [_thread_blocked, id=1220, stack(0x000000009dc10000,0x000000009dd10000)]
  0x000000003b0c0800 JavaThread "DefaultQuartzScheduler_Worker-10" [_thread_blocked, id=7012, stack(0x000000009db00000,0x000000009dc00000)]
  0x000000003b0bf800 JavaThread "DefaultQuartzScheduler_Worker-9" [_thread_blocked, id=10956, stack(0x000000009d870000,0x000000009d970000)]
  0x000000003b0bf000 JavaThread "DefaultQuartzScheduler_Worker-8" [_thread_blocked, id=10532, stack(0x000000009d6a0000,0x000000009d7a0000)]
  0x000000003b0be000 JavaThread "DefaultQuartzScheduler_Worker-7" [_thread_blocked, id=10900, stack(0x0000000052690000,0x0000000052790000)]
  0x000000003b0bd800 JavaThread "DefaultQuartzScheduler_Worker-6" [_thread_blocked, id=6688, stack(0x000000009d510000,0x000000009d610000)]
  0x000000003b0bc800 JavaThread "DefaultQuartzScheduler_Worker-5" [_thread_blocked, id=3604, stack(0x000000009d3a0000,0x000000009d4a0000)]
  0x000000003b0bc000 JavaThread "DefaultQuartzScheduler_Worker-4" [_thread_blocked, id=9756, stack(0x000000009b160000,0x000000009b260000)]
  0x000000003b0bb000 JavaThread "DefaultQuartzScheduler_Worker-3" [_thread_blocked, id=3460, stack(0x000000009c620000,0x000000009c720000)]
  0x000000003b0b8000 JavaThread "DefaultQuartzScheduler_Worker-2" [_thread_blocked, id=10944, stack(0x000000003de70000,0x000000003df70000)]
  0x000000003b0b3800 JavaThread "DefaultQuartzScheduler_Worker-1" [_thread_blocked, id=2244, stack(0x0000000094470000,0x0000000094570000)]
  0x000000003b0b9800 JavaThread "qtp102791190-922" [_thread_blocked, id=5632, stack(0x000000009c3b0000,0x000000009c4b0000)]
  0x000000003b0b8800 JavaThread "PathWatcher-Thread[D:\Workspace3\yiwu (+42)]" daemon [_thread_blocked, id=1080, stack(0x000000009d9b0000,0x000000009dab0000)]
  0x0000000045327000 JavaThread "Abandoned connection cleanup thread" daemon [_thread_blocked, id=7076, stack(0x0000000097400000,0x0000000097500000)]
  0x0000000045325800 JavaThread "C3P0PooledConnectionPoolManager[identityToken->1hge0z79q12fbuzl1lwhydy|72359e8]-HelperThread-#2" daemon [_thread_blocked, id=5388, stack(0x0000000094130000,0x0000000094230000)]
  0x000000004531c000 JavaThread "C3P0PooledConnectionPoolManager[identityToken->1hge0z79q12fbuzl1lwhydy|72359e8]-HelperThread-#1" daemon [_thread_blocked, id=11368, stack(0x000000007de40000,0x000000007df40000)]
  0x0000000045321000 JavaThread "C3P0PooledConnectionPoolManager[identityToken->1hge0z79q12fbuzl1lwhydy|72359e8]-HelperThread-#0" daemon [_thread_blocked, id=6060, stack(0x0000000086b90000,0x0000000086c90000)]
  0x0000000045323800 JavaThread "C3P0PooledConnectionPoolManager[identityToken->1hge0z79q12fbuzl1lwhydy|72359e8]-AdminTaskTimer" daemon [_thread_blocked, id=10680, stack(0x0000000093330000,0x0000000093430000)]
  0x0000000030187800 JavaThread "DefaultQuartzScheduler_QuartzSchedulerThread" [_thread_blocked, id=11976, stack(0x0000000099830000,0x0000000099930000)]
  0x0000000031fd5800 JavaThread "DefaultQuartzScheduler_Worker-10" [_thread_blocked, id=10580, stack(0x0000000099e50000,0x0000000099f50000)]
  0x0000000028895000 JavaThread "DefaultQuartzScheduler_Worker-9" [_thread_blocked, id=10960, stack(0x0000000099950000,0x0000000099a50000)]
  0x000000005c4a6800 JavaThread "DefaultQuartzScheduler_Worker-8" [_thread_blocked, id=4900, stack(0x0000000098770000,0x0000000098870000)]
  0x0000000023259800 JavaThread "DefaultQuartzScheduler_Worker-7" [_thread_blocked, id=11832, stack(0x0000000099720000,0x0000000099820000)]
  0x000000002325e000 JavaThread "DefaultQuartzScheduler_Worker-6" [_thread_blocked, id=6544, stack(0x0000000098f20000,0x0000000099020000)]
  0x000000002ab11800 JavaThread "DefaultQuartzScheduler_Worker-5" [_thread_blocked, id=11476, stack(0x0000000097ad0000,0x0000000097bd0000)]
  0x000000002ab10800 JavaThread "DefaultQuartzScheduler_Worker-4" [_thread_blocked, id=312, stack(0x00000000994b0000,0x00000000995b0000)]
  0x0000000030ba3000 JavaThread "DefaultQuartzScheduler_Worker-3" [_thread_blocked, id=11080, stack(0x0000000098d70000,0x0000000098e70000)]
  0x0000000030b98800 JavaThread "DefaultQuartzScheduler_Worker-2" [_thread_blocked, id=7624, stack(0x0000000098550000,0x0000000098650000)]
  0x0000000045319000 JavaThread "DefaultQuartzScheduler_Worker-1" [_thread_blocked, id=5756, stack(0x0000000096e90000,0x0000000096f90000)]
  0x000000005c4ae000 JavaThread "Abandoned connection cleanup thread" daemon [_thread_blocked, id=4532, stack(0x0000000092be0000,0x0000000092ce0000)]
  0x000000005c4a5000 JavaThread "C3P0PooledConnectionPoolManager[identityToken->1hge0z79q12fau9v1efl85r|386f9771]-HelperThread-#2" daemon [_thread_blocked, id=6468, stack(0x000000008cc60000,0x000000008cd60000)]
  0x000000005c4a1000 JavaThread "C3P0PooledConnectionPoolManager[identityToken->1hge0z79q12fau9v1efl85r|386f9771]-HelperThread-#1" daemon [_thread_blocked, id=5236, stack(0x00000000912b0000,0x00000000913b0000)]
  0x000000005c4a2800 JavaThread "C3P0PooledConnectionPoolManager[identityToken->1hge0z79q12fau9v1efl85r|386f9771]-HelperThread-#0" daemon [_thread_blocked, id=10452, stack(0x0000000090500000,0x0000000090600000)]
  0x00000000391a5000 JavaThread "C3P0PooledConnectionPoolManager[identityToken->1hge0z79q12fau9v1efl85r|386f9771]-AdminTaskTimer" daemon [_thread_blocked, id=11752, stack(0x00000000537e0000,0x00000000538e0000)]
  0x000000005c4ad000 JavaThread "DefaultQuartzScheduler_QuartzSchedulerThread" [_thread_blocked, id=10936, stack(0x0000000096680000,0x0000000096780000)]
  0x000000005c4ac800 JavaThread "DefaultQuartzScheduler_Worker-10" [_thread_blocked, id=11184, stack(0x000000008abe0000,0x000000008ace0000)]
  0x000000005c4ab800 JavaThread "DefaultQuartzScheduler_Worker-9" [_thread_blocked, id=10524, stack(0x00000000964e0000,0x00000000965e0000)]
  0x000000005c4ab000 JavaThread "DefaultQuartzScheduler_Worker-8" [_thread_blocked, id=11656, stack(0x0000000096350000,0x0000000096450000)]
  0x000000005c4aa000 JavaThread "DefaultQuartzScheduler_Worker-7" [_thread_blocked, id=8196, stack(0x0000000096180000,0x0000000096280000)]
  0x000000005c4a9800 JavaThread "DefaultQuartzScheduler_Worker-6" [_thread_blocked, id=11572, stack(0x0000000095ff0000,0x00000000960f0000)]
  0x000000005c4a8800 JavaThread "DefaultQuartzScheduler_Worker-5" [_thread_blocked, id=10268, stack(0x0000000095eb0000,0x0000000095fb0000)]
  0x000000005c4a8000 JavaThread "DefaultQuartzScheduler_Worker-4" [_thread_blocked, id=7824, stack(0x0000000095da0000,0x0000000095ea0000)]
  0x000000005c4a7000 JavaThread "DefaultQuartzScheduler_Worker-3" [_thread_blocked, id=6380, stack(0x00000000955c0000,0x00000000956c0000)]
  0x000000005c4a5800 JavaThread "DefaultQuartzScheduler_Worker-2" [_thread_blocked, id=8248, stack(0x0000000095160000,0x0000000095260000)]
  0x000000005c4a3800 JavaThread "DefaultQuartzScheduler_Worker-1" [_thread_blocked, id=11764, stack(0x0000000093450000,0x0000000093550000)]
  0x000000002ab0f000 JavaThread "Abandoned connection cleanup thread" daemon [_thread_blocked, id=6800, stack(0x00000000901a0000,0x00000000902a0000)]
  0x000000002ab0d000 JavaThread "C3P0PooledConnectionPoolManager[identityToken->1hge0z79q12fa7un1qy639y|687c7b18]-HelperThread-#2" daemon [_thread_blocked, id=3924, stack(0x000000008f110000,0x000000008f210000)]
  0x000000002ab0c000 JavaThread "C3P0PooledConnectionPoolManager[identityToken->1hge0z79q12fa7un1qy639y|687c7b18]-HelperThread-#1" daemon [_thread_blocked, id=10760, stack(0x000000008ffc0000,0x00000000900c0000)]
  0x000000002ab0b800 JavaThread "C3P0PooledConnectionPoolManager[identityToken->1hge0z79q12fa7un1qy639y|687c7b18]-HelperThread-#0" daemon [_thread_blocked, id=8096, stack(0x000000008fe90000,0x000000008ff90000)]
  0x000000002ab10000 JavaThread "C3P0PooledConnectionPoolManager[identityToken->1hge0z79q12fa7un1qy639y|687c7b18]-AdminTaskTimer" daemon [_thread_blocked, id=352, stack(0x000000008cf80000,0x000000008d080000)]
  0x00000000352ce800 JavaThread "DefaultQuartzScheduler_QuartzSchedulerThread" [_thread_blocked, id=10080, stack(0x00000000931f0000,0x00000000932f0000)]
  0x000000002b545800 JavaThread "DefaultQuartzScheduler_Worker-10" [_thread_blocked, id=8980, stack(0x0000000093040000,0x0000000093140000)]
  0x000000001eb05000 JavaThread "DefaultQuartzScheduler_Worker-9" [_thread_blocked, id=12080, stack(0x0000000092e90000,0x0000000092f90000)]
  0x000000001eb04000 JavaThread "DefaultQuartzScheduler_Worker-8" [_thread_blocked, id=6820, stack(0x0000000092d20000,0x0000000092e20000)]
  0x0000000045310000 JavaThread "DefaultQuartzScheduler_Worker-7" [_thread_blocked, id=5680, stack(0x0000000092800000,0x0000000092900000)]
  0x000000004531d800 JavaThread "DefaultQuartzScheduler_Worker-6" [_thread_blocked, id=10664, stack(0x00000000926d0000,0x00000000927d0000)]
  0x000000002c3ca800 JavaThread "DefaultQuartzScheduler_Worker-5" [_thread_blocked, id=11168, stack(0x0000000092380000,0x0000000092480000)]
  0x000000002c3cb000 JavaThread "DefaultQuartzScheduler_Worker-4" [_thread_blocked, id=10828, stack(0x00000000924b0000,0x00000000925b0000)]
  0x0000000023261000 JavaThread "DefaultQuartzScheduler_Worker-3" [_thread_blocked, id=10816, stack(0x00000000916d0000,0x00000000917d0000)]
  0x0000000023260800 JavaThread "DefaultQuartzScheduler_Worker-2" [_thread_blocked, id=7904, stack(0x00000000919d0000,0x0000000091ad0000)]
  0x0000000030ba4800 JavaThread "DefaultQuartzScheduler_Worker-1" [_thread_blocked, id=12140, stack(0x000000008e7a0000,0x000000008e8a0000)]
  0x0000000030ba4000 JavaThread "Abandoned connection cleanup thread" daemon [_thread_blocked, id=2996, stack(0x0000000086890000,0x0000000086990000)]
  0x0000000030b9c800 JavaThread "C3P0PooledConnectionPoolManager[identityToken->1hge0z79q12f9qisuj1p2j|4ee489d3]-HelperThread-#2" daemon [_thread_blocked, id=6700, stack(0x000000008a410000,0x000000008a510000)]
  0x0000000030b9e800 JavaThread "C3P0PooledConnectionPoolManager[identityToken->1hge0z79q12f9qisuj1p2j|4ee489d3]-HelperThread-#1" daemon [_thread_blocked, id=5992, stack(0x000000008be50000,0x000000008bf50000)]
  0x0000000030b9d000 JavaThread "C3P0PooledConnectionPoolManager[identityToken->1hge0z79q12f9qisuj1p2j|4ee489d3]-HelperThread-#0" daemon [_thread_blocked, id=7280, stack(0x00000000897b0000,0x00000000898b0000)]
  0x0000000030ba2800 JavaThread "C3P0PooledConnectionPoolManager[identityToken->1hge0z79q12f9qisuj1p2j|4ee489d3]-AdminTaskTimer" daemon [_thread_blocked, id=8224, stack(0x0000000088980000,0x0000000088a80000)]
  0x0000000045316800 JavaThread "DefaultQuartzScheduler_QuartzSchedulerThread" [_thread_blocked, id=1152, stack(0x000000008f3a0000,0x000000008f4a0000)]
  0x0000000045316000 JavaThread "DefaultQuartzScheduler_Worker-10" [_thread_blocked, id=2252, stack(0x000000008f6d0000,0x000000008f7d0000)]
  0x0000000045315000 JavaThread "DefaultQuartzScheduler_Worker-9" [_thread_blocked, id=9452, stack(0x0000000087d30000,0x0000000087e30000)]
  0x0000000045314800 JavaThread "DefaultQuartzScheduler_Worker-8" [_thread_blocked, id=8616, stack(0x000000008f240000,0x000000008f340000)]
  0x0000000045313800 JavaThread "DefaultQuartzScheduler_Worker-7" [_thread_blocked, id=2184, stack(0x000000008efd0000,0x000000008f0d0000)]
  0x0000000045313000 JavaThread "DefaultQuartzScheduler_Worker-6" [_thread_blocked, id=8448, stack(0x000000008e340000,0x000000008e440000)]
  0x0000000045312000 JavaThread "DefaultQuartzScheduler_Worker-5" [_thread_blocked, id=4924, stack(0x000000008ee00000,0x000000008ef00000)]
  0x0000000045311800 JavaThread "DefaultQuartzScheduler_Worker-4" [_thread_blocked, id=9748, stack(0x000000008ec30000,0x000000008ed30000)]
  0x0000000045310800 JavaThread "DefaultQuartzScheduler_Worker-3" [_thread_blocked, id=4908, stack(0x000000008c560000,0x000000008c660000)]
  0x000000004530f000 JavaThread "DefaultQuartzScheduler_Worker-2" [_thread_blocked, id=6120, stack(0x000000008eaf0000,0x000000008ebf0000)]
  0x0000000045309000 JavaThread "DefaultQuartzScheduler_Worker-1" [_thread_blocked, id=10424, stack(0x000000008ddb0000,0x000000008deb0000)]
  0x000000002c3bf000 JavaThread "Abandoned connection cleanup thread" daemon [_thread_blocked, id=4676, stack(0x0000000085b70000,0x0000000085c70000)]
  0x0000000046e7e800 JavaThread "C3P0PooledConnectionPoolManager[identityToken->1hge0z79q12f97vwtrg8gl|6237bd62]-HelperThread-#2" daemon [_thread_blocked, id=8308, stack(0x0000000085ea0000,0x0000000085fa0000)]
  0x0000000046e7c800 JavaThread "C3P0PooledConnectionPoolManager[identityToken->1hge0z79q12f97vwtrg8gl|6237bd62]-HelperThread-#1" daemon [_thread_blocked, id=2512, stack(0x0000000088720000,0x0000000088820000)]
  0x0000000046e7b800 JavaThread "C3P0PooledConnectionPoolManager[identityToken->1hge0z79q12f97vwtrg8gl|6237bd62]-HelperThread-#0" daemon [_thread_blocked, id=9612, stack(0x0000000086e30000,0x0000000086f30000)]
  0x0000000046e78000 JavaThread "C3P0PooledConnectionPoolManager[identityToken->1hge0z79q12f97vwtrg8gl|6237bd62]-AdminTaskTimer" daemon [_thread_blocked, id=9968, stack(0x0000000083630000,0x0000000083730000)]
  0x000000002c3c9000 JavaThread "DefaultQuartzScheduler_QuartzSchedulerThread" [_thread_blocked, id=9100, stack(0x000000008c1c0000,0x000000008c2c0000)]
  0x000000002c3c8000 JavaThread "DefaultQuartzScheduler_Worker-10" [_thread_blocked, id=4408, stack(0x000000008c0b0000,0x000000008c1b0000)]
  0x000000002c3c7800 JavaThread "DefaultQuartzScheduler_Worker-9" [_thread_blocked, id=11948, stack(0x000000008bf50000,0x000000008c050000)]
  0x000000002c3c6800 JavaThread "DefaultQuartzScheduler_Worker-8" [_thread_blocked, id=11560, stack(0x000000008bd00000,0x000000008be00000)]
  0x000000002c3c6000 JavaThread "DefaultQuartzScheduler_Worker-7" [_thread_blocked, id=9164, stack(0x000000008b9c0000,0x000000008bac0000)]
  0x000000002c3c5000 JavaThread "DefaultQuartzScheduler_Worker-6" [_thread_blocked, id=9380, stack(0x000000008b620000,0x000000008b720000)]
  0x000000002c3c4800 JavaThread "DefaultQuartzScheduler_Worker-5" [_thread_blocked, id=7536, stack(0x000000008b370000,0x000000008b470000)]
  0x000000002c3c3800 JavaThread "DefaultQuartzScheduler_Worker-4" [_thread_blocked, id=2924, stack(0x000000008b470000,0x000000008b570000)]
  0x000000002c3c3000 JavaThread "DefaultQuartzScheduler_Worker-3" [_thread_blocked, id=12284, stack(0x0000000088860000,0x0000000088960000)]
  0x000000002c3c1800 JavaThread "DefaultQuartzScheduler_Worker-2" [_thread_blocked, id=3068, stack(0x000000008b1f0000,0x000000008b2f0000)]
  0x000000002c3bc000 JavaThread "DefaultQuartzScheduler_Worker-1" [_thread_blocked, id=7056, stack(0x000000008b0e0000,0x000000008b1e0000)]
  0x0000000023262000 JavaThread "Abandoned connection cleanup thread" daemon [_thread_blocked, id=5600, stack(0x0000000083120000,0x0000000083220000)]
  0x000000002325d800 JavaThread "C3P0PooledConnectionPoolManager[identityToken->1hge0z79q12f87fg1ayybjk|67d0391c]-HelperThread-#2" daemon [_thread_blocked, id=10892, stack(0x0000000082fe0000,0x00000000830e0000)]
  0x000000002325c800 JavaThread "C3P0PooledConnectionPoolManager[identityToken->1hge0z79q12f87fg1ayybjk|67d0391c]-HelperThread-#1" daemon [_thread_blocked, id=5252, stack(0x0000000082a10000,0x0000000082b10000)]
  0x000000002325f800 JavaThread "C3P0PooledConnectionPoolManager[identityToken->1hge0z79q12f87fg1ayybjk|67d0391c]-HelperThread-#0" daemon [_thread_blocked, id=9876, stack(0x0000000082490000,0x0000000082590000)]
  0x0000000023262800 JavaThread "C3P0PooledConnectionPoolManager[identityToken->1hge0z79q12f87fg1ayybjk|67d0391c]-AdminTaskTimer" daemon [_thread_blocked, id=6968, stack(0x0000000079620000,0x0000000079720000)]
  0x000000002ab0a800 JavaThread "DefaultQuartzScheduler_QuartzSchedulerThread" [_thread_blocked, id=9728, stack(0x00000000885f0000,0x00000000886f0000)]
  0x000000002ab0a000 JavaThread "DefaultQuartzScheduler_Worker-10" [_thread_blocked, id=8740, stack(0x0000000088170000,0x0000000088270000)]
  0x000000002ab09000 JavaThread "DefaultQuartzScheduler_Worker-9" [_thread_blocked, id=12004, stack(0x0000000088460000,0x0000000088560000)]
  0x000000002ab08800 JavaThread "DefaultQuartzScheduler_Worker-8" [_thread_blocked, id=7300, stack(0x00000000882b0000,0x00000000883b0000)]
  0x000000002ab07800 JavaThread "DefaultQuartzScheduler_Worker-7" [_thread_blocked, id=7428, stack(0x0000000088020000,0x0000000088120000)]
  0x000000002ab07000 JavaThread "DefaultQuartzScheduler_Worker-6" [_thread_blocked, id=8768, stack(0x0000000087e30000,0x0000000087f30000)]
  0x000000002ab06000 JavaThread "DefaultQuartzScheduler_Worker-5" [_thread_blocked, id=11456, stack(0x0000000087c30000,0x0000000087d30000)]
  0x000000002ab05800 JavaThread "DefaultQuartzScheduler_Worker-4" [_thread_blocked, id=5724, stack(0x0000000086f50000,0x0000000087050000)]
  0x000000002ab04800 JavaThread "DefaultQuartzScheduler_Worker-3" [_thread_blocked, id=10208, stack(0x0000000084450000,0x0000000084550000)]
  0x000000002ab03000 JavaThread "DefaultQuartzScheduler_Worker-2" [_thread_blocked, id=10356, stack(0x0000000087ab0000,0x0000000087bb0000)]
  0x0000000028898000 JavaThread "DefaultQuartzScheduler_Worker-1" [_thread_blocked, id=11032, stack(0x0000000086cb0000,0x0000000086db0000)]
  0x000000006802d800 JavaThread "Abandoned connection cleanup thread" daemon [_thread_blocked, id=10556, stack(0x0000000081ac0000,0x0000000081bc0000)]
  0x0000000068029000 JavaThread "C3P0PooledConnectionPoolManager[identityToken->1hge0z79q12f7klhqxvtsw|3c0f81f6]-HelperThread-#2" daemon [_thread_blocked, id=10612, stack(0x000000007ecb0000,0x000000007edb0000)]
  0x0000000068029800 JavaThread "C3P0PooledConnectionPoolManager[identityToken->1hge0z79q12f7klhqxvtsw|3c0f81f6]-HelperThread-#1" daemon [_thread_blocked, id=10736, stack(0x0000000076e60000,0x0000000076f60000)]
  0x000000006802a800 JavaThread "C3P0PooledConnectionPoolManager[identityToken->1hge0z79q12f7klhqxvtsw|3c0f81f6]-HelperThread-#0" daemon [_thread_blocked, id=3044, stack(0x000000007ea20000,0x000000007eb20000)]
  0x000000006802f000 JavaThread "C3P0PooledConnectionPoolManager[identityToken->1hge0z79q12f7klhqxvtsw|3c0f81f6]-AdminTaskTimer" daemon [_thread_blocked, id=10620, stack(0x00000000773a0000,0x00000000774a0000)]
  0x0000000030b96000 JavaThread "DefaultQuartzScheduler_QuartzSchedulerThread" [_thread_blocked, id=11120, stack(0x0000000083310000,0x0000000083410000)]
  0x0000000068038000 JavaThread "DefaultQuartzScheduler_Worker-10" [_thread_blocked, id=4316, stack(0x0000000085470000,0x0000000085570000)]
  0x0000000068037000 JavaThread "DefaultQuartzScheduler_Worker-9" [_thread_blocked, id=4480, stack(0x0000000085370000,0x0000000085470000)]
  0x0000000068036800 JavaThread "DefaultQuartzScheduler_Worker-8" [_thread_blocked, id=5668, stack(0x0000000085270000,0x0000000085370000)]
  0x0000000068035800 JavaThread "DefaultQuartzScheduler_Worker-7" [_thread_blocked, id=3120, stack(0x0000000085170000,0x0000000085270000)]
  0x0000000068035000 JavaThread "DefaultQuartzScheduler_Worker-6" [_thread_blocked, id=11548, stack(0x00000000845f0000,0x00000000846f0000)]
  0x0000000068034000 JavaThread "DefaultQuartzScheduler_Worker-5" [_thread_blocked, id=11912, stack(0x0000000084a40000,0x0000000084b40000)]
  0x0000000068033800 JavaThread "DefaultQuartzScheduler_Worker-4" [_thread_blocked, id=9524, stack(0x0000000084f80000,0x0000000085080000)]
  0x0000000068032800 JavaThread "DefaultQuartzScheduler_Worker-3" [_thread_blocked, id=11808, stack(0x0000000084930000,0x0000000084a30000)]
  0x0000000068031000 JavaThread "DefaultQuartzScheduler_Worker-2" [_thread_blocked, id=6740, stack(0x0000000081610000,0x0000000081710000)]
  0x000000006802b000 JavaThread "DefaultQuartzScheduler_Worker-1" [_thread_blocked, id=5952, stack(0x00000000814b0000,0x00000000815b0000)]
  0x00000000321ae800 JavaThread "Abandoned connection cleanup thread" daemon [_thread_blocked, id=7764, stack(0x000000007a580000,0x000000007a680000)]
  0x00000000321ad800 JavaThread "C3P0PooledConnectionPoolManager[identityToken->1hge0z79q12f6yei62zn0p|3a172b19]-HelperThread-#2" daemon [_thread_blocked, id=7328, stack(0x000000007d510000,0x000000007d610000)]
  0x00000000321ad000 JavaThread "C3P0PooledConnectionPoolManager[identityToken->1hge0z79q12f6yei62zn0p|3a172b19]-HelperThread-#1" daemon [_thread_blocked, id=5292, stack(0x000000007af30000,0x000000007b030000)]
  0x00000000321ac000 JavaThread "C3P0PooledConnectionPoolManager[identityToken->1hge0z79q12f6yei62zn0p|3a172b19]-HelperThread-#0" daemon [_thread_blocked, id=12196, stack(0x0000000077fc0000,0x00000000780c0000)]
  0x00000000321a1000 JavaThread "C3P0PooledConnectionPoolManager[identityToken->1hge0z79q12f6yei62zn0p|3a172b19]-AdminTaskTimer" daemon [_thread_blocked, id=9300, stack(0x000000007c4b0000,0x000000007c5b0000)]
  0x0000000024460000 JavaThread "qtp102791190-484" [_thread_blocked, id=8824, stack(0x0000000073310000,0x0000000073410000)]
  0x00000000321aa800 JavaThread "DefaultQuartzScheduler_QuartzSchedulerThread" [_thread_blocked, id=5276, stack(0x00000000818f0000,0x00000000819f0000)]
  0x00000000321aa000 JavaThread "DefaultQuartzScheduler_Worker-10" [_thread_blocked, id=11400, stack(0x0000000081740000,0x0000000081840000)]
  0x00000000321a9000 JavaThread "DefaultQuartzScheduler_Worker-9" [_thread_blocked, id=6592, stack(0x0000000081390000,0x0000000081490000)]
  0x00000000321a8800 JavaThread "DefaultQuartzScheduler_Worker-8" [_thread_blocked, id=11616, stack(0x00000000810a0000,0x00000000811a0000)]
  0x00000000321a7800 JavaThread "DefaultQuartzScheduler_Worker-7" [_thread_blocked, id=10016, stack(0x00000000811a0000,0x00000000812a0000)]
  0x00000000321a7000 JavaThread "DefaultQuartzScheduler_Worker-6" [_thread_blocked, id=1312, stack(0x0000000080f00000,0x0000000081000000)]
  0x00000000321a6000 JavaThread "DefaultQuartzScheduler_Worker-5" [_thread_blocked, id=11788, stack(0x0000000080570000,0x0000000080670000)]
  0x00000000321a5800 JavaThread "DefaultQuartzScheduler_Worker-4" [_thread_blocked, id=3856, stack(0x0000000080010000,0x0000000080110000)]
  0x00000000321a4800 JavaThread "DefaultQuartzScheduler_Worker-3" [_thread_blocked, id=3316, stack(0x0000000080d60000,0x0000000080e60000)]
  0x00000000321a3000 JavaThread "DefaultQuartzScheduler_Worker-2" [_thread_blocked, id=11416, stack(0x000000007bc40000,0x000000007bd40000)]
  0x0000000037a06800 JavaThread "DefaultQuartzScheduler_Worker-1" [_thread_blocked, id=6588, stack(0x000000007eb30000,0x000000007ec30000)]
  0x000000005f8c5000 JavaThread "Abandoned connection cleanup thread" daemon [_thread_blocked, id=5320, stack(0x0000000075ff0000,0x00000000760f0000)]
  0x000000005f8c7000 JavaThread "C3P0PooledConnectionPoolManager[identityToken->1hge0z79q12f6bt01tguyzl|47ed0aa5]-HelperThread-#2" daemon [_thread_blocked, id=6964, stack(0x0000000079500000,0x0000000079600000)]
  0x000000005f8c6800 JavaThread "C3P0PooledConnectionPoolManager[identityToken->1hge0z79q12f6bt01tguyzl|47ed0aa5]-HelperThread-#1" daemon [_thread_blocked, id=11840, stack(0x0000000077670000,0x0000000077770000)]
  0x000000005f8c8800 JavaThread "C3P0PooledConnectionPoolManager[identityToken->1hge0z79q12f6bt01tguyzl|47ed0aa5]-HelperThread-#0" daemon [_thread_blocked, id=10456, stack(0x0000000074620000,0x0000000074720000)]
  0x000000005f8c2800 JavaThread "C3P0PooledConnectionPoolManager[identityToken->1hge0z79q12f6bt01tguyzl|47ed0aa5]-AdminTaskTimer" daemon [_thread_blocked, id=232, stack(0x0000000041830000,0x0000000041930000)]
  0x0000000023257800 JavaThread "DefaultQuartzScheduler_QuartzSchedulerThread" [_thread_blocked, id=10352, stack(0x000000007cb90000,0x000000007cc90000)]
  0x0000000023256800 JavaThread "DefaultQuartzScheduler_Worker-10" [_thread_blocked, id=11984, stack(0x000000007c8d0000,0x000000007c9d0000)]
  0x0000000023256000 JavaThread "DefaultQuartzScheduler_Worker-9" [_thread_blocked, id=4888, stack(0x000000007ca10000,0x000000007cb10000)]
  0x0000000023255000 JavaThread "DefaultQuartzScheduler_Worker-8" [_thread_blocked, id=10264, stack(0x000000007b4d0000,0x000000007b5d0000)]
  0x0000000023254000 JavaThread "DefaultQuartzScheduler_Worker-7" [_thread_blocked, id=10724, stack(0x000000007c7d0000,0x000000007c8d0000)]
  0x00000000352cb800 JavaThread "DefaultQuartzScheduler_Worker-6" [_thread_blocked, id=1768, stack(0x000000007c3b0000,0x000000007c4b0000)]
  0x0000000030182000 JavaThread "DefaultQuartzScheduler_Worker-5" [_thread_blocked, id=8620, stack(0x000000007c260000,0x000000007c360000)]
  0x0000000046e85800 JavaThread "DefaultQuartzScheduler_Worker-4" [_thread_blocked, id=11216, stack(0x000000007c110000,0x000000007c210000)]
  0x0000000046e84800 JavaThread "DefaultQuartzScheduler_Worker-3" [_thread_blocked, id=8992, stack(0x000000007b5e0000,0x000000007b6e0000)]
  0x0000000046e83000 JavaThread "DefaultQuartzScheduler_Worker-2" [_thread_blocked, id=8596, stack(0x000000007b070000,0x000000007b170000)]
  0x0000000046e7d000 JavaThread "DefaultQuartzScheduler_Worker-1" [_thread_blocked, id=6260, stack(0x0000000078a40000,0x0000000078b40000)]
  0x0000000031fd6000 JavaThread "Abandoned connection cleanup thread" daemon [_thread_blocked, id=6840, stack(0x00000000511c0000,0x00000000512c0000)]
  0x0000000031fd4800 JavaThread "C3P0PooledConnectionPoolManager[identityToken->1hge0z79q12f5myd14ztgpy|3e5a3ec0]-HelperThread-#2" daemon [_thread_blocked, id=9960, stack(0x0000000055cb0000,0x0000000055db0000)]
  0x0000000031fd4000 JavaThread "C3P0PooledConnectionPoolManager[identityToken->1hge0z79q12f5myd14ztgpy|3e5a3ec0]-HelperThread-#1" daemon [_thread_blocked, id=12000, stack(0x000000006da20000,0x000000006db20000)]
  0x0000000031fd7000 JavaThread "C3P0PooledConnectionPoolManager[identityToken->1hge0z79q12f5myd14ztgpy|3e5a3ec0]-HelperThread-#0" daemon [_thread_blocked, id=6068, stack(0x0000000054ed0000,0x0000000054fd0000)]
  0x0000000031fd3000 JavaThread "C3P0PooledConnectionPoolManager[identityToken->1hge0z79q12f5myd14ztgpy|3e5a3ec0]-AdminTaskTimer" daemon [_thread_blocked, id=3464, stack(0x000000004c1d0000,0x000000004c2d0000)]
  0x00000000254d5000 JavaThread "DefaultQuartzScheduler_QuartzSchedulerThread" [_thread_blocked, id=6096, stack(0x0000000078fd0000,0x00000000790d0000)]
  0x000000002889a800 JavaThread "DefaultQuartzScheduler_Worker-10" [_thread_blocked, id=3200, stack(0x0000000077540000,0x0000000077640000)]
  0x000000002b548800 JavaThread "DefaultQuartzScheduler_Worker-9" [_thread_blocked, id=12104, stack(0x0000000078b80000,0x0000000078c80000)]
  0x000000002b547800 JavaThread "DefaultQuartzScheduler_Worker-8" [_thread_blocked, id=9896, stack(0x0000000078860000,0x0000000078960000)]
  0x000000001faee000 JavaThread "DefaultQuartzScheduler_Worker-7" [_thread_blocked, id=5828, stack(0x00000000784d0000,0x00000000785d0000)]
  0x000000001faef800 JavaThread "DefaultQuartzScheduler_Worker-6" [_thread_blocked, id=5348, stack(0x0000000073880000,0x0000000073980000)]
  0x0000000039aff800 JavaThread "DefaultQuartzScheduler_Worker-5" [_thread_blocked, id=7804, stack(0x000000003e600000,0x000000003e700000)]
  0x0000000039aff000 JavaThread "DefaultQuartzScheduler_Worker-4" [_thread_blocked, id=11888, stack(0x00000000555c0000,0x00000000556c0000)]
  0x0000000030189000 JavaThread "DefaultQuartzScheduler_Worker-3" [_thread_blocked, id=12092, stack(0x000000003e490000,0x000000003e590000)]
  0x0000000030181800 JavaThread "DefaultQuartzScheduler_Worker-2" [_thread_blocked, id=820, stack(0x000000003c8b0000,0x000000003c9b0000)]
  0x000000003017c000 JavaThread "DefaultQuartzScheduler_Worker-1" [_thread_blocked, id=7476, stack(0x0000000023cb0000,0x0000000023db0000)]
  0x0000000030188000 JavaThread "qtp102791190-350" [_thread_in_native, id=8548, stack(0x00000000554a0000,0x00000000555a0000)]
  0x0000000025caf800 JavaThread "qtp102791190-349" [_thread_in_native, id=11228, stack(0x000000003e2b0000,0x000000003e3b0000)]
  0x000000005f8c0800 JavaThread "Abandoned connection cleanup thread" daemon [_thread_blocked, id=5244, stack(0x0000000055280000,0x0000000055380000)]
  0x000000005f8bf800 JavaThread "C3P0PooledConnectionPoolManager[identityToken->1hge0z79q12cwww8bx7imk|cb3c29a]-HelperThread-#2" daemon [_thread_blocked, id=8868, stack(0x0000000050b40000,0x0000000050c40000)]
  0x000000005f8bf000 JavaThread "C3P0PooledConnectionPoolManager[identityToken->1hge0z79q12cwww8bx7imk|cb3c29a]-HelperThread-#1" daemon [_thread_blocked, id=8688, stack(0x000000004ce80000,0x000000004cf80000)]
  0x000000005f8be000 JavaThread "C3P0PooledConnectionPoolManager[identityToken->1hge0z79q12cwww8bx7imk|cb3c29a]-HelperThread-#0" daemon [_thread_blocked, id=8076, stack(0x0000000050100000,0x0000000050200000)]
  0x0000000026e72000 JavaThread "C3P0PooledConnectionPoolManager[identityToken->1hge0z79q12cwww8bx7imk|cb3c29a]-AdminTaskTimer" daemon [_thread_blocked, id=8840, stack(0x00000000414f0000,0x00000000415f0000)]
  0x000000005f8bd800 JavaThread "DefaultQuartzScheduler_QuartzSchedulerThread" [_thread_blocked, id=9920, stack(0x0000000074120000,0x0000000074220000)]
  0x000000005f8bc800 JavaThread "DefaultQuartzScheduler_Worker-10" [_thread_blocked, id=9720, stack(0x00000000754a0000,0x00000000755a0000)]
  0x000000005f8bc000 JavaThread "DefaultQuartzScheduler_Worker-9" [_thread_blocked, id=2520, stack(0x00000000750a0000,0x00000000751a0000)]
  0x000000005f8bb000 JavaThread "DefaultQuartzScheduler_Worker-8" [_thread_blocked, id=1696, stack(0x0000000074d40000,0x0000000074e40000)]
  0x000000005f8ba800 JavaThread "DefaultQuartzScheduler_Worker-7" [_thread_blocked, id=7576, stack(0x0000000074c10000,0x0000000074d10000)]
  0x000000005f8b9800 JavaThread "DefaultQuartzScheduler_Worker-6" [_thread_blocked, id=10188, stack(0x00000000749d0000,0x0000000074ad0000)]
  0x0000000034539800 JavaThread "DefaultQuartzScheduler_Worker-5" [_thread_blocked, id=10820, stack(0x00000000748a0000,0x00000000749a0000)]
  0x0000000039afe000 JavaThread "DefaultQuartzScheduler_Worker-4" [_thread_blocked, id=6572, stack(0x0000000073cf0000,0x0000000073df0000)]
  0x000000002889b000 JavaThread "DefaultQuartzScheduler_Worker-3" [_thread_blocked, id=6324, stack(0x0000000073ff0000,0x00000000740f0000)]
  0x0000000028899800 JavaThread "DefaultQuartzScheduler_Worker-2" [_thread_blocked, id=9260, stack(0x0000000053920000,0x0000000053a20000)]
  0x0000000028896800 JavaThread "DefaultQuartzScheduler_Worker-1" [_thread_blocked, id=8180, stack(0x0000000073be0000,0x0000000073ce0000)]
  0x0000000026e70800 JavaThread "Abandoned connection cleanup thread" daemon [_thread_blocked, id=9516, stack(0x0000000051950000,0x0000000051a50000)]
  0x0000000026e6f800 JavaThread "C3P0PooledConnectionPoolManager[identityToken->1hge0z79q12cwedn10s9h2q|775c35c]-HelperThread-#2" daemon [_thread_blocked, id=7460, stack(0x000000004d1a0000,0x000000004d2a0000)]
  0x000000002dbc0000 JavaThread "C3P0PooledConnectionPoolManager[identityToken->1hge0z79q12cwedn10s9h2q|775c35c]-HelperThread-#1" daemon [_thread_blocked, id=10728, stack(0x00000000439a0000,0x0000000043aa0000)]
  0x000000002dbba800 JavaThread "C3P0PooledConnectionPoolManager[identityToken->1hge0z79q12cwedn10s9h2q|775c35c]-HelperThread-#0" daemon [_thread_blocked, id=6116, stack(0x000000004e5e0000,0x000000004e6e0000)]
  0x000000002dbba000 JavaThread "C3P0PooledConnectionPoolManager[identityToken->1hge0z79q12cwedn10s9h2q|775c35c]-AdminTaskTimer" daemon [_thread_blocked, id=12136, stack(0x000000004eef0000,0x000000004eff0000)]
  0x0000000023945000 JavaThread "DefaultQuartzScheduler_QuartzSchedulerThread" [_thread_blocked, id=9964, stack(0x00000000557b0000,0x00000000558b0000)]
  0x0000000023944000 JavaThread "DefaultQuartzScheduler_Worker-10" [_thread_blocked, id=10420, stack(0x0000000055390000,0x0000000055490000)]
  0x0000000023943800 JavaThread "DefaultQuartzScheduler_Worker-9" [_thread_blocked, id=9324, stack(0x0000000053a20000,0x0000000053b20000)]
  0x0000000023942800 JavaThread "DefaultQuartzScheduler_Worker-8" [_thread_blocked, id=12124, stack(0x0000000055140000,0x0000000055240000)]
  0x0000000023942000 JavaThread "DefaultQuartzScheduler_Worker-7" [_thread_blocked, id=5308, stack(0x0000000054fd0000,0x00000000550d0000)]
  0x0000000023941000 JavaThread "DefaultQuartzScheduler_Worker-6" [_thread_blocked, id=11680, stack(0x0000000052540000,0x0000000052640000)]
  0x000000002b54a000 JavaThread "DefaultQuartzScheduler_Worker-5" [_thread_blocked, id=3988, stack(0x0000000054af0000,0x0000000054bf0000)]
  0x00000000352cf000 JavaThread "DefaultQuartzScheduler_Worker-4" [_thread_blocked, id=6900, stack(0x0000000050c90000,0x0000000050d90000)]
  0x000000002da55000 JavaThread "DefaultQuartzScheduler_Worker-3" [_thread_blocked, id=11200, stack(0x0000000026530000,0x0000000026630000)]
  0x0000000039afd800 JavaThread "DefaultQuartzScheduler_Worker-2" [_thread_blocked, id=6564, stack(0x0000000051300000,0x0000000051400000)]
  0x000000002dbbd800 JavaThread "DefaultQuartzScheduler_Worker-1" [_thread_blocked, id=6804, stack(0x0000000043200000,0x0000000043300000)]
  0x0000000025cb1000 JavaThread "Abandoned connection cleanup thread" daemon [_thread_blocked, id=6172, stack(0x000000004e130000,0x000000004e230000)]
  0x0000000025cb2000 JavaThread "C3P0PooledConnectionPoolManager[identityToken->1hge0z79q12ctjanzwj0mu|2d13ffe6]-HelperThread-#2" daemon [_thread_blocked, id=8008, stack(0x000000003f080000,0x000000003f180000)]
  0x0000000025cb4000 JavaThread "C3P0PooledConnectionPoolManager[identityToken->1hge0z79q12ctjanzwj0mu|2d13ffe6]-HelperThread-#1" daemon [_thread_blocked, id=6200, stack(0x00000000430d0000,0x00000000431d0000)]
  0x0000000025cb6800 JavaThread "C3P0PooledConnectionPoolManager[identityToken->1hge0z79q12ctjanzwj0mu|2d13ffe6]-HelperThread-#0" daemon [_thread_blocked, id=4176, stack(0x000000003cc00000,0x000000003cd00000)]
  0x0000000025cb0800 JavaThread "C3P0PooledConnectionPoolManager[identityToken->1hge0z79q12ctjanzwj0mu|2d13ffe6]-AdminTaskTimer" daemon [_thread_blocked, id=6608, stack(0x0000000042520000,0x0000000042620000)]
  0x000000001faf4000 JavaThread "DefaultQuartzScheduler_QuartzSchedulerThread" [_thread_blocked, id=4704, stack(0x0000000050a40000,0x0000000050b40000)]
  0x000000002da5c000 JavaThread "DefaultQuartzScheduler_Worker-10" [_thread_blocked, id=6412, stack(0x0000000050940000,0x0000000050a40000)]
  0x0000000034966000 JavaThread "DefaultQuartzScheduler_Worker-9" [_thread_blocked, id=11720, stack(0x0000000050820000,0x0000000050920000)]
  0x00000000391aa000 JavaThread "DefaultQuartzScheduler_Worker-8" [_thread_blocked, id=11124, stack(0x00000000506b0000,0x00000000507b0000)]
  0x00000000352cc000 JavaThread "DefaultQuartzScheduler_Worker-7" [_thread_blocked, id=9372, stack(0x000000004f760000,0x000000004f860000)]
  0x00000000352cd000 JavaThread "DefaultQuartzScheduler_Worker-6" [_thread_blocked, id=5836, stack(0x0000000027730000,0x0000000027830000)]
  0x000000002b544800 JavaThread "DefaultQuartzScheduler_Worker-5" [_thread_blocked, id=7088, stack(0x000000004e710000,0x000000004e810000)]
  0x000000002b54a800 JavaThread "DefaultQuartzScheduler_Worker-4" [_thread_blocked, id=3832, stack(0x000000004d2b0000,0x000000004d3b0000)]
  0x000000002b549000 JavaThread "DefaultQuartzScheduler_Worker-3" [_thread_blocked, id=12116, stack(0x0000000043330000,0x0000000043430000)]
  0x0000000037a0d000 JavaThread "DefaultQuartzScheduler_Worker-2" [_thread_blocked, id=11596, stack(0x000000001e390000,0x000000001e490000)]
  0x0000000037a08000 JavaThread "DefaultQuartzScheduler_Worker-1" [_thread_blocked, id=10552, stack(0x0000000041d80000,0x0000000041e80000)]
  0x0000000037a0b800 JavaThread "qtp102791190-140" [_thread_blocked, id=9436, stack(0x000000004e270000,0x000000004e370000)]
  0x0000000034965800 JavaThread "Abandoned connection cleanup thread" daemon [_thread_blocked, id=8432, stack(0x000000003f180000,0x000000003f280000)]
  0x0000000034964800 JavaThread "C3P0PooledConnectionPoolManager[identityToken->1hge0z79q12c94evn1o4o1|2453c0ea]-HelperThread-#2" daemon [_thread_blocked, id=11012, stack(0x000000004c2d0000,0x000000004c3d0000)]
  0x0000000034964000 JavaThread "C3P0PooledConnectionPoolManager[identityToken->1hge0z79q12c94evn1o4o1|2453c0ea]-HelperThread-#1" daemon [_thread_blocked, id=6884, stack(0x0000000041710000,0x0000000041810000)]
  0x00000000254d8000 JavaThread "C3P0PooledConnectionPoolManager[identityToken->1hge0z79q12c94evn1o4o1|2453c0ea]-HelperThread-#0" daemon [_thread_blocked, id=6436, stack(0x0000000040490000,0x0000000040590000)]
  0x0000000034963000 JavaThread "DefaultQuartzScheduler_QuartzSchedulerThread" [_thread_blocked, id=10980, stack(0x0000000043c50000,0x0000000043d50000)]
  0x0000000034962800 JavaThread "DefaultQuartzScheduler_Worker-10" [_thread_blocked, id=3840, stack(0x0000000043aa0000,0x0000000043ba0000)]
  0x0000000034961800 JavaThread "DefaultQuartzScheduler_Worker-9" [_thread_blocked, id=7996, stack(0x0000000027600000,0x0000000027700000)]
  0x0000000034961000 JavaThread "DefaultQuartzScheduler_Worker-8" [_thread_blocked, id=10876, stack(0x0000000043870000,0x0000000043970000)]
  0x0000000034960000 JavaThread "DefaultQuartzScheduler_Worker-7" [_thread_blocked, id=11684, stack(0x0000000041f20000,0x0000000042020000)]
  0x000000003495f800 JavaThread "DefaultQuartzScheduler_Worker-6" [_thread_blocked, id=9468, stack(0x00000000436e0000,0x00000000437e0000)]
  0x000000002445a800 JavaThread "DefaultQuartzScheduler_Worker-5" [_thread_blocked, id=8060, stack(0x00000000413c0000,0x00000000414c0000)]
  0x000000002b546000 JavaThread "DefaultQuartzScheduler_Worker-4" [_thread_blocked, id=11100, stack(0x00000000415f0000,0x00000000416f0000)]
  0x000000002b544000 JavaThread "DefaultQuartzScheduler_Worker-3" [_thread_blocked, id=5232, stack(0x0000000027980000,0x0000000027a80000)]
  0x000000001faee800 JavaThread "DefaultQuartzScheduler_Worker-2" [_thread_blocked, id=10756, stack(0x0000000021970000,0x0000000021a70000)]
  0x00000000254d6800 JavaThread "DefaultQuartzScheduler_Worker-1" [_thread_blocked, id=5816, stack(0x0000000026430000,0x0000000026530000)]
  0x000000002445a000 JavaThread "C3P0PooledConnectionPoolManager[identityToken->1hge0z79q12bqerbxegxw4|30842598]-HelperThread-#2" daemon [_thread_blocked, id=10088, stack(0x000000003ce30000,0x000000003cf30000)]
  0x0000000024459000 JavaThread "C3P0PooledConnectionPoolManager[identityToken->1hge0z79q12bqerbxegxw4|30842598]-HelperThread-#1" daemon [_thread_blocked, id=7032, stack(0x000000003cd00000,0x000000003ce00000)]
  0x000000001faf4800 JavaThread "C3P0PooledConnectionPoolManager[identityToken->1hge0z79q12bqerbxegxw4|30842598]-HelperThread-#0" daemon [_thread_blocked, id=11652, stack(0x0000000027870000,0x0000000027970000)]
  0x000000001faf3000 JavaThread "Abandoned connection cleanup thread" daemon [_thread_blocked, id=6888, stack(0x000000003cf30000,0x000000003d030000)]
  0x000000001faf0000 JavaThread "Scheduler-860802860" [_thread_blocked, id=7296, stack(0x000000002bbe0000,0x000000002bce0000)]
  0x000000001f3f0800 JavaThread "qtp102791190-15-acceptor-0@16a100aa-ServerConnector@76afe725{HTTP/1.1,[http/1.1]}{0.0.0.0:9090}" [_thread_in_native, id=7560, stack(0x000000001d1e0000,0x000000001d2e0000)]
  0x000000001d49b000 JavaThread "Service Thread" daemon [_thread_blocked, id=12020, stack(0x000000001e520000,0x000000001e620000)]
  0x000000001d43a000 JavaThread "C1 CompilerThread2" daemon [_thread_blocked, id=5672, stack(0x000000001dbd0000,0x000000001dcd0000)]
  0x000000001d433000 JavaThread "C2 CompilerThread1" daemon [_thread_blocked, id=11696, stack(0x000000001df50000,0x000000001e050000)]
  0x000000001d41c000 JavaThread "C2 CompilerThread0" daemon [_thread_blocked, id=11428, stack(0x000000001e250000,0x000000001e350000)]
  0x000000001d40d000 JavaThread "JDWP Event Helper Thread" daemon [_thread_blocked, id=9788, stack(0x000000001e0a0000,0x000000001e1a0000)]
  0x000000001d3fe000 JavaThread "JDWP Transport Listener: dt_socket" daemon [_thread_in_native, id=11532, stack(0x000000001de20000,0x000000001df20000)]
  0x000000001d3ea800 JavaThread "Attach Listener" daemon [_thread_blocked, id=10700, stack(0x000000001daa0000,0x000000001dba0000)]
  0x000000001be7f000 JavaThread "Signal Dispatcher" daemon [_thread_blocked, id=6336, stack(0x000000001d8c0000,0x000000001d9c0000)]
  0x000000001be5b800 JavaThread "Finalizer" daemon [_thread_blocked, id=8844, stack(0x000000001d2e0000,0x000000001d3e0000)]
  0x000000001be14800 JavaThread "Reference Handler" daemon [_thread_blocked, id=4040, stack(0x000000001d0e0000,0x000000001d1e0000)]
  0x00000000023f8000 JavaThread "main" [_thread_blocked, id=7324, stack(0x00000000025d0000,0x00000000026d0000)]

Other Threads:
  0x000000001be0c800 VMThread [stack: 0x000000001cee0000,0x000000001cfe0000] [id=8744]
  0x000000001d4b6800 WatcherThread [stack: 0x000000001e690000,0x000000001e790000] [id=7888]

VM state:synchronizing (normal execution)

VM Mutex/Monitor currently owned by a thread:  ([mutex/lock_event])
[0x00000000023bdf30] Threads_lock - owner thread: 0x000000001be0c800

Heap:
 PSYoungGen      total 1170432K, used 571618K [0x000000076b580000, 0x00000007c0000000, 0x00000007c0000000)
  eden space 960512K, 59% used [0x000000076b580000,0x000000078e3b8918,0x00000007a5f80000)
  from space 209920K, 0% used [0x00000007b2d80000,0x00000007b2d80000,0x00000007bfa80000)
  to   space 210944K, 0% used [0x00000007a5f80000,0x00000007a5f80000,0x00000007b2d80000)
 ParOldGen       total 900608K, used 482269K [0x00000006c2000000, 0x00000006f8f80000, 0x000000076b580000)
  object space 900608K, 53% used [0x00000006c2000000,0x00000006df6f7758,0x00000006f8f80000)
 Metaspace       used 671447K, capacity 678540K, committed 680152K, reserved 1646592K
  class space    used 81581K, capacity 82894K, committed 82944K, reserved 1048576K

Card table byte_map: [0x0000000011a90000,0x0000000012290000] byte_map_base: 0x000000000e480000

Marking Bits: (ParMarkBitMap*) 0x000000005485a6c0
 Begin Bits: [0x0000000012d90000, 0x0000000016d10000)
 End Bits:   [0x0000000016d10000, 0x000000001ac90000)

Polling page: 0x0000000000420000

CodeCache: size=245760Kb used=217342Kb max_used=218867Kb free=28417Kb
 bounds [0x00000000026d0000, 0x000000000fdd0000, 0x00000000116d0000]
 total_blobs=58049 nmethods=57358 adapters=608
 compilation: enabled

Compilation events (10 events):
Event: 6152.359 Thread 0x000000001d41c000 nmethod 70124 0x000000000f681ad0 code [0x000000000f681c40, 0x000000000f682868]
Event: 6152.375 Thread 0x000000001d41c000 70125       4       com.sun.org.apache.xerces.internal.util.AugmentationsImpl::removeAllItems (8 bytes)
Event: 6152.377 Thread 0x000000001d41c000 nmethod 70125 0x000000000f681550 code [0x000000000f6816a0, 0x000000000f681898]
Event: 6152.384 Thread 0x000000001d433000 nmethod 70116 0x000000000f9f6bd0 code [0x000000000f9f70c0, 0x000000000f9fb158]
Event: 6152.483 Thread 0x000000001d43a000 70126       1       java.lang.ThreadLocal$ThreadLocalMap::setThreshold (10 bytes)
Event: 6152.484 Thread 0x000000001d43a000 nmethod 70126 0x000000000fcc78d0 code [0x000000000fcc7a20, 0x000000000fcc7b50]
Event: 6152.864 Thread 0x000000001d41c000 70127       4       java.util.jar.JarInputStream::read (48 bytes)
Event: 6152.869 Thread 0x000000001d41c000 nmethod 70127 0x000000000f640410 code [0x000000000f6405c0, 0x000000000f640dc0]
Event: 6153.052 Thread 0x000000001d433000 70128       4       java.util.concurrent.Semaphore$NonfairSync::tryAcquireShared (6 bytes)
Event: 6153.054 Thread 0x000000001d433000 nmethod 70128 0x000000000f64ab90 code [0x000000000f64acc0, 0x000000000f64ad78]

GC Heap History (10 events):
Event: 6049.382 GC heap before
{Heap before GC invocations=68 (full 7):
 PSYoungGen      total 1164800K, used 978991K [0x000000076b580000, 0x00000007bff80000, 0x00000007c0000000)
  eden space 943104K, 100% used [0x000000076b580000,0x00000007a4e80000,0x00000007a4e80000)
  from space 221696K, 16% used [0x00000007b2700000,0x00000007b4a0bfb0,0x00000007bff80000)
  to   space 221696K, 0% used [0x00000007a4e80000,0x00000007a4e80000,0x00000007b2700000)
 ParOldGen       total 667648K, used 476095K [0x00000006c2000000, 0x00000006eac00000, 0x000000076b580000)
  object space 667648K, 71% used [0x00000006c2000000,0x00000006df0efe40,0x00000006eac00000)
 Metaspace       used 628544K, capacity 635152K, committed 636632K, reserved 1607680K
  class space    used 76230K, capacity 77455K, committed 77568K, reserved 1048576K
Event: 6049.481 GC heap after
Heap after GC invocations=68 (full 7):
 PSYoungGen      total 1051648K, used 108199K [0x000000076b580000, 0x00000007bf000000, 0x00000007c0000000)
  eden space 943104K, 0% used [0x000000076b580000,0x000000076b580000,0x00000007a4e80000)
  from space 108544K, 99% used [0x00000007a4e80000,0x00000007ab829ec0,0x00000007ab880000)
  to   space 213504K, 0% used [0x00000007b1f80000,0x00000007b1f80000,0x00000007bf000000)
 ParOldGen       total 667648K, used 497907K [0x00000006c2000000, 0x00000006eac00000, 0x000000076b580000)
  object space 667648K, 74% used [0x00000006c2000000,0x00000006e063cd50,0x00000006eac00000)
 Metaspace       used 628544K, capacity 635152K, committed 636632K, reserved 1607680K
  class space    used 76230K, capacity 77455K, committed 77568K, reserved 1048576K
}
Event: 6055.586 GC heap before
{Heap before GC invocations=69 (full 7):
 PSYoungGen      total 1051648K, used 1051303K [0x000000076b580000, 0x00000007bf000000, 0x00000007c0000000)
  eden space 943104K, 100% used [0x000000076b580000,0x00000007a4e80000,0x00000007a4e80000)
  from space 108544K, 99% used [0x00000007a4e80000,0x00000007ab829ec0,0x00000007ab880000)
  to   space 213504K, 0% used [0x00000007b1f80000,0x00000007b1f80000,0x00000007bf000000)
 ParOldGen       total 667648K, used 497911K [0x00000006c2000000, 0x00000006eac00000, 0x000000076b580000)
  object space 667648K, 74% used [0x00000006c2000000,0x00000006e063df98,0x00000006eac00000)
 Metaspace       used 652466K, capacity 659322K, committed 660952K, reserved 1630208K
  class space    used 79339K, capacity 80593K, committed 80640K, reserved 1048576K
Event: 6055.692 GC heap after
Heap after GC invocations=69 (full 7):
 PSYoungGen      total 1158656K, used 125959K [0x000000076b580000, 0x00000007c0000000, 0x00000007c0000000)
  eden space 945152K, 0% used [0x000000076b580000,0x000000076b580000,0x00000007a5080000)
  from space 213504K, 58% used [0x00000007b1f80000,0x00000007b9a81c08,0x00000007bf000000)
  to   space 211968K, 0% used [0x00000007a5080000,0x00000007a5080000,0x00000007b1f80000)
 ParOldGen       total 667648K, used 497911K [0x00000006c2000000, 0x00000006eac00000, 0x000000076b580000)
  object space 667648K, 74% used [0x00000006c2000000,0x00000006e063df98,0x00000006eac00000)
 Metaspace       used 652466K, capacity 659322K, committed 660952K, reserved 1630208K
  class space    used 79339K, capacity 80593K, committed 80640K, reserved 1048576K
}
Event: 6063.774 GC heap before
{Heap before GC invocations=70 (full 7):
 PSYoungGen      total 1158656K, used 1071111K [0x000000076b580000, 0x00000007c0000000, 0x00000007c0000000)
  eden space 945152K, 100% used [0x000000076b580000,0x00000007a5080000,0x00000007a5080000)
  from space 213504K, 58% used [0x00000007b1f80000,0x00000007b9a81c08,0x00000007bf000000)
  to   space 211968K, 0% used [0x00000007a5080000,0x00000007a5080000,0x00000007b1f80000)
 ParOldGen       total 667648K, used 497911K [0x00000006c2000000, 0x00000006eac00000, 0x000000076b580000)
  object space 667648K, 74% used [0x00000006c2000000,0x00000006e063df98,0x00000006eac00000)
 Metaspace       used 665167K, capacity 672148K, committed 673752K, reserved 1640448K
  class space    used 80803K, capacity 82076K, committed 82176K, reserved 1048576K
Event: 6063.849 GC heap after
Heap after GC invocations=70 (full 7):
 PSYoungGen      total 1157120K, used 48325K [0x000000076b580000, 0x00000007bfa80000, 0x00000007c0000000)
  eden space 945152K, 0% used [0x000000076b580000,0x000000076b580000,0x00000007a5080000)
  from space 211968K, 22% used [0x00000007a5080000,0x00000007a7fb16b8,0x00000007b1f80000)
  to   space 209920K, 0% used [0x00000007b2d80000,0x00000007b2d80000,0x00000007bfa80000)
 ParOldGen       total 667648K, used 506856K [0x00000006c2000000, 0x00000006eac00000, 0x000000076b580000)
  object space 667648K, 75% used [0x00000006c2000000,0x00000006e0efa018,0x00000006eac00000)
 Metaspace       used 665167K, capacity 672148K, committed 673752K, reserved 1640448K
  class space    used 80803K, capacity 82076K, committed 82176K, reserved 1048576K
}
Event: 6082.962 GC heap before
{Heap before GC invocations=71 (full 7):
 PSYoungGen      total 1157120K, used 462279K [0x000000076b580000, 0x00000007bfa80000, 0x00000007c0000000)
  eden space 945152K, 43% used [0x000000076b580000,0x00000007849c0560,0x00000007a5080000)
  from space 211968K, 22% used [0x00000007a5080000,0x00000007a7fb16b8,0x00000007b1f80000)
  to   space 209920K, 0% used [0x00000007b2d80000,0x00000007b2d80000,0x00000007bfa80000)
 ParOldGen       total 667648K, used 506856K [0x00000006c2000000, 0x00000006eac00000, 0x000000076b580000)
  object space 667648K, 75% used [0x00000006c2000000,0x00000006e0efa018,0x00000006eac00000)
 Metaspace       used 669075K, capacity 676144K, committed 677696K, reserved 1644544K
  class space    used 81294K, capacity 82590K, committed 82688K, reserved 1048576K
Event: 6082.999 GC heap after
Heap after GC invocations=71 (full 7):
 PSYoungGen      total 1170432K, used 24117K [0x000000076b580000, 0x00000007c0000000, 0x00000007c0000000)
  eden space 960512K, 0% used [0x000000076b580000,0x000000076b580000,0x00000007a5f80000)
  from space 209920K, 11% used [0x00000007b2d80000,0x00000007b450d7c0,0x00000007bfa80000)
  to   space 210944K, 0% used [0x00000007a5f80000,0x00000007a5f80000,0x00000007b2d80000)
 ParOldGen       total 667648K, used 524905K [0x00000006c2000000, 0x00000006eac00000, 0x000000076b580000)
  object space 667648K, 78% used [0x00000006c2000000,0x00000006e209a4f8,0x00000006eac00000)
 Metaspace       used 669075K, capacity 676144K, committed 677696K, reserved 1644544K
  class space    used 81294K, capacity 82590K, committed 82688K, reserved 1048576K
}
Event: 6082.999 GC heap before
{Heap before GC invocations=72 (full 8):
 PSYoungGen      total 1170432K, used 24117K [0x000000076b580000, 0x00000007c0000000, 0x00000007c0000000)
  eden space 960512K, 0% used [0x000000076b580000,0x000000076b580000,0x00000007a5f80000)
  from space 209920K, 11% used [0x00000007b2d80000,0x00000007b450d7c0,0x00000007bfa80000)
  to   space 210944K, 0% used [0x00000007a5f80000,0x00000007a5f80000,0x00000007b2d80000)
 ParOldGen       total 667648K, used 524905K [0x00000006c2000000, 0x00000006eac00000, 0x000000076b580000)
  object space 667648K, 78% used [0x00000006c2000000,0x00000006e209a4f8,0x00000006eac00000)
 Metaspace       used 669075K, capacity 676144K, committed 677696K, reserved 1644544K
  class space    used 81294K, capacity 82590K, committed 82688K, reserved 1048576K
Event: 6084.094 GC heap after
Heap after GC invocations=72 (full 8):
 PSYoungGen      total 1170432K, used 0K [0x000000076b580000, 0x00000007c0000000, 0x00000007c0000000)
  eden space 960512K, 0% used [0x000000076b580000,0x000000076b580000,0x00000007a5f80000)
  from space 209920K, 0% used [0x00000007b2d80000,0x00000007b2d80000,0x00000007bfa80000)
  to   space 210944K, 0% used [0x00000007a5f80000,0x00000007a5f80000,0x00000007b2d80000)
 ParOldGen       total 900608K, used 482269K [0x00000006c2000000, 0x00000006f8f80000, 0x000000076b580000)
  object space 900608K, 53% used [0x00000006c2000000,0x00000006df6f7758,0x00000006f8f80000)
 Metaspace       used 669015K, capacity 676000K, committed 677696K, reserved 1644544K
  class space    used 81281K, capacity 82566K, committed 82688K, reserved 1048576K
}

Deoptimization events (10 events):
Event: 6093.130 Thread 0x0000000046e7b000 Uncommon trap: reason=unstable_if action=reinterpret pc=0x0000000005dfd448 method=java.lang.ref.SoftReference.get()Ljava/lang/Object; @ 6
Event: 6093.130 Thread 0x0000000046e7b000 Uncommon trap: reason=unstable_if action=reinterpret pc=0x000000000552fa68 method=java.lang.ref.SoftReference.get()Ljava/lang/Object; @ 6
Event: 6093.131 Thread 0x0000000046e7b000 Uncommon trap: reason=unstable_if action=reinterpret pc=0x000000000417ba84 method=java.lang.ref.SoftReference.get()Ljava/lang/Object; @ 6
Event: 6093.146 Thread 0x000000003b0ba000 Uncommon trap: reason=class_check action=maybe_recompile pc=0x000000000fcbbc70 method=org.springframework.web.util.UrlPathHelper.determineEncoding(Ljavax/servlet/http/HttpServletRequest;)Ljava/lang/String; @ 1
Event: 6093.146 Thread 0x000000003b0ba000 Uncommon trap: reason=class_check action=maybe_recompile pc=0x000000000fcbbc70 method=org.springframework.web.util.UrlPathHelper.determineEncoding(Ljavax/servlet/http/HttpServletRequest;)Ljava/lang/String; @ 1
Event: 6093.146 Thread 0x000000003b0ba000 Uncommon trap: reason=class_check action=maybe_recompile pc=0x000000000fcbbc70 method=org.springframework.web.util.UrlPathHelper.determineEncoding(Ljavax/servlet/http/HttpServletRequest;)Ljava/lang/String; @ 1
Event: 6093.146 Thread 0x000000003b0ba000 Uncommon trap: reason=class_check action=maybe_recompile pc=0x000000000fcbbc70 method=org.springframework.web.util.UrlPathHelper.determineEncoding(Ljavax/servlet/http/HttpServletRequest;)Ljava/lang/String; @ 1
Event: 6093.148 Thread 0x000000003b0ba000 Uncommon trap: reason=unstable_if action=reinterpret pc=0x000000000fc14190 method=org.springframework.core.annotation.AnnotationUtils.findAnnotation(Ljava/lang/reflect/AnnotatedElement;Ljava/lang/Class;Ljava/util/Set;)Ljava/lang/annotation/Annotation; @ 11I+@
Event: 6093.170 Thread 0x000000003b0ba000 Uncommon trap: reason=unstable_if action=reinterpret pc=0x000000000462651c method=java.lang.ref.SoftReference.get()Ljava/lang/Object; @ 6
Event: 6093.174 Thread 0x000000003b0ba000 Uncommon trap: reason=unstable_if action=reinterpret pc=0x00000000098c1b94 method=org.eclipse.jetty.server.Iso88591HttpWriter.write([CII)V @ 148

Internal exceptions (10 events):
Event: 6152.754 Thread 0x0000000037a0b800 Exception <a 'sun/nio/fs/WindowsException'> (0x000000077b69b950) thrown at [C:\re\workspace\8-2-build-windows-amd64-cygwin\jdk8u102\7268\hotspot\src\share\vm\prims\jni.cpp, line 709]
Event: 6152.755 Thread 0x0000000037a0b800 Exception <a 'sun/nio/fs/WindowsException'> (0x000000077b6a0948) thrown at [C:\re\workspace\8-2-build-windows-amd64-cygwin\jdk8u102\7268\hotspot\src\share\vm\prims\jni.cpp, line 709]
Event: 6152.756 Thread 0x0000000037a0b800 Exception <a 'sun/nio/fs/WindowsException'> (0x000000077b6ba9f0) thrown at [C:\re\workspace\8-2-build-windows-amd64-cygwin\jdk8u102\7268\hotspot\src\share\vm\prims\jni.cpp, line 709]
Event: 6152.762 Thread 0x0000000037a0b800 Exception <a 'sun/nio/fs/WindowsException'> (0x000000077bbfdc18) thrown at [C:\re\workspace\8-2-build-windows-amd64-cygwin\jdk8u102\7268\hotspot\src\share\vm\prims\jni.cpp, line 709]
Event: 6152.763 Thread 0x0000000037a0b800 Exception <a 'sun/nio/fs/WindowsException'> (0x000000077bc13af0) thrown at [C:\re\workspace\8-2-build-windows-amd64-cygwin\jdk8u102\7268\hotspot\src\share\vm\prims\jni.cpp, line 709]
Event: 6153.137 Thread 0x000000003b0ba000 Exception <a 'java/lang/OutOfMemoryError'> (0x000000078e0b62c8) thrown at [C:\re\workspace\8-2-build-windows-amd64-cygwin\jdk8u102\7268\hotspot\src\share\vm\prims\jni.cpp, line 735]
Event: 6153.137 Thread 0x000000002445f000 Exception <a 'java/lang/OutOfMemoryError'> (0x000000078e030020) thrown at [C:\re\workspace\8-2-build-windows-amd64-cygwin\jdk8u102\7268\hotspot\src\share\vm\prims\jni.cpp, line 735]
Event: 6153.137 Thread 0x0000000046e7b000 Exception <a 'java/lang/OutOfMemoryError'> (0x000000078dec36f8) thrown at [C:\re\workspace\8-2-build-windows-amd64-cygwin\jdk8u102\7268\hotspot\src\share\vm\prims\jni.cpp, line 735]
Event: 6153.138 Thread 0x0000000046e7b000 Exception <a 'java/lang/OutOfMemoryError': unable to create new native thread> (0x000000078deca2e8) thrown at [C:\re\workspace\8-2-build-windows-amd64-cygwin\jdk8u102\7268\hotspot\src\share\vm\prims\jvm.cpp, line 3020]
Event: 6153.138 Thread 0x000000003018a800 Exception <a 'java/lang/OutOfMemoryError'> (0x000000078e1262e0) thrown at [C:\re\workspace\8-2-build-windows-amd64-cygwin\jdk8u102\7268\hotspot\src\share\vm\prims\jni.cpp, line 735]

Events (10 events):
Event: 6153.138 Thread 0x000000003018a800 DEOPT PACKING pc=0x000000000729f404 sp=0x0000000075fdf250
Event: 6153.138 Thread 0x000000003018a800 DEOPT UNPACKING pc=0x000000000271787f sp=0x0000000075fdf048 mode 1
Event: 6153.138 Thread 0x000000003018a800 DEOPT PACKING pc=0x00000000095ea0e4 sp=0x0000000075fdf3a0
Event: 6153.138 Thread 0x000000003018a800 DEOPT UNPACKING pc=0x000000000271787f sp=0x0000000075fdf188 mode 1
Event: 6153.138 Thread 0x000000003018a800 DEOPT PACKING pc=0x00000000042a49b4 sp=0x0000000075fdf4e0
Event: 6153.138 Thread 0x000000003018a800 DEOPT UNPACKING pc=0x000000000271787f sp=0x0000000075fdf208 mode 1
Event: 6153.138 Thread 0x000000003018a800 DEOPT PACKING pc=0x00000000040c7344 sp=0x0000000075fdf520
Event: 6153.138 Thread 0x000000003018a800 DEOPT UNPACKING pc=0x000000000271787f sp=0x0000000075fdf2d8 mode 1
Event: 6153.138 Thread 0x000000003018a800 DEOPT PACKING pc=0x000000000676f394 sp=0x0000000075fdf600
Event: 6153.138 Thread 0x000000003018a800 DEOPT UNPACKING pc=0x000000000271787f sp=0x0000000075fdf340 mode 1


Dynamic libraries:
0x000000013fea0000 - 0x000000013fed7000 	D:\Program Files\Java\jdk1.8.0_102\bin\javaw.exe
0x0000000077180000 - 0x0000000077329000 	C:\Windows\SYSTEM32\ntdll.dll
0x0000000077060000 - 0x000000007717f000 	C:\Windows\system32\kernel32.dll
0x000007fefd3f0000 - 0x000007fefd45b000 	C:\Windows\system32\KERNELBASE.dll
0x000007fefde30000 - 0x000007fefdf0b000 	C:\Windows\system32\ADVAPI32.dll
0x000007fefe210000 - 0x000007fefe2af000 	C:\Windows\system32\msvcrt.dll
0x000007fefe1f0000 - 0x000007fefe20f000 	C:\Windows\SYSTEM32\sechost.dll
0x000007feff280000 - 0x000007feff3ad000 	C:\Windows\system32\RPCRT4.dll
0x0000000076f60000 - 0x000000007705a000 	C:\Windows\system32\USER32.dll
0x000007fefdd20000 - 0x000007fefdd87000 	C:\Windows\system32\GDI32.dll
0x000007fefdb90000 - 0x000007fefdb9e000 	C:\Windows\system32\LPK.dll
0x000007fefdac0000 - 0x000007fefdb89000 	C:\Windows\system32\USP10.dll
0x000007fefbb70000 - 0x000007fefbd64000 	C:\Windows\WinSxS\amd64_microsoft.windows.common-controls_6595b64144ccf1df_6.0.7601.17514_none_fa396087175ac9ac\COMCTL32.dll
0x000007fefe2b0000 - 0x000007fefe321000 	C:\Windows\system32\SHLWAPI.dll
0x000007fefd4a0000 - 0x000007fefd4ce000 	C:\Windows\system32\IMM32.DLL
0x000007fefe330000 - 0x000007fefe439000 	C:\Windows\system32\MSCTF.dll
0x000000006dc10000 - 0x000000006dce1000 	D:\Program Files\Java\jdk1.8.0_102\jre\bin\msvcr100.dll
0x0000000054040000 - 0x00000000548da000 	D:\Program Files\Java\jdk1.8.0_102\jre\bin\server\jvm.dll
0x000007feec6d0000 - 0x000007feec6d9000 	C:\Windows\system32\WSOCK32.dll
0x000007fefd890000 - 0x000007fefd8dd000 	C:\Windows\system32\WS2_32.dll
0x000007fefe440000 - 0x000007fefe448000 	C:\Windows\system32\NSI.dll
0x000007fefb070000 - 0x000007fefb0ab000 	C:\Windows\system32\WINMM.dll
0x000007fefc230000 - 0x000007fefc23c000 	C:\Windows\system32\VERSION.dll
0x0000000077340000 - 0x0000000077347000 	C:\Windows\system32\PSAPI.DLL
0x00000000747d0000 - 0x00000000747df000 	D:\Program Files\Java\jdk1.8.0_102\jre\bin\verify.dll
0x00000000747a0000 - 0x00000000747c9000 	D:\Program Files\Java\jdk1.8.0_102\jre\bin\java.dll
0x0000000055e70000 - 0x0000000055ea5000 	D:\Program Files\Java\jdk1.8.0_102\jre\bin\jdwp.dll
0x0000000074730000 - 0x0000000074738000 	D:\Program Files\Java\jdk1.8.0_102\jre\bin\npt.dll
0x0000000073f40000 - 0x0000000073f56000 	D:\Program Files\Java\jdk1.8.0_102\jre\bin\zip.dll
0x000007fefe450000 - 0x000007feff1d8000 	C:\Windows\system32\SHELL32.dll
0x000007fefd620000 - 0x000007fefd823000 	C:\Windows\system32\ole32.dll
0x000007fefd0d0000 - 0x000007fefd0df000 	C:\Windows\system32\profapi.dll
0x0000000073f10000 - 0x0000000073f19000 	D:\Program Files\Java\jdk1.8.0_102\jre\bin\dt_socket.dll
0x000007fefc900000 - 0x000007fefc955000 	C:\Windows\system32\mswsock.dll
0x000007fefc300000 - 0x000007fefc307000 	C:\Windows\System32\wshtcpip.dll
0x0000000073b80000 - 0x0000000073b9a000 	D:\Program Files\Java\jdk1.8.0_102\jre\bin\net.dll
0x000007fefc8f0000 - 0x000007fefc8f7000 	C:\Windows\System32\wship6.dll
0x000000006dbf0000 - 0x000000006dc01000 	D:\Program Files\Java\jdk1.8.0_102\jre\bin\nio.dll
0x000000006b440000 - 0x000000006b44d000 	D:\Program Files\Java\jdk1.8.0_102\jre\bin\management.dll
0x000000006dbc0000 - 0x000000006dbe4000 	D:\Program Files\Java\jdk1.8.0_102\jre\bin\sunec.dll
0x000007fefab40000 - 0x000007fefab67000 	C:\Windows\system32\IPHLPAPI.DLL
0x000007fefaad0000 - 0x000007fefaadb000 	C:\Windows\system32\WINNSI.DLL
0x000007fefa810000 - 0x000007fefa821000 	C:\Windows\system32\dhcpcsvc6.DLL
0x000007fefa8b0000 - 0x000007fefa8c8000 	C:\Windows\system32\dhcpcsvc.DLL
0x000007fefc960000 - 0x000007fefc977000 	C:\Windows\system32\CRYPTSP.dll
0x000007fefc660000 - 0x000007fefc6a7000 	C:\Windows\system32\rsaenh.dll
0x000007fefc410000 - 0x000007fefc42e000 	C:\Windows\system32\USERENV.dll
0x000007fefcfc0000 - 0x000007fefcfcf000 	C:\Windows\system32\CRYPTBASE.dll
0x000007fefb140000 - 0x000007fefb155000 	C:\Windows\system32\NLAapi.dll
0x000007fef0170000 - 0x000007fef0185000 	C:\Windows\system32\napinsp.dll
0x000007fef0150000 - 0x000007fef0169000 	C:\Windows\system32\pnrpnsp.dll
0x000007fefc780000 - 0x000007fefc7db000 	C:\Windows\system32\DNSAPI.dll
0x000007fef0390000 - 0x000007fef039b000 	C:\Windows\System32\winrnr.dll
0x000007fef8a50000 - 0x000007fef8a58000 	C:\Windows\system32\rasadhlp.dll
0x000007fefa990000 - 0x000007fefa9e3000 	C:\Windows\System32\fwpuclnt.dll

VM Arguments:
jvm_args: -Dmaven.home=D:\Program Files\Maven\apache-maven-3.3.9 -Dclassworlds.conf=D:\Workspace3\.metadata\.plugins\org.eclipse.m2e.launching\launches\m2conf3804464005954570517.tmp -Dmaven.multiModuleProjectDirectory=D:\Workspace3\yiwu -Xdebug -Xnoagent -Djava.compiler=NONE -Xrunjdwp:transport=dt_socket,address=4000,server=y,suspend=n -Dfile.encoding=UTF-8 
java_command: org.codehaus.plexus.classworlds.launcher.Launcher -B -gs D:\Program Files\Maven\repository\settings.xml -s D:\Program Files\Maven\repository\settings.xml clean jetty:run -Pdev -Djetty.port=9090
java_class_path (initial): D:\Program Files\Maven\apache-maven-3.3.9\boot\plexus-classworlds-2.5.2.jar
Launcher Type: SUN_STANDARD

Environment Variables:
JAVA_HOME=D:\Program Files\Java\jdk1.8.0_102
CLASSPATH=.;D:\Program Files\Java\jdk1.8.0_102\lib\dt.jar;D:\Program Files\Java\jdk1.8.0_102\lib\tools.jar;
PATH=C:\Windows\system32;C:\Windows;C:\Windows\System32\Wbem;C:\Windows\System32\WindowsPowerShell\v1.0\;C:\Program Files (x86)\Windows Kits\8.0\Windows Performance Toolkit\;C:\Program Files\Microsoft SQL Server\110\Tools\Bin\;d:\Program Files\Git\cmd\;D:\Program Files\Java\jdk1.8.0_102\bin;D:\Program Files\Maven\apache-maven-3.3.9\bin;D:\Program Files\MySQL\mysql-5.6.24-win32\bin
USERNAME=ping
OS=Windows_NT
PROCESSOR_IDENTIFIER=Intel64 Family 6 Model 60 Stepping 3, GenuineIntel



---------------  S Y S T E M  ---------------

OS: Windows 7 , 64 bit Build 7601 (6.1.7601.17514)

CPU:total 4 (4 cores per cpu, 1 threads per core) family 6 model 60 stepping 3, cmov, cx8, fxsr, mmx, sse, sse2, sse3, ssse3, sse4.1, sse4.2, popcnt, avx, avx2, aes, clmul, erms, lzcnt, tsc, tscinvbit, bmi1, bmi2

Memory: 4k page, physical 16645100k(3343964k free), swap 17513656k(5116k free)

vm_info: Java HotSpot(TM) 64-Bit Server VM (25.102-b14) for windows-amd64 JRE (1.8.0_102-b14), built on Jun 22 2016 13:15:21 by "java_re" with MS VC++ 10.0 (VS2010)

time: Sat Sep 16 19:41:57 2017
elapsed time: 6153 seconds (0d 1h 42m 33s)

