#
# There is insufficient memory for the Java Runtime Environment to continue.
# Native memory allocation (malloc) failed to allocate 76176 bytes for Chunk::new
# Possible reasons:
#   The system is out of physical RAM or swap space
#   In 32 bit mode, the process size limit was hit
# Possible solutions:
#   Reduce memory load on the system
#   Increase physical memory or swap space
#   Check if swap backing store is full
#   Use 64 bit Java on a 64 bit OS
#   Decrease Java heap size (-Xmx/-Xms)
#   Decrease number of Java threads
#   Decrease Java thread stack sizes (-Xss)
#   Set larger code cache with -XX:ReservedCodeCacheSize=
# This output file may be truncated or incomplete.
#
#  Out of Memory Error (allocation.cpp:390), pid=416, tid=0x0000000000000804
#
# JRE version: Java(TM) SE Runtime Environment (8.0_102-b14) (build 1.8.0_102-b14)
# Java VM: Java HotSpot(TM) 64-Bit Server VM (25.102-b14 mixed mode windows-amd64 compressed oops)
# Failed to write core dump. Minidumps are not enabled by default on client versions of Windows
#

---------------  T H R E A D  ---------------

Current thread (0x0000000018bc0000):  JavaThread "C2 CompilerThread1" daemon [_thread_in_native, id=2052, stack(0x00000000199c0000,0x0000000019ac0000)]

Stack: [0x00000000199c0000,0x0000000019ac0000]
[error occurred during error reporting (printing stack bounds), id 0xc0000005]

Native frames: (J=compiled Java code, j=interpreted, Vv=VM code, C=native code)


Current CompileTask:
C2:3405250 21376       4       com.sun.org.apache.xerces.internal.impl.dtd.XMLDTDValidator::characters (255 bytes)


---------------  P R O C E S S  ---------------

Java Threads: ( => current thread )
  0x0000000024982800 JavaThread "DefaultQuartzScheduler_QuartzSchedulerThread" [_thread_blocked, id=4848, stack(0x000000004dce0000,0x000000004dde0000)]
  0x00000000202e1800 JavaThread "DefaultQuartzScheduler_Worker-10" [_thread_blocked, id=5588, stack(0x0000000050c30000,0x0000000050d30000)]
  0x00000000202e1000 JavaThread "DefaultQuartzScheduler_Worker-9" [_thread_blocked, id=1144, stack(0x00000000508a0000,0x00000000509a0000)]
  0x00000000202e0000 JavaThread "DefaultQuartzScheduler_Worker-8" [_thread_blocked, id=1072, stack(0x00000000501f0000,0x00000000502f0000)]
  0x0000000021849800 JavaThread "DefaultQuartzScheduler_Worker-7" [_thread_blocked, id=5968, stack(0x00000000506d0000,0x00000000507d0000)]
  0x0000000021848800 JavaThread "DefaultQuartzScheduler_Worker-6" [_thread_blocked, id=5612, stack(0x0000000050560000,0x0000000050660000)]
  0x0000000021848000 JavaThread "DefaultQuartzScheduler_Worker-5" [_thread_blocked, id=5016, stack(0x0000000050330000,0x0000000050430000)]
  0x0000000021847000 JavaThread "DefaultQuartzScheduler_Worker-4" [_thread_blocked, id=6112, stack(0x00000000500e0000,0x00000000501e0000)]
  0x0000000021846800 JavaThread "DefaultQuartzScheduler_Worker-3" [_thread_blocked, id=2496, stack(0x0000000019ad0000,0x0000000019bd0000)]
  0x0000000021845800 JavaThread "DefaultQuartzScheduler_Worker-2" [_thread_blocked, id=2396, stack(0x000000004ebc0000,0x000000004ecc0000)]
  0x0000000021560000 JavaThread "DefaultQuartzScheduler_Worker-1" [_thread_blocked, id=7968, stack(0x000000004f560000,0x000000004f660000)]
  0x0000000021845000 JavaThread "qtp1494904417-80" [_thread_blocked, id=6692, stack(0x000000004ff90000,0x0000000050090000)]
  0x0000000021844000 JavaThread "qtp1494904417-79" [_thread_blocked, id=7272, stack(0x000000004fb50000,0x000000004fc50000)]
  0x0000000021843800 JavaThread "qtp1494904417-78" [_thread_blocked, id=2560, stack(0x000000001fc50000,0x000000001fd50000)]
  0x0000000021842800 JavaThread "qtp1494904417-77" [_thread_blocked, id=1232, stack(0x000000004f440000,0x000000004f540000)]
  0x0000000021562000 JavaThread "qtp1494904417-76" [_thread_blocked, id=7924, stack(0x000000004db90000,0x000000004dc90000)]
  0x000000001e4ba000 JavaThread "qtp1494904417-74" [_thread_in_native, id=5640, stack(0x000000004e8a0000,0x000000004e9a0000)]
  0x0000000021561000 JavaThread "PathWatcher-Thread[E:\workspace\yiwu (+44)]" daemon [_thread_in_Java, id=7008, stack(0x000000004fc50000,0x000000004fd50000)]
  0x000000001de58000 JavaThread "C3P0PooledConnectionPoolManager[identityToken->1hge15x9q1l67iyksegosb|f1e18b7]-HelperThread-#2" daemon [_thread_blocked, id=7816, stack(0x0000000049600000,0x0000000049700000)]
  0x000000001de57800 JavaThread "C3P0PooledConnectionPoolManager[identityToken->1hge15x9q1l67iyksegosb|f1e18b7]-HelperThread-#1" daemon [_thread_blocked, id=2776, stack(0x00000000497c0000,0x00000000498c0000)]
  0x000000001de56800 JavaThread "C3P0PooledConnectionPoolManager[identityToken->1hge15x9q1l67iyksegosb|f1e18b7]-HelperThread-#0" daemon [_thread_blocked, id=5364, stack(0x0000000049250000,0x0000000049350000)]
  0x000000001de56000 JavaThread "C3P0PooledConnectionPoolManager[identityToken->1hge15x9q1l67iyksegosb|f1e18b7]-AdminTaskTimer" daemon [_thread_blocked, id=6608, stack(0x0000000049500000,0x0000000049600000)]
  0x000000001de54800 JavaThread "Abandoned connection cleanup thread" daemon [_thread_blocked, id=4300, stack(0x0000000049400000,0x0000000049500000)]
  0x000000001de53000 JavaThread "Scheduler-1014856099" [_thread_blocked, id=6740, stack(0x000000001fde0000,0x000000001fee0000)]
  0x000000001aa2f000 JavaThread "qtp1494904417-20-acceptor-0@2228769a-ServerConnector@ff18a1d{HTTP/1.1,[http/1.1]}{0.0.0.0:9090}" [_thread_in_native, id=8064, stack(0x0000000023370000,0x0000000023470000)]
  0x000000001a764800 JavaThread "qtp1494904417-18" [_thread_blocked, id=2736, stack(0x0000000020f40000,0x0000000021040000)]
  0x000000001cbc9800 JavaThread "qtp1494904417-15" [_thread_in_native, id=5464, stack(0x000000001fb40000,0x000000001fc40000)]
  0x000000001d341800 JavaThread "qtp1494904417-14" [_thread_blocked, id=5648, stack(0x000000001cde0000,0x000000001cee0000)]
  0x0000000018c56000 JavaThread "Service Thread" daemon [_thread_blocked, id=5160, stack(0x0000000019dc0000,0x0000000019ec0000)]
  0x0000000018bc3800 JavaThread "C1 CompilerThread2" daemon [_thread_in_native, id=1812, stack(0x0000000019c10000,0x0000000019d10000)]
=>0x0000000018bc0000 JavaThread "C2 CompilerThread1" daemon [_thread_in_native, id=2052, stack(0x00000000199c0000,0x0000000019ac0000)]
  0x0000000018bbc800 JavaThread "C2 CompilerThread0" daemon [_thread_in_native, id=7404, stack(0x0000000019830000,0x0000000019930000)]
  0x0000000018baf800 JavaThread "JDWP Event Helper Thread" daemon [_thread_blocked, id=4452, stack(0x0000000019680000,0x0000000019780000)]
  0x0000000018ba9000 JavaThread "JDWP Transport Listener: dt_socket" daemon [_thread_in_native, id=8136, stack(0x00000000194b0000,0x00000000195b0000)]
  0x0000000018b88800 JavaThread "Attach Listener" daemon [_thread_blocked, id=7252, stack(0x0000000019200000,0x0000000019300000)]
  0x00000000176c0000 JavaThread "Signal Dispatcher" daemon [_thread_blocked, id=6620, stack(0x0000000019020000,0x0000000019120000)]
  0x00000000176aa000 JavaThread "Finalizer" daemon [_thread_blocked, id=5848, stack(0x0000000018a80000,0x0000000018b80000)]
  0x0000000017663000 JavaThread "Reference Handler" daemon [_thread_blocked, id=3704, stack(0x00000000188f0000,0x00000000189f0000)]
  0x000000000266f800 JavaThread "main" [_thread_blocked, id=8108, stack(0x0000000002870000,0x0000000002970000)]

Other Threads:
  0x000000001765b800 VMThread [stack: 0x00000000187e0000,0x00000000188e0000] [id=6904]
  0x0000000018c18000 WatcherThread [stack: 0x0000000019ed0000,0x0000000019fd0000] [id=1872]

VM state:not at safepoint (normal execution)

VM Mutex/Monitor currently owned by a thread: None

Heap:
 PSYoungGen      total 610816K, used 565692K [0x00000000d6100000, 0x00000000ffc80000, 0x0000000100000000)
  eden space 539136K, 98% used [0x00000000d6100000,0x00000000f66f6160,0x00000000f6f80000)
  from space 71680K, 49% used [0x00000000fb480000,0x00000000fd6f8f70,0x00000000ffa80000)
  to   space 70656K, 0% used [0x00000000f6f80000,0x00000000f6f80000,0x00000000fb480000)
 ParOldGen       total 242688K, used 80463K [0x0000000082200000, 0x0000000090f00000, 0x00000000d6100000)
  object space 242688K, 33% used [0x0000000082200000,0x0000000087093f08,0x0000000090f00000)
 Metaspace       used 97638K, capacity 100410K, committed 100440K, reserved 1138688K
  class space    used 10923K, capacity 11371K, committed 11392K, reserved 1048576K

Card table byte_map: [0x0000000011d30000,0x0000000012120000] byte_map_base: 0x000000001191f000

Marking Bits: (ParMarkBitMap*) 0x0000000053e0a6c0
 Begin Bits: [0x00000000129f0000, 0x0000000014968000)
 End Bits:   [0x0000000014968000, 0x00000000168e0000)

Polling page: 0x0000000000130000

CodeCache: size=245760Kb used=64620Kb max_used=64827Kb free=181139Kb
 bounds [0x0000000002970000, 0x0000000006950000, 0x0000000011970000]
 total_blobs=17300 nmethods=16608 adapters=610
 compilation: enabled

Compilation events (10 events):
Event: 3404.337 Thread 0x0000000018bc3800 21370       3       com.sun.org.apache.xerces.internal.impl.dtd.DTDGrammar::comment (1 bytes)
Event: 3404.337 Thread 0x0000000018bc3800 nmethod 21370 0x00000000061961d0 code [0x0000000006196320, 0x0000000006196470]
Event: 3404.337 Thread 0x0000000018bc3800 21367       3       com.sun.org.apache.xerces.internal.impl.dtd.DTDGrammar::occurrence (101 bytes)
Event: 3404.337 Thread 0x0000000018bc0000 21376       4       com.sun.org.apache.xerces.internal.impl.dtd.XMLDTDValidator::characters (255 bytes)
Event: 3404.337 Thread 0x0000000018bc3800 nmethod 21367 0x0000000005fca4d0 code [0x0000000005fca680, 0x0000000005fcaac8]
Event: 3404.337 Thread 0x0000000018bbc800 nmethod 21371 0x00000000050d85d0 code [0x00000000050d8700, 0x00000000050d87b8]
Event: 3404.337 Thread 0x0000000018bc3800 21373       3       com.sun.org.apache.xerces.internal.impl.dtd.XMLDTDValidator::addDTDDefaultAttrsAndValidate (1026 bytes)
Event: 3404.337 Thread 0x0000000018bbc800 21379   !   4       org.apache.tomcat.util.digester.Digester::endElement (621 bytes)
Event: 3404.341 Thread 0x0000000018bc3800 nmethod 21373 0x0000000006427190 code [0x00000000064277c0, 0x000000000642c628]
Event: 3404.341 Thread 0x0000000018bc3800 21382   !   2       org.apache.tomcat.util.digester.Digester::updateAttributes (82 bytes)

GC Heap History (10 events):
Event: 32.848 GC heap before
{Heap before GC invocations=18 (full 3):
 PSYoungGen      total 592384K, used 519678K [0x00000000d6100000, 0x0000000100000000, 0x0000000100000000)
  eden space 508416K, 100% used [0x00000000d6100000,0x00000000f5180000,0x00000000f5180000)
  from space 83968K, 13% used [0x00000000fa180000,0x00000000fac7fbe0,0x00000000ff380000)
  to   space 81920K, 0% used [0x00000000f5180000,0x00000000f5180000,0x00000000fa180000)
 ParOldGen       total 199680K, used 79723K [0x0000000082200000, 0x000000008e500000, 0x00000000d6100000)
  object space 199680K, 39% used [0x0000000082200000,0x0000000086fdaf38,0x000000008e500000)
 Metaspace       used 78535K, capacity 79800K, committed 80472K, reserved 1120256K
  class space    used 9168K, capacity 9486K, committed 9600K, reserved 1048576K
Event: 32.895 GC heap after
Heap after GC invocations=18 (full 3):
 PSYoungGen      total 590336K, used 30766K [0x00000000d6100000, 0x00000000ff500000, 0x0000000100000000)
  eden space 508416K, 0% used [0x00000000d6100000,0x00000000d6100000,0x00000000f5180000)
  from space 81920K, 37% used [0x00000000f5180000,0x00000000f6f8b898,0x00000000fa180000)
  to   space 77312K, 0% used [0x00000000fa980000,0x00000000fa980000,0x00000000ff500000)
 ParOldGen       total 199680K, used 79731K [0x0000000082200000, 0x000000008e500000, 0x00000000d6100000)
  object space 199680K, 39% used [0x0000000082200000,0x0000000086fdcf38,0x000000008e500000)
 Metaspace       used 78535K, capacity 79800K, committed 80472K, reserved 1120256K
  class space    used 9168K, capacity 9486K, committed 9600K, reserved 1048576K
}
Event: 287.488 GC heap before
{Heap before GC invocations=19 (full 3):
 PSYoungGen      total 590336K, used 460748K [0x00000000d6100000, 0x00000000ff500000, 0x0000000100000000)
  eden space 508416K, 84% used [0x00000000d6100000,0x00000000f04e7800,0x00000000f5180000)
  from space 81920K, 37% used [0x00000000f5180000,0x00000000f6f8b898,0x00000000fa180000)
  to   space 77312K, 0% used [0x00000000fa980000,0x00000000fa980000,0x00000000ff500000)
 ParOldGen       total 199680K, used 79731K [0x0000000082200000, 0x000000008e500000, 0x00000000d6100000)
  object space 199680K, 39% used [0x0000000082200000,0x0000000086fdcf38,0x000000008e500000)
 Metaspace       used 86014K, capacity 87304K, committed 87828K, reserved 1126400K
  class space    used 9996K, capacity 10320K, committed 10368K, reserved 1048576K
Event: 287.523 GC heap after
Heap after GC invocations=19 (full 3):
 PSYoungGen      total 601088K, used 30878K [0x00000000d6100000, 0x00000000ff380000, 0x0000000100000000)
  eden space 525312K, 0% used [0x00000000d6100000,0x00000000d6100000,0x00000000f6200000)
  from space 75776K, 40% used [0x00000000fa980000,0x00000000fc7a7b90,0x00000000ff380000)
  to   space 73216K, 0% used [0x00000000f6200000,0x00000000f6200000,0x00000000fa980000)
 ParOldGen       total 199680K, used 79739K [0x0000000082200000, 0x000000008e500000, 0x00000000d6100000)
  object space 199680K, 39% used [0x0000000082200000,0x0000000086fdef38,0x000000008e500000)
 Metaspace       used 86014K, capacity 87304K, committed 87828K, reserved 1126400K
  class space    used 9996K, capacity 10320K, committed 10368K, reserved 1048576K
}
Event: 287.523 GC heap before
{Heap before GC invocations=20 (full 4):
 PSYoungGen      total 601088K, used 30878K [0x00000000d6100000, 0x00000000ff380000, 0x0000000100000000)
  eden space 525312K, 0% used [0x00000000d6100000,0x00000000d6100000,0x00000000f6200000)
  from space 75776K, 40% used [0x00000000fa980000,0x00000000fc7a7b90,0x00000000ff380000)
  to   space 73216K, 0% used [0x00000000f6200000,0x00000000f6200000,0x00000000fa980000)
 ParOldGen       total 199680K, used 79739K [0x0000000082200000, 0x000000008e500000, 0x00000000d6100000)
  object space 199680K, 39% used [0x0000000082200000,0x0000000086fdef38,0x000000008e500000)
 Metaspace       used 86014K, capacity 87304K, committed 87828K, reserved 1126400K
  class space    used 9996K, capacity 10320K, committed 10368K, reserved 1048576K
Event: 287.871 GC heap after
Heap after GC invocations=20 (full 4):
 PSYoungGen      total 601088K, used 0K [0x00000000d6100000, 0x00000000ff380000, 0x0000000100000000)
  eden space 525312K, 0% used [0x00000000d6100000,0x00000000d6100000,0x00000000f6200000)
  from space 75776K, 0% used [0x00000000fa980000,0x00000000fa980000,0x00000000ff380000)
  to   space 73216K, 0% used [0x00000000f6200000,0x00000000f6200000,0x00000000fa980000)
 ParOldGen       total 242688K, used 80447K [0x0000000082200000, 0x0000000090f00000, 0x00000000d6100000)
  object space 242688K, 33% used [0x0000000082200000,0x000000008708ff08,0x0000000090f00000)
 Metaspace       used 86014K, capacity 87304K, committed 87828K, reserved 1126400K
  class space    used 9996K, capacity 10320K, committed 10368K, reserved 1048576K
}
Event: 2131.658 GC heap before
{Heap before GC invocations=21 (full 4):
 PSYoungGen      total 601088K, used 525312K [0x00000000d6100000, 0x00000000ff380000, 0x0000000100000000)
  eden space 525312K, 100% used [0x00000000d6100000,0x00000000f6200000,0x00000000f6200000)
  from space 75776K, 0% used [0x00000000fa980000,0x00000000fa980000,0x00000000ff380000)
  to   space 73216K, 0% used [0x00000000f6200000,0x00000000f6200000,0x00000000fa980000)
 ParOldGen       total 242688K, used 80447K [0x0000000082200000, 0x0000000090f00000, 0x00000000d6100000)
  object space 242688K, 33% used [0x0000000082200000,0x000000008708ff08,0x0000000090f00000)
 Metaspace       used 95868K, capacity 98058K, committed 98264K, reserved 1136640K
  class space    used 10824K, capacity 11235K, committed 11264K, reserved 1048576K
Event: 2131.670 GC heap after
Heap after GC invocations=21 (full 4):
 PSYoungGen      total 598528K, used 11627K [0x00000000d6100000, 0x00000000ffa80000, 0x0000000100000000)
  eden space 525312K, 0% used [0x00000000d6100000,0x00000000d6100000,0x00000000f6200000)
  from space 73216K, 15% used [0x00000000f6200000,0x00000000f6d5ada0,0x00000000fa980000)
  to   space 71680K, 0% used [0x00000000fb480000,0x00000000fb480000,0x00000000ffa80000)
 ParOldGen       total 242688K, used 80455K [0x0000000082200000, 0x0000000090f00000, 0x00000000d6100000)
  object space 242688K, 33% used [0x0000000082200000,0x0000000087091f08,0x0000000090f00000)
 Metaspace       used 95868K, capacity 98058K, committed 98264K, reserved 1136640K
  class space    used 10824K, capacity 11235K, committed 11264K, reserved 1048576K
}
Event: 3403.146 GC heap before
{Heap before GC invocations=22 (full 4):
 PSYoungGen      total 598528K, used 536939K [0x00000000d6100000, 0x00000000ffa80000, 0x0000000100000000)
  eden space 525312K, 100% used [0x00000000d6100000,0x00000000f6200000,0x00000000f6200000)
  from space 73216K, 15% used [0x00000000f6200000,0x00000000f6d5ada0,0x00000000fa980000)
  to   space 71680K, 0% used [0x00000000fb480000,0x00000000fb480000,0x00000000ffa80000)
 ParOldGen       total 242688K, used 80455K [0x0000000082200000, 0x0000000090f00000, 0x00000000d6100000)
  object space 242688K, 33% used [0x0000000082200000,0x0000000087091f08,0x0000000090f00000)
 Metaspace       used 97481K, capacity 100240K, committed 100440K, reserved 1138688K
  class space    used 10903K, capacity 11333K, committed 11392K, reserved 1048576K
Event: 3403.180 GC heap after
Heap after GC invocations=22 (full 4):
 PSYoungGen      total 610816K, used 35299K [0x00000000d6100000, 0x00000000ffc80000, 0x0000000100000000)
  eden space 539136K, 0% used [0x00000000d6100000,0x00000000d6100000,0x00000000f6f80000)
  from space 71680K, 49% used [0x00000000fb480000,0x00000000fd6f8f70,0x00000000ffa80000)
  to   space 70656K, 0% used [0x00000000f6f80000,0x00000000f6f80000,0x00000000fb480000)
 ParOldGen       total 242688K, used 80463K [0x0000000082200000, 0x0000000090f00000, 0x00000000d6100000)
  object space 242688K, 33% used [0x0000000082200000,0x0000000087093f08,0x0000000090f00000)
 Metaspace       used 97481K, capacity 100240K, committed 100440K, reserved 1138688K
  class space    used 10903K, capacity 11333K, committed 11392K, reserved 1048576K
}

Deoptimization events (10 events):
Event: 3402.792 Thread 0x0000000021561000 Uncommon trap: reason=bimorphic action=maybe_recompile pc=0x0000000002fc3380 method=com.sun.org.apache.xerces.internal.parsers.AbstractSAXParser.startNamespaceMapping()V @ 65
Event: 3402.792 Thread 0x0000000021561000 Uncommon trap: reason=bimorphic action=maybe_recompile pc=0x0000000004f7f978 method=com.sun.org.apache.xerces.internal.parsers.AbstractSAXParser.endNamespaceMapping()V @ 35
Event: 3402.794 Thread 0x0000000021561000 Uncommon trap: reason=unstable_if action=reinterpret pc=0x00000000035a3ff4 method=org.eclipse.jetty.util.resource.JarResource.checkConnection()Z @ 42
Event: 3402.860 Thread 0x0000000021561000 Uncommon trap: reason=bimorphic action=maybe_recompile pc=0x0000000002fc3380 method=com.sun.org.apache.xerces.internal.parsers.AbstractSAXParser.startNamespaceMapping()V @ 65
Event: 3402.861 Thread 0x0000000021561000 Uncommon trap: reason=bimorphic action=maybe_recompile pc=0x0000000004f7f978 method=com.sun.org.apache.xerces.internal.parsers.AbstractSAXParser.endNamespaceMapping()V @ 35
Event: 3402.953 Thread 0x000000001d341800 Uncommon trap: reason=unstable_if action=reinterpret pc=0x000000000429dda4 method=java.util.concurrent.ConcurrentHashMap.transfer([Ljava/util/concurrent/ConcurrentHashMap$Node;[Ljava/util/concurrent/ConcurrentHashMap$Node;)V @ 34
Event: 3402.953 Thread 0x0000000021842800 Uncommon trap: reason=unstable_if action=reinterpret pc=0x000000000429de1c method=java.util.concurrent.ConcurrentHashMap.transfer([Ljava/util/concurrent/ConcurrentHashMap$Node;[Ljava/util/concurrent/ConcurrentHashMap$Node;)V @ 277
Event: 3403.213 Thread 0x00000000176aa000 Uncommon trap: reason=unstable_if action=reinterpret pc=0x0000000004f64064 method=org.eclipse.jetty.util.resource.URLResource.close()V @ 36
Event: 3403.213 Thread 0x00000000176aa000 Uncommon trap: reason=unstable_if action=reinterpret pc=0x0000000003033d18 method=org.eclipse.jetty.util.resource.URLResource.close()V @ 36
Event: 3403.426 Thread 0x0000000021842800 Uncommon trap: reason=unstable_if action=reinterpret pc=0x00000000056ff318 method=java.util.concurrent.ConcurrentHashMap.transfer([Ljava/util/concurrent/ConcurrentHashMap$Node;[Ljava/util/concurrent/ConcurrentHashMap$Node;)V @ 277

Internal exceptions (10 events):
Event: 3404.328 Thread 0x0000000021561000 Exception <a 'sun/nio/fs/WindowsException'> (0x00000000f64da538) thrown at [C:\re\workspace\8-2-build-windows-amd64-cygwin\jdk8u102\7268\hotspot\src\share\vm\prims\jni.cpp, line 709]
Event: 3404.329 Thread 0x0000000021561000 Exception <a 'sun/nio/fs/WindowsException'> (0x00000000f64e8868) thrown at [C:\re\workspace\8-2-build-windows-amd64-cygwin\jdk8u102\7268\hotspot\src\share\vm\prims\jni.cpp, line 709]
Event: 3404.330 Thread 0x0000000021561000 Exception <a 'sun/nio/fs/WindowsException'> (0x00000000f64f2e18) thrown at [C:\re\workspace\8-2-build-windows-amd64-cygwin\jdk8u102\7268\hotspot\src\share\vm\prims\jni.cpp, line 709]
Event: 3404.330 Thread 0x0000000021561000 Exception <a 'sun/nio/fs/WindowsException'> (0x00000000f64f7b78) thrown at [C:\re\workspace\8-2-build-windows-amd64-cygwin\jdk8u102\7268\hotspot\src\share\vm\prims\jni.cpp, line 709]
Event: 3404.331 Thread 0x0000000021561000 Exception <a 'sun/nio/fs/WindowsException'> (0x00000000f6500bf8) thrown at [C:\re\workspace\8-2-build-windows-amd64-cygwin\jdk8u102\7268\hotspot\src\share\vm\prims\jni.cpp, line 709]
Event: 3404.331 Thread 0x0000000021561000 Exception <a 'sun/nio/fs/WindowsException'> (0x00000000f6506988) thrown at [C:\re\workspace\8-2-build-windows-amd64-cygwin\jdk8u102\7268\hotspot\src\share\vm\prims\jni.cpp, line 709]
Event: 3404.332 Thread 0x0000000021561000 Exception <a 'sun/nio/fs/WindowsException'> (0x00000000f650c570) thrown at [C:\re\workspace\8-2-build-windows-amd64-cygwin\jdk8u102\7268\hotspot\src\share\vm\prims\jni.cpp, line 709]
Event: 3404.332 Thread 0x0000000021561000 Exception <a 'sun/nio/fs/WindowsException'> (0x00000000f6512100) thrown at [C:\re\workspace\8-2-build-windows-amd64-cygwin\jdk8u102\7268\hotspot\src\share\vm\prims\jni.cpp, line 709]
Event: 3404.333 Thread 0x0000000021561000 Exception <a 'sun/nio/fs/WindowsException'> (0x00000000f65182a8) thrown at [C:\re\workspace\8-2-build-windows-amd64-cygwin\jdk8u102\7268\hotspot\src\share\vm\prims\jni.cpp, line 709]
Event: 3404.333 Thread 0x0000000021561000 Exception <a 'sun/nio/fs/WindowsException'> (0x00000000f651cdd0) thrown at [C:\re\workspace\8-2-build-windows-amd64-cygwin\jdk8u102\7268\hotspot\src\share\vm\prims\jni.cpp, line 709]

Events (10 events):
Event: 3404.337 Thread 0x0000000021561000 DEOPT PACKING pc=0x00000000042b7754 sp=0x000000004fd4e720
Event: 3404.337 Thread 0x0000000021561000 DEOPT UNPACKING pc=0x00000000029b787f sp=0x000000004fd4e448 mode 1
Event: 3404.338 Thread 0x0000000021561000 DEOPT PACKING pc=0x00000000042a1a2b sp=0x000000004fd4e6c0
Event: 3404.338 Thread 0x0000000021561000 DEOPT UNPACKING pc=0x00000000029b787f sp=0x000000004fd4e3d8 mode 1
Event: 3404.338 Thread 0x0000000021561000 DEOPT PACKING pc=0x00000000042b7754 sp=0x000000004fd4e720
Event: 3404.338 Thread 0x0000000021561000 DEOPT UNPACKING pc=0x00000000029b787f sp=0x000000004fd4e448 mode 1
Event: 3404.340 Thread 0x0000000021561000 DEOPT PACKING pc=0x00000000042a1a2b sp=0x000000004fd4e6c0
Event: 3404.340 Thread 0x0000000021561000 DEOPT UNPACKING pc=0x00000000029b787f sp=0x000000004fd4e3d8 mode 1
Event: 3404.340 Thread 0x0000000021561000 DEOPT PACKING pc=0x00000000042b7754 sp=0x000000004fd4e720
Event: 3404.340 Thread 0x0000000021561000 DEOPT UNPACKING pc=0x00000000029b787f sp=0x000000004fd4e448 mode 1


Dynamic libraries:
0x000000013fc10000 - 0x000000013fc47000 	E:\Java\Java\jdk1.8.0_102\bin\javaw.exe
0x00000000776e0000 - 0x0000000077889000 	C:\Windows\SYSTEM32\ntdll.dll
0x00000000774c0000 - 0x00000000775df000 	C:\Windows\system32\kernel32.dll
0x000007fefd7e0000 - 0x000007fefd84b000 	C:\Windows\system32\KERNELBASE.dll
0x000007feff7f0000 - 0x000007feff8cb000 	C:\Windows\system32\ADVAPI32.dll
0x000007feff410000 - 0x000007feff4af000 	C:\Windows\system32\msvcrt.dll
0x000007feff3f0000 - 0x000007feff40f000 	C:\Windows\SYSTEM32\sechost.dll
0x000007feff590000 - 0x000007feff6bd000 	C:\Windows\system32\RPCRT4.dll
0x00000000775e0000 - 0x00000000776da000 	C:\Windows\system32\USER32.dll
0x000007feff380000 - 0x000007feff3e7000 	C:\Windows\system32\GDI32.dll
0x000007fefeba0000 - 0x000007fefebae000 	C:\Windows\system32\LPK.dll
0x000007fefef30000 - 0x000007fefeff9000 	C:\Windows\system32\USP10.dll
0x000007fefc0d0000 - 0x000007fefc2c4000 	C:\Windows\WinSxS\amd64_microsoft.windows.common-controls_6595b64144ccf1df_6.0.7601.17514_none_fa396087175ac9ac\COMCTL32.dll
0x000007feff510000 - 0x000007feff581000 	C:\Windows\system32\SHLWAPI.dll
0x000007fefedc0000 - 0x000007fefedee000 	C:\Windows\system32\IMM32.DLL
0x000007fefea90000 - 0x000007fefeb99000 	C:\Windows\system32\MSCTF.dll
0x000000005e5e0000 - 0x000000005e6b1000 	E:\Java\Java\jdk1.8.0_102\jre\bin\msvcr100.dll
0x00000000535f0000 - 0x0000000053e8a000 	E:\Java\Java\jdk1.8.0_102\jre\bin\server\jvm.dll
0x000007fefb0a0000 - 0x000007fefb0a9000 	C:\Windows\system32\WSOCK32.dll
0x000007fefeee0000 - 0x000007fefef2d000 	C:\Windows\system32\WS2_32.dll
0x000007fefedf0000 - 0x000007fefedf8000 	C:\Windows\system32\NSI.dll
0x000007fefb490000 - 0x000007fefb4cb000 	C:\Windows\system32\WINMM.dll
0x000007fefc790000 - 0x000007fefc79c000 	C:\Windows\system32\VERSION.dll
0x00000000778b0000 - 0x00000000778b7000 	C:\Windows\system32\PSAPI.DLL
0x000000006a8c0000 - 0x000000006a8cf000 	E:\Java\Java\jdk1.8.0_102\jre\bin\verify.dll
0x000000006a810000 - 0x000000006a839000 	E:\Java\Java\jdk1.8.0_102\jre\bin\java.dll
0x000000006a6e0000 - 0x000000006a715000 	E:\Java\Java\jdk1.8.0_102\jre\bin\jdwp.dll
0x000000006b2d0000 - 0x000000006b2d8000 	E:\Java\Java\jdk1.8.0_102\jre\bin\npt.dll
0x000000006a640000 - 0x000000006a656000 	E:\Java\Java\jdk1.8.0_102\jre\bin\zip.dll
0x000007fefdd00000 - 0x000007fefea88000 	C:\Windows\system32\SHELL32.dll
0x000007fefebb0000 - 0x000007fefedb3000 	C:\Windows\system32\ole32.dll
0x000007fefd630000 - 0x000007fefd63f000 	C:\Windows\system32\profapi.dll
0x000000006a850000 - 0x000000006a859000 	E:\Java\Java\jdk1.8.0_102\jre\bin\dt_socket.dll
0x000007fefce60000 - 0x000007fefceb5000 	C:\Windows\system32\mswsock.dll
0x000007fefc860000 - 0x000007fefc867000 	C:\Windows\System32\wshtcpip.dll
0x000000006a620000 - 0x000000006a63a000 	E:\Java\Java\jdk1.8.0_102\jre\bin\net.dll
0x000007fefce50000 - 0x000007fefce57000 	C:\Windows\System32\wship6.dll
0x000000006a600000 - 0x000000006a611000 	E:\Java\Java\jdk1.8.0_102\jre\bin\nio.dll
0x000000006a8b0000 - 0x000000006a8bd000 	E:\Java\Java\jdk1.8.0_102\jre\bin\management.dll
0x00000000699b0000 - 0x00000000699d4000 	E:\Java\Java\jdk1.8.0_102\jre\bin\sunec.dll
0x000007fefaa90000 - 0x000007fefaab7000 	C:\Windows\system32\IPHLPAPI.DLL
0x000007fefaa80000 - 0x000007fefaa8b000 	C:\Windows\system32\WINNSI.DLL
0x000007fefa890000 - 0x000007fefa8a8000 	C:\Windows\system32\dhcpcsvc.DLL
0x000007fefa870000 - 0x000007fefa881000 	C:\Windows\system32\dhcpcsvc6.DLL
0x000007fefcec0000 - 0x000007fefced7000 	C:\Windows\system32\CRYPTSP.dll
0x000007fefcbc0000 - 0x000007fefcc07000 	C:\Windows\system32\rsaenh.dll
0x000007fefc970000 - 0x000007fefc98e000 	C:\Windows\system32\USERENV.dll
0x000007fefd600000 - 0x000007fefd60f000 	C:\Windows\system32\CRYPTBASE.dll
0x000007fefb690000 - 0x000007fefb6a5000 	C:\Windows\system32\NLAapi.dll
0x000007feedca0000 - 0x000007feedcb5000 	C:\Windows\system32\napinsp.dll
0x000007feedc80000 - 0x000007feedc99000 	C:\Windows\system32\pnrpnsp.dll
0x000007fefcce0000 - 0x000007fefcd3b000 	C:\Windows\system32\DNSAPI.dll
0x000007feedc70000 - 0x000007feedc7b000 	C:\Windows\System32\winrnr.dll
0x000007fef8fb0000 - 0x000007fef8fb8000 	C:\Windows\system32\rasadhlp.dll
0x000007fefa910000 - 0x000007fefa963000 	C:\Windows\System32\fwpuclnt.dll

VM Arguments:
jvm_args: -Dmaven.home=E:\Java\Maven\apache-maven-3.3.9 -Dclassworlds.conf=E:\workspace\.metadata\.plugins\org.eclipse.m2e.launching\launches\m2conf6821185098799413033.tmp -Dmaven.multiModuleProjectDirectory=E:\workspace\yiwu -Xdebug -Xnoagent -Djava.compiler=NONE -Xrunjdwp:transport=dt_socket,address=4000,server=y,suspend=n -Dfile.encoding=UTF-8 
java_command: org.codehaus.plexus.classworlds.launcher.Launcher -B -s E:\Java\Maven\settings.xml clean jetty:run -Pdev -Djetty.port=9090
java_class_path (initial): E:\Java\Maven\apache-maven-3.3.9\boot\plexus-classworlds-2.5.2.jar
Launcher Type: SUN_STANDARD

Environment Variables:
JAVA_HOME=E:\Java\Java\jdk1.8.0_102
CLASSPATH=.;E:\Java\Java\jdk1.8.0_102\lib\tools.jar;E:\Java\Java\jdk1.8.0_102\lib\dt.jar
PATH=C:/Program Files/Java/jre1.8.0_121/bin/server;C:/Program Files/Java/jre1.8.0_121/bin;C:/Program Files/Java/jre1.8.0_121/lib/amd64;C:\ProgramData\Oracle\Java\javapath;C:\Windows\system32;C:\Windows;C:\Windows\System32\Wbem;C:\Windows\System32\WindowsPowerShell\v1.0\;E:\Program Files\MySQL\MySQL Utilities 1.6\;E:\Program Files\Git\cmd;E:\Java\Java\jdk1.8.0_102\bin;E:\Java\Tomcat\apache-tomcat-9.0.0.M17\bin;E:\Java\Maven\apache-maven-3.3.9\bin;E:\Program Files\MySQL\mysql-5.6.24-win32\bin;E:\Java\eclipse;
USERNAME=ping
OS=Windows_NT
PROCESSOR_IDENTIFIER=Intel64 Family 6 Model 60 Stepping 3, GenuineIntel



---------------  S Y S T E M  ---------------

OS: Windows 7 , 64 bit Build 7601 (6.1.7601.17514)

CPU:total 4 (4 cores per cpu, 1 threads per core) family 6 model 60 stepping 3, cmov, cx8, fxsr, mmx, sse, sse2, sse3, ssse3, sse4.1, sse4.2, popcnt, avx, avx2, aes, clmul, erms, lzcnt, tsc, tscinvbit, bmi1, bmi2

Memory: 4k page, physical 8248244k(525148k free), swap 9065600k(4364k free)

vm_info: Java HotSpot(TM) 64-Bit Server VM (25.102-b14) for windows-amd64 JRE (1.8.0_102-b14), built on Jun 22 2016 13:15:21 by "java_re" with MS VC++ 10.0 (VS2010)

time: Fri Sep 29 23:29:02 2017
elapsed time: 3404 seconds (0d 0h 56m 44s)

