#
# There is insufficient memory for the Java Runtime Environment to continue.
# Native memory allocation (malloc) failed to allocate 96944 bytes for Chunk::new
# Possible reasons:
#   The system is out of physical RAM or swap space
#   In 32 bit mode, the process size limit was hit
# Possible solutions:
#   Reduce memory load on the system
#   Increase physical memory or swap space
#   Check if swap backing store is full
#   Use 64 bit Java on a 64 bit OS
#   Decrease Java heap size (-Xmx/-Xms)
#   Decrease number of Java threads
#   Decrease Java thread stack sizes (-Xss)
#   Set larger code cache with -XX:ReservedCodeCacheSize=
# This output file may be truncated or incomplete.
#
#  Out of Memory Error (allocation.cpp:390), pid=7384, tid=0x0000000000000180
#
# JRE version: Java(TM) SE Runtime Environment (8.0_102-b14) (build 1.8.0_102-b14)
# Java VM: Java HotSpot(TM) 64-Bit Server VM (25.102-b14 mixed mode windows-amd64 compressed oops)
# Failed to write core dump. Minidumps are not enabled by default on client versions of Windows
#

---------------  T H R E A D  ---------------

Current thread (0x0000000058c70000):  JavaThread "C2 CompilerThread1" daemon [_thread_in_native, id=384, stack(0x0000000058840000,0x0000000058940000)]

Stack: [0x0000000058840000,0x0000000058940000]
[error occurred during error reporting (printing stack bounds), id 0xc0000005]

Native frames: (J=compiled Java code, j=interpreted, Vv=VM code, C=native code)


Current CompileTask:
C2:  11540 7877       4       java.net.URLStreamHandler::parseURL (1158 bytes)


---------------  P R O C E S S  ---------------

Java Threads: ( => current thread )
  0x0000000060456800 JavaThread "qtp1409068927-21" [_thread_blocked, id=6420, stack(0x0000000067610000,0x0000000067710000)]
  0x0000000060455800 JavaThread "qtp1409068927-20" [_thread_blocked, id=600, stack(0x0000000062bd0000,0x0000000062cd0000)]
  0x0000000060455000 JavaThread "qtp1409068927-19" [_thread_blocked, id=7268, stack(0x0000000062740000,0x0000000062840000)]
  0x0000000060454000 JavaThread "qtp1409068927-18" [_thread_blocked, id=7756, stack(0x0000000062970000,0x0000000062a70000)]
  0x0000000060453800 JavaThread "qtp1409068927-17" [_thread_in_native, id=4364, stack(0x0000000062840000,0x0000000062940000)]
  0x0000000060452800 JavaThread "qtp1409068927-16" [_thread_in_native, id=5540, stack(0x000000005fb10000,0x000000005fc10000)]
  0x0000000060452000 JavaThread "qtp1409068927-15" [_thread_blocked, id=5932, stack(0x0000000062620000,0x0000000062720000)]
  0x0000000060451000 JavaThread "qtp1409068927-14" [_thread_blocked, id=5908, stack(0x0000000062520000,0x0000000062620000)]
  0x0000000058cf8000 JavaThread "Service Thread" daemon [_thread_blocked, id=3960, stack(0x00000000599c0000,0x0000000059ac0000)]
  0x0000000058ca0000 JavaThread "C1 CompilerThread2" daemon [_thread_in_native, id=6396, stack(0x0000000059480000,0x0000000059580000)]
=>0x0000000058c70000 JavaThread "C2 CompilerThread1" daemon [_thread_in_native, id=384, stack(0x0000000058840000,0x0000000058940000)]
  0x0000000058c6c800 JavaThread "C2 CompilerThread0" daemon [_thread_in_native, id=5548, stack(0x0000000059840000,0x0000000059940000)]
  0x0000000058c61800 JavaThread "JDWP Event Helper Thread" daemon [_thread_blocked, id=5072, stack(0x0000000059210000,0x0000000059310000)]
  0x0000000058c5a800 JavaThread "JDWP Transport Listener: dt_socket" daemon [_thread_in_native, id=3372, stack(0x0000000059670000,0x0000000059770000)]
  0x0000000058c38800 JavaThread "Attach Listener" daemon [_thread_blocked, id=5316, stack(0x0000000059320000,0x0000000059420000)]
  0x0000000057681800 JavaThread "Signal Dispatcher" daemon [_thread_blocked, id=2420, stack(0x00000000590f0000,0x00000000591f0000)]
  0x000000005766a000 JavaThread "Finalizer" daemon [_thread_blocked, id=5164, stack(0x0000000058b30000,0x0000000058c30000)]
  0x0000000057623000 JavaThread "Reference Handler" daemon [_thread_blocked, id=3504, stack(0x0000000058940000,0x0000000058a40000)]
  0x00000000025bf800 JavaThread "main" [_thread_in_vm, id=1412, stack(0x00000000027f0000,0x00000000028f0000)]

Other Threads:
  0x000000005761b800 VMThread [stack: 0x00000000586e0000,0x00000000587e0000] [id=6344]
  0x0000000058d4c000 WatcherThread [stack: 0x0000000059be0000,0x0000000059ce0000] [id=3464]

VM state:not at safepoint (normal execution)

VM Mutex/Monitor currently owned by a thread: None

Heap:
 PSYoungGen      total 315392K, used 212273K [0x00000000d6100000, 0x00000000f0400000, 0x0000000100000000)
  eden space 286720K, 64% used [0x00000000d6100000,0x00000000e144d3d0,0x00000000e7900000)
  from space 28672K, 99% used [0x00000000e9a00000,0x00000000eb5ff3c0,0x00000000eb600000)
  to   space 33792K, 0% used [0x00000000e7900000,0x00000000e7900000,0x00000000e9a00000)
 ParOldGen       total 69632K, used 37686K [0x0000000082200000, 0x0000000086600000, 0x00000000d6100000)
  object space 69632K, 54% used [0x0000000082200000,0x00000000846cdb10,0x0000000086600000)
 Metaspace       used 30419K, capacity 31192K, committed 31616K, reserved 1077248K
  class space    used 3337K, capacity 3597K, committed 3712K, reserved 1048576K

Card table byte_map: [0x0000000011cb0000,0x00000000120a0000] byte_map_base: 0x000000001189f000

Marking Bits: (ParMarkBitMap*) 0x000000006363a6c0
 Begin Bits: [0x00000000129b0000, 0x0000000014928000)
 End Bits:   [0x0000000014928000, 0x00000000168a0000)

Polling page: 0x00000000001c0000

CodeCache: size=245760Kb used=24064Kb max_used=24615Kb free=221695Kb
 bounds [0x00000000028f0000, 0x0000000004170000, 0x00000000118f0000]
 total_blobs=6845 nmethods=6421 adapters=342
 compilation: enabled

Compilation events (10 events):
Event: 11.496 Thread 0x0000000058ca0000 7882       3       org.objectweb.asm.MethodVisitor::visitAnnotationDefault (17 bytes)
Event: 11.496 Thread 0x0000000058ca0000 nmethod 7882 0x000000000386c950 code [0x000000000386cac0, 0x000000000386cd28]
Event: 11.496 Thread 0x0000000058ca0000 7885       3       org.objectweb.asm.ClassReader::a (194 bytes)
Event: 11.497 Thread 0x0000000058ca0000 nmethod 7885 0x0000000002e53b90 code [0x0000000002e53d20, 0x0000000002e54208]
Event: 11.497 Thread 0x0000000058ca0000 7884       3       org.eclipse.jetty.annotations.ContainerInitializerAnnotationHandler::handle (34 bytes)
Event: 11.497 Thread 0x0000000058ca0000 nmethod 7884 0x0000000002e53150 code [0x0000000002e53300, 0x0000000002e538c8]
Event: 11.535 Thread 0x0000000058ca0000 7888       3       sun.nio.fs.WindowsDirectoryStream$WindowsDirectoryIterator::isSelfOrParent (24 bytes)
Event: 11.535 Thread 0x0000000058ca0000 nmethod 7888 0x0000000003803e90 code [0x0000000003804000, 0x0000000003804378]
Event: 11.535 Thread 0x0000000058ca0000 7889       3       sun.nio.fs.WindowsDirectoryStream::access$400 (5 bytes)
Event: 11.535 Thread 0x0000000058ca0000 nmethod 7889 0x0000000003803ad0 code [0x0000000003803c20, 0x0000000003803d50]

GC Heap History (10 events):
Event: 3.848 GC heap before
{Heap before GC invocations=5 (full 0):
 PSYoungGen      total 136192K, used 54948K [0x00000000d6100000, 0x00000000deb00000, 0x0000000100000000)
  eden space 131072K, 38% used [0x00000000d6100000,0x00000000d91af378,0x00000000de100000)
  from space 5120K, 99% used [0x00000000de600000,0x00000000deafa020,0x00000000deb00000)
  to   space 5120K, 0% used [0x00000000de100000,0x00000000de100000,0x00000000de600000)
 ParOldGen       total 86016K, used 11825K [0x0000000082200000, 0x0000000087600000, 0x00000000d6100000)
  object space 86016K, 13% used [0x0000000082200000,0x0000000082d8c548,0x0000000087600000)
 Metaspace       used 20576K, capacity 21086K, committed 21296K, reserved 1069056K
  class space    used 2456K, capacity 2593K, committed 2688K, reserved 1048576K
Event: 3.879 GC heap after
Heap after GC invocations=5 (full 0):
 PSYoungGen      total 136192K, used 5096K [0x00000000d6100000, 0x00000000e7600000, 0x0000000100000000)
  eden space 131072K, 0% used [0x00000000d6100000,0x00000000d6100000,0x00000000de100000)
  from space 5120K, 99% used [0x00000000de100000,0x00000000de5fa020,0x00000000de600000)
  to   space 10752K, 0% used [0x00000000e6b80000,0x00000000e6b80000,0x00000000e7600000)
 ParOldGen       total 86016K, used 14223K [0x0000000082200000, 0x0000000087600000, 0x00000000d6100000)
  object space 86016K, 16% used [0x0000000082200000,0x0000000082fe3ee0,0x0000000087600000)
 Metaspace       used 20576K, capacity 21086K, committed 21296K, reserved 1069056K
  class space    used 2456K, capacity 2593K, committed 2688K, reserved 1048576K
}
Event: 3.879 GC heap before
{Heap before GC invocations=6 (full 1):
 PSYoungGen      total 136192K, used 5096K [0x00000000d6100000, 0x00000000e7600000, 0x0000000100000000)
  eden space 131072K, 0% used [0x00000000d6100000,0x00000000d6100000,0x00000000de100000)
  from space 5120K, 99% used [0x00000000de100000,0x00000000de5fa020,0x00000000de600000)
  to   space 10752K, 0% used [0x00000000e6b80000,0x00000000e6b80000,0x00000000e7600000)
 ParOldGen       total 86016K, used 14223K [0x0000000082200000, 0x0000000087600000, 0x00000000d6100000)
  object space 86016K, 16% used [0x0000000082200000,0x0000000082fe3ee0,0x0000000087600000)
 Metaspace       used 20576K, capacity 21086K, committed 21296K, reserved 1069056K
  class space    used 2456K, capacity 2593K, committed 2688K, reserved 1048576K
Event: 3.985 GC heap after
Heap after GC invocations=6 (full 1):
 PSYoungGen      total 136192K, used 0K [0x00000000d6100000, 0x00000000e7600000, 0x0000000100000000)
  eden space 131072K, 0% used [0x00000000d6100000,0x00000000d6100000,0x00000000de100000)
  from space 5120K, 0% used [0x00000000de100000,0x00000000de100000,0x00000000de600000)
  to   space 10752K, 0% used [0x00000000e6b80000,0x00000000e6b80000,0x00000000e7600000)
 ParOldGen       total 69632K, used 13943K [0x0000000082200000, 0x0000000086600000, 0x00000000d6100000)
  object space 69632K, 20% used [0x0000000082200000,0x0000000082f9dd00,0x0000000086600000)
 Metaspace       used 20576K, capacity 21086K, committed 21296K, reserved 1069056K
  class space    used 2456K, capacity 2593K, committed 2688K, reserved 1048576K
}
Event: 4.982 GC heap before
{Heap before GC invocations=7 (full 1):
 PSYoungGen      total 136192K, used 131072K [0x00000000d6100000, 0x00000000e7600000, 0x0000000100000000)
  eden space 131072K, 100% used [0x00000000d6100000,0x00000000de100000,0x00000000de100000)
  from space 5120K, 0% used [0x00000000de100000,0x00000000de100000,0x00000000de600000)
  to   space 10752K, 0% used [0x00000000e6b80000,0x00000000e6b80000,0x00000000e7600000)
 ParOldGen       total 69632K, used 13943K [0x0000000082200000, 0x0000000086600000, 0x00000000d6100000)
  object space 69632K, 20% used [0x0000000082200000,0x0000000082f9dd00,0x0000000086600000)
 Metaspace       used 22503K, capacity 23038K, committed 23296K, reserved 1069056K
  class space    used 2560K, capacity 2689K, committed 2816K, reserved 1048576K
Event: 5.022 GC heap after
Heap after GC invocations=7 (full 1):
 PSYoungGen      total 209408K, used 10741K [0x00000000d6100000, 0x00000000e7600000, 0x0000000100000000)
  eden space 198656K, 0% used [0x00000000d6100000,0x00000000d6100000,0x00000000e2300000)
  from space 10752K, 99% used [0x00000000e6b80000,0x00000000e75fd488,0x00000000e7600000)
  to   space 21504K, 0% used [0x00000000e4c00000,0x00000000e4c00000,0x00000000e6100000)
 ParOldGen       total 69632K, used 30843K [0x0000000082200000, 0x0000000086600000, 0x00000000d6100000)
  object space 69632K, 44% used [0x0000000082200000,0x000000008401ec48,0x0000000086600000)
 Metaspace       used 22503K, capacity 23038K, committed 23296K, reserved 1069056K
  class space    used 2560K, capacity 2689K, committed 2816K, reserved 1048576K
}
Event: 7.525 GC heap before
{Heap before GC invocations=8 (full 1):
 PSYoungGen      total 209408K, used 209397K [0x00000000d6100000, 0x00000000e7600000, 0x0000000100000000)
  eden space 198656K, 100% used [0x00000000d6100000,0x00000000e2300000,0x00000000e2300000)
  from space 10752K, 99% used [0x00000000e6b80000,0x00000000e75fd488,0x00000000e7600000)
  to   space 21504K, 0% used [0x00000000e4c00000,0x00000000e4c00000,0x00000000e6100000)
 ParOldGen       total 69632K, used 30843K [0x0000000082200000, 0x0000000086600000, 0x00000000d6100000)
  object space 69632K, 44% used [0x0000000082200000,0x000000008401ec48,0x0000000086600000)
 Metaspace       used 24275K, capacity 24822K, committed 24960K, reserved 1071104K
  class space    used 2703K, capacity 2857K, committed 2944K, reserved 1048576K
Event: 7.548 GC heap after
Heap after GC invocations=8 (full 1):
 PSYoungGen      total 262144K, used 21488K [0x00000000d6100000, 0x00000000eb600000, 0x0000000100000000)
  eden space 240640K, 0% used [0x00000000d6100000,0x00000000d6100000,0x00000000e4c00000)
  from space 21504K, 99% used [0x00000000e4c00000,0x00000000e60fc048,0x00000000e6100000)
  to   space 28672K, 0% used [0x00000000e9a00000,0x00000000e9a00000,0x00000000eb600000)
 ParOldGen       total 69632K, used 37301K [0x0000000082200000, 0x0000000086600000, 0x00000000d6100000)
  object space 69632K, 53% used [0x0000000082200000,0x000000008466d600,0x0000000086600000)
 Metaspace       used 24275K, capacity 24822K, committed 24960K, reserved 1071104K
  class space    used 2703K, capacity 2857K, committed 2944K, reserved 1048576K
}
Event: 10.445 GC heap before
{Heap before GC invocations=9 (full 1):
 PSYoungGen      total 262144K, used 262128K [0x00000000d6100000, 0x00000000eb600000, 0x0000000100000000)
  eden space 240640K, 100% used [0x00000000d6100000,0x00000000e4c00000,0x00000000e4c00000)
  from space 21504K, 99% used [0x00000000e4c00000,0x00000000e60fc048,0x00000000e6100000)
  to   space 28672K, 0% used [0x00000000e9a00000,0x00000000e9a00000,0x00000000eb600000)
 ParOldGen       total 69632K, used 37301K [0x0000000082200000, 0x0000000086600000, 0x00000000d6100000)
  object space 69632K, 53% used [0x0000000082200000,0x000000008466d600,0x0000000086600000)
 Metaspace       used 24970K, capacity 25662K, committed 25856K, reserved 1073152K
  class space    used 2738K, capacity 2969K, committed 3072K, reserved 1048576K
Event: 10.556 GC heap after
Heap after GC invocations=9 (full 1):
 PSYoungGen      total 315392K, used 28668K [0x00000000d6100000, 0x00000000f0400000, 0x0000000100000000)
  eden space 286720K, 0% used [0x00000000d6100000,0x00000000d6100000,0x00000000e7900000)
  from space 28672K, 99% used [0x00000000e9a00000,0x00000000eb5ff3c0,0x00000000eb600000)
  to   space 33792K, 0% used [0x00000000e7900000,0x00000000e7900000,0x00000000e9a00000)
 ParOldGen       total 69632K, used 37686K [0x0000000082200000, 0x0000000086600000, 0x00000000d6100000)
  object space 69632K, 54% used [0x0000000082200000,0x00000000846cdb10,0x0000000086600000)
 Metaspace       used 24970K, capacity 25662K, committed 25856K, reserved 1073152K
  class space    used 2738K, capacity 2969K, committed 3072K, reserved 1048576K
}

Deoptimization events (10 events):
Event: 11.023 Thread 0x00000000025bf800 Uncommon trap: reason=unstable_if action=reinterpret pc=0x00000000032bd9b4 method=java.util.Properties$LineReader.readLine()I @ 37
Event: 11.023 Thread 0x00000000025bf800 Uncommon trap: reason=unstable_if action=reinterpret pc=0x00000000032892b4 method=java.util.Properties$LineReader.readLine()I @ 105
Event: 11.080 Thread 0x00000000025bf800 Uncommon trap: reason=bimorphic action=maybe_recompile pc=0x0000000003355830 method=java.util.Hashtable.putAll(Ljava/util/Map;)V @ 1
Event: 11.143 Thread 0x0000000060455800 Uncommon trap: reason=null_check action=make_not_entrant pc=0x000000000362d0d4 method=java.lang.StringCoding.deref(Ljava/lang/ThreadLocal;)Ljava/lang/Object; @ 4
Event: 11.145 Thread 0x0000000060456800 Uncommon trap: reason=null_check action=make_not_entrant pc=0x000000000363e68c method=java.lang.StringCoding.deref(Ljava/lang/ThreadLocal;)Ljava/lang/Object; @ 4
Event: 11.165 Thread 0x0000000060452800 Uncommon trap: reason=unstable_if action=reinterpret pc=0x0000000002e2d8d4 method=java.util.concurrent.ConcurrentHashMap.putVal(Ljava/lang/Object;Ljava/lang/Object;Z)Ljava/lang/Object; @ 147
Event: 11.167 Thread 0x0000000060456800 Uncommon trap: reason=unstable_if action=reinterpret pc=0x00000000033b2308 method=java.util.concurrent.ConcurrentHashMap.get(Ljava/lang/Object;)Ljava/lang/Object; @ 86
Event: 11.402 Thread 0x0000000060456800 Uncommon trap: reason=unstable_if action=reinterpret pc=0x00000000036b60fc method=org.objectweb.asm.ClassReader.a(II[C)Ljava/lang/String; @ 77
Event: 11.410 Thread 0x0000000060456800 Uncommon trap: reason=unstable_if action=reinterpret pc=0x0000000003ccb2b8 method=org.objectweb.asm.ClassReader.b(Lorg/objectweb/asm/ClassVisitor;Lorg/objectweb/asm/Context;I)I @ 323
Event: 11.495 Thread 0x0000000060455000 Uncommon trap: reason=unstable_if action=reinterpret pc=0x0000000002b95574 method=org.objectweb.asm.ClassReader.a(II[C)Ljava/lang/String; @ 77

Internal exceptions (10 events):
Event: 11.160 Thread 0x0000000060453800 Exception <a 'sun/nio/fs/WindowsException'> (0x00000000d9c1d280) thrown at [C:\re\workspace\8-2-build-windows-amd64-cygwin\jdk8u102\7268\hotspot\src\share\vm\prims\jni.cpp, line 709]
Event: 11.161 Thread 0x0000000060453800 Exception <a 'sun/nio/fs/WindowsException'> (0x00000000d9c22700) thrown at [C:\re\workspace\8-2-build-windows-amd64-cygwin\jdk8u102\7268\hotspot\src\share\vm\prims\jni.cpp, line 709]
Event: 11.224 Thread 0x0000000060453800 Exception <a 'sun/nio/fs/WindowsException'> (0x00000000d9d99b80) thrown at [C:\re\workspace\8-2-build-windows-amd64-cygwin\jdk8u102\7268\hotspot\src\share\vm\prims\jni.cpp, line 709]
Event: 11.225 Thread 0x0000000060453800 Exception <a 'sun/nio/fs/WindowsException'> (0x00000000d9db23f0) thrown at [C:\re\workspace\8-2-build-windows-amd64-cygwin\jdk8u102\7268\hotspot\src\share\vm\prims\jni.cpp, line 709]
Event: 11.251 Thread 0x0000000060453800 Exception <a 'sun/nio/fs/WindowsException'> (0x00000000d9e808f0) thrown at [C:\re\workspace\8-2-build-windows-amd64-cygwin\jdk8u102\7268\hotspot\src\share\vm\prims\jni.cpp, line 709]
Event: 11.353 Thread 0x0000000060453800 Exception <a 'sun/nio/fs/WindowsException'> (0x00000000daf41c10) thrown at [C:\re\workspace\8-2-build-windows-amd64-cygwin\jdk8u102\7268\hotspot\src\share\vm\prims\jni.cpp, line 709]
Event: 11.415 Thread 0x0000000060453800 Exception <a 'sun/nio/fs/WindowsException'> (0x00000000de4c1478) thrown at [C:\re\workspace\8-2-build-windows-amd64-cygwin\jdk8u102\7268\hotspot\src\share\vm\prims\jni.cpp, line 709]
Event: 11.463 Thread 0x0000000060453800 Exception <a 'sun/nio/fs/WindowsException'> (0x00000000de5d2208) thrown at [C:\re\workspace\8-2-build-windows-amd64-cygwin\jdk8u102\7268\hotspot\src\share\vm\prims\jni.cpp, line 709]
Event: 11.493 Thread 0x0000000060453800 Exception <a 'sun/nio/fs/WindowsException'> (0x00000000de61cf88) thrown at [C:\re\workspace\8-2-build-windows-amd64-cygwin\jdk8u102\7268\hotspot\src\share\vm\prims\jni.cpp, line 709]
Event: 11.533 Thread 0x0000000060453800 Exception <a 'sun/nio/fs/WindowsException'> (0x00000000de67c040) thrown at [C:\re\workspace\8-2-build-windows-amd64-cygwin\jdk8u102\7268\hotspot\src\share\vm\prims\jni.cpp, line 709]

Events (10 events):
Event: 11.495 Thread 0x0000000060455000 DEOPT PACKING pc=0x0000000002b95574 sp=0x000000006283e6d0
Event: 11.495 Thread 0x0000000060455000 DEOPT UNPACKING pc=0x000000000293582a sp=0x000000006283e6a0 mode 2
Event: 11.533 Thread 0x0000000060453800 DEOPT PACKING pc=0x00000000031c8f5c sp=0x000000006293e8a0
Event: 11.533 Thread 0x0000000060453800 DEOPT UNPACKING pc=0x000000000293787f sp=0x000000006293e5e8 mode 1
Event: 11.533 Thread 0x0000000060453800 DEOPT PACKING pc=0x0000000003c700a4 sp=0x000000006293e950
Event: 11.533 Thread 0x0000000060453800 DEOPT UNPACKING pc=0x000000000293787f sp=0x000000006293e6e0 mode 1
Event: 11.533 Thread 0x0000000060453800 DEOPT PACKING pc=0x0000000002bb54a4 sp=0x000000006293ea60
Event: 11.533 Thread 0x0000000060453800 DEOPT UNPACKING pc=0x000000000293787f sp=0x000000006293e808 mode 1
Event: 11.533 Thread 0x0000000060453800 DEOPT PACKING pc=0x00000000037e0afc sp=0x000000006293eb50
Event: 11.533 Thread 0x0000000060453800 DEOPT UNPACKING pc=0x000000000293787f sp=0x000000006293e8c0 mode 1


Dynamic libraries:
0x000000013f9c0000 - 0x000000013f9f7000 	E:\Java\Java\jdk1.8.0_102\bin\javaw.exe
0x0000000077b40000 - 0x0000000077ce9000 	C:\Windows\SYSTEM32\ntdll.dll
0x0000000077a20000 - 0x0000000077b3f000 	C:\Windows\system32\kernel32.dll
0x000007fefddf0000 - 0x000007fefde5b000 	C:\Windows\system32\KERNELBASE.dll
0x000007fefe090000 - 0x000007fefe16b000 	C:\Windows\system32\ADVAPI32.dll
0x000007fefe6c0000 - 0x000007fefe75f000 	C:\Windows\system32\msvcrt.dll
0x000007fefeb00000 - 0x000007fefeb1f000 	C:\Windows\SYSTEM32\sechost.dll
0x000007fefe310000 - 0x000007fefe43d000 	C:\Windows\system32\RPCRT4.dll
0x0000000077920000 - 0x0000000077a1a000 	C:\Windows\system32\USER32.dll
0x000007fefe170000 - 0x000007fefe1d7000 	C:\Windows\system32\GDI32.dll
0x000007feffd10000 - 0x000007feffd1e000 	C:\Windows\system32\LPK.dll
0x000007feff8b0000 - 0x000007feff979000 	C:\Windows\system32\USP10.dll
0x000007fefc500000 - 0x000007fefc6f4000 	C:\Windows\WinSxS\amd64_microsoft.windows.common-controls_6595b64144ccf1df_6.0.7601.17514_none_fa396087175ac9ac\COMCTL32.dll
0x000007fefde60000 - 0x000007fefded1000 	C:\Windows\system32\SHLWAPI.dll
0x000007feff980000 - 0x000007feff9ae000 	C:\Windows\system32\IMM32.DLL
0x000007fefdee0000 - 0x000007fefdfe9000 	C:\Windows\system32\MSCTF.dll
0x0000000070ce0000 - 0x0000000070db1000 	E:\Java\Java\jdk1.8.0_102\jre\bin\msvcr100.dll
0x0000000062e20000 - 0x00000000636ba000 	E:\Java\Java\jdk1.8.0_102\jre\bin\server\jvm.dll
0x000007fefb760000 - 0x000007fefb769000 	C:\Windows\system32\WSOCK32.dll
0x000007fefe1e0000 - 0x000007fefe22d000 	C:\Windows\system32\WS2_32.dll
0x000007fefeaf0000 - 0x000007fefeaf8000 	C:\Windows\system32\NSI.dll
0x000007fefb8f0000 - 0x000007fefb92b000 	C:\Windows\system32\WINMM.dll
0x000007fefcbf0000 - 0x000007fefcbfc000 	C:\Windows\system32\VERSION.dll
0x0000000077d10000 - 0x0000000077d17000 	C:\Windows\system32\PSAPI.DLL
0x00000000716b0000 - 0x00000000716bf000 	E:\Java\Java\jdk1.8.0_102\jre\bin\verify.dll
0x0000000070e70000 - 0x0000000070e99000 	E:\Java\Java\jdk1.8.0_102\jre\bin\java.dll
0x0000000070e30000 - 0x0000000070e65000 	E:\Java\Java\jdk1.8.0_102\jre\bin\jdwp.dll
0x00000000716e0000 - 0x00000000716e8000 	E:\Java\Java\jdk1.8.0_102\jre\bin\npt.dll
0x00000000715e0000 - 0x00000000715f6000 	E:\Java\Java\jdk1.8.0_102\jre\bin\zip.dll
0x000007fefeb20000 - 0x000007feff8a8000 	C:\Windows\system32\SHELL32.dll
0x000007fefe760000 - 0x000007fefe963000 	C:\Windows\system32\ole32.dll
0x000007fefda90000 - 0x000007fefda9f000 	C:\Windows\system32\profapi.dll
0x00000000716a0000 - 0x00000000716a9000 	E:\Java\Java\jdk1.8.0_102\jre\bin\dt_socket.dll
0x000007fefd2c0000 - 0x000007fefd315000 	C:\Windows\system32\mswsock.dll
0x000007fefccc0000 - 0x000007fefccc7000 	C:\Windows\System32\wshtcpip.dll
0x00000000710c0000 - 0x00000000710da000 	E:\Java\Java\jdk1.8.0_102\jre\bin\net.dll
0x000007fefd2b0000 - 0x000007fefd2b7000 	C:\Windows\System32\wship6.dll
0x0000000070e10000 - 0x0000000070e21000 	E:\Java\Java\jdk1.8.0_102\jre\bin\nio.dll
0x0000000070e00000 - 0x0000000070e0d000 	E:\Java\Java\jdk1.8.0_102\jre\bin\management.dll

VM Arguments:
jvm_args: -Dmaven.home=E:\Java\Maven\apache-maven-3.3.9 -Dclassworlds.conf=E:\workspace\.metadata\.plugins\org.eclipse.m2e.launching\launches\m2conf6053804770345077597.tmp -Dmaven.multiModuleProjectDirectory=E:\workspace\yiwu -Xdebug -Xnoagent -Djava.compiler=NONE -Xrunjdwp:transport=dt_socket,address=4000,server=y,suspend=n -Dfile.encoding=UTF-8 
java_command: org.codehaus.plexus.classworlds.launcher.Launcher -B -s E:\Java\Maven\settings.xml clean jetty:run -Pdev -Djetty.port=9090
java_class_path (initial): E:\Java\Maven\apache-maven-3.3.9\boot\plexus-classworlds-2.5.2.jar
Launcher Type: SUN_STANDARD

Environment Variables:
JAVA_HOME=E:\Java\Java\jdk1.8.0_102
CLASSPATH=.;E:\Java\Java\jdk1.8.0_102\lib\tools.jar;E:\Java\Java\jdk1.8.0_102\lib\dt.jar
PATH=C:/Program Files/Java/jre1.8.0_121/bin/server;C:/Program Files/Java/jre1.8.0_121/bin;C:/Program Files/Java/jre1.8.0_121/lib/amd64;C:\ProgramData\Oracle\Java\javapath;C:\Windows\system32;C:\Windows;C:\Windows\System32\Wbem;C:\Windows\System32\WindowsPowerShell\v1.0\;E:\Program Files\MySQL\MySQL Utilities 1.6\;E:\Program Files\Git\cmd;E:\Java\Java\jdk1.8.0_102\bin;E:\Java\Tomcat\apache-tomcat-9.0.0.M17\bin;E:\Java\Maven\apache-maven-3.3.9\bin;E:\Program Files\MySQL\mysql-5.6.24-win32\bin;E:\Java\eclipse;
USERNAME=ping
OS=Windows_NT
PROCESSOR_IDENTIFIER=Intel64 Family 6 Model 60 Stepping 3, GenuineIntel



---------------  S Y S T E M  ---------------

OS: Windows 7 , 64 bit Build 7601 (6.1.7601.17514)

CPU:total 4 (4 cores per cpu, 1 threads per core) family 6 model 60 stepping 3, cmov, cx8, fxsr, mmx, sse, sse2, sse3, ssse3, sse4.1, sse4.2, popcnt, avx, avx2, aes, clmul, erms, lzcnt, tsc, tscinvbit, bmi1, bmi2

Memory: 4k page, physical 8248244k(1484520k free), swap 9065600k(4864k free)

vm_info: Java HotSpot(TM) 64-Bit Server VM (25.102-b14) for windows-amd64 JRE (1.8.0_102-b14), built on Jun 22 2016 13:15:21 by "java_re" with MS VC++ 10.0 (VS2010)

time: Wed Sep 20 03:05:04 2017
elapsed time: 11 seconds (0d 0h 0m 11s)

