#
# There is insufficient memory for the Java Runtime Environment to continue.
# Native memory allocation (malloc) failed to allocate 32744 bytes for ChunkPool::allocate
# Possible reasons:
#   The system is out of physical RAM or swap space
#   In 32 bit mode, the process size limit was hit
# Possible solutions:
#   Reduce memory load on the system
#   Increase physical memory or swap space
#   Check if swap backing store is full
#   Use 64 bit Java on a 64 bit OS
#   Decrease Java heap size (-Xmx/-Xms)
#   Decrease number of Java threads
#   Decrease Java thread stack sizes (-Xss)
#   Set larger code cache with -XX:ReservedCodeCacheSize=
# This output file may be truncated or incomplete.
#
#  Out of Memory Error (allocation.cpp:273), pid=8260, tid=0x0000000000002450
#
# JRE version: Java(TM) SE Runtime Environment (8.0_102-b14) (build 1.8.0_102-b14)
# Java VM: Java HotSpot(TM) 64-Bit Server VM (25.102-b14 mixed mode windows-amd64 compressed oops)
# Failed to write core dump. Minidumps are not enabled by default on client versions of Windows
#

---------------  T H R E A D  ---------------

Current thread (0x000000001d424800):  JavaThread "C2 CompilerThread1" daemon [_thread_in_native, id=9296, stack(0x000000001e080000,0x000000001e180000)]

Stack: [0x000000001e080000,0x000000001e180000]
[error occurred during error reporting (printing stack bounds), id 0xc0000005]

Native frames: (J=compiled Java code, j=interpreted, Vv=VM code, C=native code)


Current CompileTask:
C2:1796688 73902       4       org.springframework.asm.ClassReader::readCode (3579 bytes)


---------------  P R O C E S S  ---------------

Java Threads: ( => current thread )
  0x0000000028254800 JavaThread "qtp1403151964-1091" [_thread_blocked, id=3092, stack(0x0000000085960000,0x0000000085a60000)]
  0x00000000339d1800 JavaThread "qtp1403151964-1090" [_thread_blocked, id=6544, stack(0x0000000085d80000,0x0000000085e80000)]
  0x0000000028257000 JavaThread "PathWatcher-Thread[D:\Workspace3\yiwu (+48)]" daemon [_thread_in_vm, id=5136, stack(0x0000000098150000,0x0000000098250000)]
  0x0000000036ca1000 JavaThread "Abandoned connection cleanup thread" daemon [_thread_blocked, id=8276, stack(0x00000000940c0000,0x00000000941c0000)]
  0x00000000370a5000 JavaThread "C3P0PooledConnectionPoolManager[identityToken->1hge0z79ro42zys1nxqcv4|73df477a]-HelperThread-#2" daemon [_thread_blocked, id=4552, stack(0x0000000093d30000,0x0000000093e30000)]
  0x00000000370a5800 JavaThread "C3P0PooledConnectionPoolManager[identityToken->1hge0z79ro42zys1nxqcv4|73df477a]-HelperThread-#1" daemon [_thread_blocked, id=5280, stack(0x0000000093be0000,0x0000000093ce0000)]
  0x000000003709c000 JavaThread "C3P0PooledConnectionPoolManager[identityToken->1hge0z79ro42zys1nxqcv4|73df477a]-HelperThread-#0" daemon [_thread_blocked, id=8392, stack(0x0000000093ad0000,0x0000000093bd0000)]
  0x00000000370a3800 JavaThread "C3P0PooledConnectionPoolManager[identityToken->1hge0z79ro42zys1nxqcv4|73df477a]-AdminTaskTimer" daemon [_thread_blocked, id=8416, stack(0x0000000091d20000,0x0000000091e20000)]
  0x0000000036ca7800 JavaThread "Abandoned connection cleanup thread" daemon [_thread_blocked, id=2940, stack(0x000000008f8e0000,0x000000008f9e0000)]
  0x0000000036ca0800 JavaThread "C3P0PooledConnectionPoolManager[identityToken->1hge0z79ro4242a1kl6qlr|36d83106]-HelperThread-#2" daemon [_thread_blocked, id=5760, stack(0x0000000091bc0000,0x0000000091cc0000)]
  0x0000000036ca4000 JavaThread "C3P0PooledConnectionPoolManager[identityToken->1hge0z79ro4242a1kl6qlr|36d83106]-HelperThread-#1" daemon [_thread_blocked, id=9348, stack(0x0000000091440000,0x0000000091540000)]
  0x0000000036ca5000 JavaThread "C3P0PooledConnectionPoolManager[identityToken->1hge0z79ro4242a1kl6qlr|36d83106]-HelperThread-#0" daemon [_thread_blocked, id=8120, stack(0x0000000091100000,0x0000000091200000)]
  0x0000000036c9e000 JavaThread "C3P0PooledConnectionPoolManager[identityToken->1hge0z79ro4242a1kl6qlr|36d83106]-AdminTaskTimer" daemon [_thread_blocked, id=6152, stack(0x0000000090440000,0x0000000090540000)]
  0x000000004c041800 JavaThread "qtp1403151964-965" [_thread_blocked, id=6600, stack(0x000000008f9e0000,0x000000008fae0000)]
  0x000000005bf67000 JavaThread "Abandoned connection cleanup thread" daemon [_thread_blocked, id=6584, stack(0x000000008f230000,0x000000008f330000)]
  0x000000005bf65000 JavaThread "C3P0PooledConnectionPoolManager[identityToken->1hge0z79ro417kfe0payx|74430514]-HelperThread-#2" daemon [_thread_blocked, id=6836, stack(0x0000000086e60000,0x0000000086f60000)]
  0x000000005bf5f000 JavaThread "C3P0PooledConnectionPoolManager[identityToken->1hge0z79ro417kfe0payx|74430514]-HelperThread-#1" daemon [_thread_blocked, id=4652, stack(0x000000008ec10000,0x000000008ed10000)]
  0x000000005bf65800 JavaThread "C3P0PooledConnectionPoolManager[identityToken->1hge0z79ro417kfe0payx|74430514]-HelperThread-#0" daemon [_thread_blocked, id=8064, stack(0x000000008c810000,0x000000008c910000)]
  0x0000000022e44000 JavaThread "C3P0PooledConnectionPoolManager[identityToken->1hge0z79ro417kfe0payx|74430514]-AdminTaskTimer" daemon [_thread_blocked, id=3056, stack(0x0000000045560000,0x0000000045660000)]
  0x000000004c03c000 JavaThread "Abandoned connection cleanup thread" daemon [_thread_blocked, id=9420, stack(0x0000000087bd0000,0x0000000087cd0000)]
  0x000000004c03f000 JavaThread "C3P0PooledConnectionPoolManager[identityToken->1hge0z79ro40n8mx6qevp|6f0c5849]-HelperThread-#2" daemon [_thread_blocked, id=7524, stack(0x0000000075400000,0x0000000075500000)]
  0x000000004c03d800 JavaThread "C3P0PooledConnectionPoolManager[identityToken->1hge0z79ro40n8mx6qevp|6f0c5849]-HelperThread-#1" daemon [_thread_blocked, id=10200, stack(0x000000007c870000,0x000000007c970000)]
  0x000000004c040800 JavaThread "C3P0PooledConnectionPoolManager[identityToken->1hge0z79ro40n8mx6qevp|6f0c5849]-HelperThread-#0" daemon [_thread_blocked, id=9544, stack(0x0000000086640000,0x0000000086740000)]
  0x000000004c040000 JavaThread "C3P0PooledConnectionPoolManager[identityToken->1hge0z79ro40n8mx6qevp|6f0c5849]-AdminTaskTimer" daemon [_thread_blocked, id=6088, stack(0x0000000060cb0000,0x0000000060db0000)]
  0x0000000066f2f800 JavaThread "Abandoned connection cleanup thread" daemon [_thread_blocked, id=3556, stack(0x0000000085a70000,0x0000000085b70000)]
  0x0000000066f28000 JavaThread "C3P0PooledConnectionPoolManager[identityToken->1hge0z79ro3i11n96kc6b|64609866]-HelperThread-#2" daemon [_thread_blocked, id=1404, stack(0x0000000079e40000,0x0000000079f40000)]
  0x0000000066f26800 JavaThread "C3P0PooledConnectionPoolManager[identityToken->1hge0z79ro3i11n96kc6b|64609866]-HelperThread-#1" daemon [_thread_blocked, id=6760, stack(0x00000000862e0000,0x00000000863e0000)]
  0x0000000066f22800 JavaThread "C3P0PooledConnectionPoolManager[identityToken->1hge0z79ro3i11n96kc6b|64609866]-HelperThread-#0" daemon [_thread_blocked, id=2208, stack(0x000000007e1d0000,0x000000007e2d0000)]
  0x0000000066f23800 JavaThread "C3P0PooledConnectionPoolManager[identityToken->1hge0z79ro3i11n96kc6b|64609866]-AdminTaskTimer" daemon [_thread_blocked, id=6492, stack(0x0000000083de0000,0x0000000083ee0000)]
  0x00000000339ce000 JavaThread "qtp1403151964-774" [_thread_blocked, id=1900, stack(0x0000000083840000,0x0000000083940000)]
  0x000000005bf60800 JavaThread "Abandoned connection cleanup thread" daemon [_thread_blocked, id=7264, stack(0x000000007ec10000,0x000000007ed10000)]
  0x000000005bf5d800 JavaThread "C3P0PooledConnectionPoolManager[identityToken->1hge0z79ro3gnd71y7zvt4|45dd0d4d]-HelperThread-#2" daemon [_thread_blocked, id=10028, stack(0x0000000082ad0000,0x0000000082bd0000)]
  0x000000005bf62000 JavaThread "C3P0PooledConnectionPoolManager[identityToken->1hge0z79ro3gnd71y7zvt4|45dd0d4d]-HelperThread-#1" daemon [_thread_blocked, id=3376, stack(0x0000000082580000,0x0000000082680000)]
  0x000000002c434800 JavaThread "C3P0PooledConnectionPoolManager[identityToken->1hge0z79ro3gnd71y7zvt4|45dd0d4d]-HelperThread-#0" daemon [_thread_blocked, id=9804, stack(0x0000000081550000,0x0000000081650000)]
  0x000000002c438800 JavaThread "C3P0PooledConnectionPoolManager[identityToken->1hge0z79ro3gnd71y7zvt4|45dd0d4d]-AdminTaskTimer" daemon [_thread_blocked, id=3196, stack(0x000000007cda0000,0x000000007cea0000)]
  0x000000006c41e800 JavaThread "Abandoned connection cleanup thread" daemon [_thread_blocked, id=10180, stack(0x000000007de20000,0x000000007df20000)]
  0x000000006c416800 JavaThread "C3P0PooledConnectionPoolManager[identityToken->1hge0z79ro3g0qq1msym9b|4ff5d0ad]-HelperThread-#2" daemon [_thread_blocked, id=9676, stack(0x0000000072cd0000,0x0000000072dd0000)]
  0x000000006c420000 JavaThread "C3P0PooledConnectionPoolManager[identityToken->1hge0z79ro3g0qq1msym9b|4ff5d0ad]-HelperThread-#1" daemon [_thread_blocked, id=4432, stack(0x0000000071990000,0x0000000071a90000)]
  0x000000006c419800 JavaThread "C3P0PooledConnectionPoolManager[identityToken->1hge0z79ro3g0qq1msym9b|4ff5d0ad]-HelperThread-#0" daemon [_thread_blocked, id=7880, stack(0x0000000073c90000,0x0000000073d90000)]
  0x000000006c41a000 JavaThread "C3P0PooledConnectionPoolManager[identityToken->1hge0z79ro3g0qq1msym9b|4ff5d0ad]-AdminTaskTimer" daemon [_thread_blocked, id=9680, stack(0x00000000450f0000,0x00000000451f0000)]
  0x0000000066f22000 JavaThread "Abandoned connection cleanup thread" daemon [_thread_blocked, id=7324, stack(0x000000007c3a0000,0x000000007c4a0000)]
  0x0000000066f25000 JavaThread "C3P0PooledConnectionPoolManager[identityToken->1hge0z79ro3f1j4saedq8|416447e0]-HelperThread-#2" daemon [_thread_blocked, id=5788, stack(0x000000007ced0000,0x000000007cfd0000)]
  0x0000000066f28800 JavaThread "C3P0PooledConnectionPoolManager[identityToken->1hge0z79ro3f1j4saedq8|416447e0]-HelperThread-#1" daemon [_thread_blocked, id=9904, stack(0x000000007c770000,0x000000007c870000)]
  0x0000000066f2e800 JavaThread "C3P0PooledConnectionPoolManager[identityToken->1hge0z79ro3f1j4saedq8|416447e0]-HelperThread-#0" daemon [_thread_blocked, id=4280, stack(0x000000007a9a0000,0x000000007aaa0000)]
  0x0000000066f30000 JavaThread "C3P0PooledConnectionPoolManager[identityToken->1hge0z79ro3f1j4saedq8|416447e0]-AdminTaskTimer" daemon [_thread_blocked, id=6196, stack(0x000000007acc0000,0x000000007adc0000)]
  0x000000006cdd3800 JavaThread "Abandoned connection cleanup thread" daemon [_thread_blocked, id=7084, stack(0x000000007a660000,0x000000007a760000)]
  0x000000006cdd4800 JavaThread "C3P0PooledConnectionPoolManager[identityToken->1hge0z79ro3dv8m6fg6eu|7a61cb67]-HelperThread-#2" daemon [_thread_blocked, id=9380, stack(0x000000007a4f0000,0x000000007a5f0000)]
  0x000000006cdd0000 JavaThread "C3P0PooledConnectionPoolManager[identityToken->1hge0z79ro3dv8m6fg6eu|7a61cb67]-HelperThread-#1" daemon [_thread_blocked, id=6424, stack(0x000000007a140000,0x000000007a240000)]
  0x000000006cdcb800 JavaThread "C3P0PooledConnectionPoolManager[identityToken->1hge0z79ro3dv8m6fg6eu|7a61cb67]-HelperThread-#0" daemon [_thread_blocked, id=8368, stack(0x0000000074eb0000,0x0000000074fb0000)]
  0x000000006cdcc000 JavaThread "C3P0PooledConnectionPoolManager[identityToken->1hge0z79ro3dv8m6fg6eu|7a61cb67]-AdminTaskTimer" daemon [_thread_blocked, id=4456, stack(0x0000000079490000,0x0000000079590000)]
  0x000000002093e800 JavaThread "qtp1403151964-524" [_thread_blocked, id=5044, stack(0x0000000021b60000,0x0000000021c60000)]
  0x000000006cdcd000 JavaThread "Abandoned connection cleanup thread" daemon [_thread_blocked, id=7696, stack(0x00000000737d0000,0x00000000738d0000)]
  0x000000006cdcd800 JavaThread "C3P0PooledConnectionPoolManager[identityToken->1hge0z79ro3cl9n1eqx5u3|7931477e]-HelperThread-#2" daemon [_thread_blocked, id=9636, stack(0x0000000060370000,0x0000000060470000)]
  0x000000006cdce800 JavaThread "C3P0PooledConnectionPoolManager[identityToken->1hge0z79ro3cl9n1eqx5u3|7931477e]-HelperThread-#1" daemon [_thread_blocked, id=9052, stack(0x0000000070e20000,0x0000000070f20000)]
  0x000000003a4bb000 JavaThread "C3P0PooledConnectionPoolManager[identityToken->1hge0z79ro3cl9n1eqx5u3|7931477e]-HelperThread-#0" daemon [_thread_blocked, id=8252, stack(0x0000000045770000,0x0000000045870000)]
  0x000000003a4b9800 JavaThread "C3P0PooledConnectionPoolManager[identityToken->1hge0z79ro3cl9n1eqx5u3|7931477e]-AdminTaskTimer" daemon [_thread_blocked, id=9596, stack(0x0000000066020000,0x0000000066120000)]
  0x00000000370a2000 JavaThread "Abandoned connection cleanup thread" daemon [_thread_blocked, id=7832, stack(0x0000000068ed0000,0x0000000068fd0000)]
  0x00000000370a1000 JavaThread "C3P0PooledConnectionPoolManager[identityToken->1hge0z79ro3bsbc1hp5f9b|2ed788d1]-HelperThread-#2" daemon [_thread_blocked, id=1672, stack(0x0000000073040000,0x0000000073140000)]
  0x000000003709e000 JavaThread "C3P0PooledConnectionPoolManager[identityToken->1hge0z79ro3bsbc1hp5f9b|2ed788d1]-HelperThread-#1" daemon [_thread_blocked, id=10020, stack(0x0000000072ef0000,0x0000000072ff0000)]
  0x00000000370a0800 JavaThread "C3P0PooledConnectionPoolManager[identityToken->1hge0z79ro3bsbc1hp5f9b|2ed788d1]-HelperThread-#0" daemon [_thread_blocked, id=5100, stack(0x0000000072dd0000,0x0000000072ed0000)]
  0x000000003709d800 JavaThread "C3P0PooledConnectionPoolManager[identityToken->1hge0z79ro3bsbc1hp5f9b|2ed788d1]-AdminTaskTimer" daemon [_thread_blocked, id=9500, stack(0x00000000720e0000,0x00000000721e0000)]
  0x0000000025189000 JavaThread "Abandoned connection cleanup thread" daemon [_thread_blocked, id=9400, stack(0x0000000065050000,0x0000000065150000)]
  0x000000002518a800 JavaThread "C3P0PooledConnectionPoolManager[identityToken->1hge0z79ro3aw58vmw8hm|3467907f]-HelperThread-#2" daemon [_thread_blocked, id=1572, stack(0x0000000065d00000,0x0000000065e00000)]
  0x0000000025189800 JavaThread "C3P0PooledConnectionPoolManager[identityToken->1hge0z79ro3aw58vmw8hm|3467907f]-HelperThread-#1" daemon [_thread_blocked, id=3792, stack(0x0000000062560000,0x0000000062660000)]
  0x0000000025188000 JavaThread "C3P0PooledConnectionPoolManager[identityToken->1hge0z79ro3aw58vmw8hm|3467907f]-HelperThread-#0" daemon [_thread_blocked, id=2768, stack(0x0000000064330000,0x0000000064430000)]
  0x000000002518b000 JavaThread "C3P0PooledConnectionPoolManager[identityToken->1hge0z79ro3aw58vmw8hm|3467907f]-AdminTaskTimer" daemon [_thread_blocked, id=7428, stack(0x0000000064ac0000,0x0000000064bc0000)]
  0x0000000037ff4000 JavaThread "Abandoned connection cleanup thread" daemon [_thread_blocked, id=8460, stack(0x0000000063730000,0x0000000063830000)]
  0x0000000037fee000 JavaThread "C3P0PooledConnectionPoolManager[identityToken->1hge0z79ro39s83o38urf|97d5a97]-HelperThread-#2" daemon [_thread_blocked, id=9724, stack(0x0000000061910000,0x0000000061a10000)]
  0x0000000037ff2800 JavaThread "C3P0PooledConnectionPoolManager[identityToken->1hge0z79ro39s83o38urf|97d5a97]-HelperThread-#1" daemon [_thread_blocked, id=5320, stack(0x0000000063600000,0x0000000063700000)]
  0x0000000037fef800 JavaThread "C3P0PooledConnectionPoolManager[identityToken->1hge0z79ro39s83o38urf|97d5a97]-HelperThread-#0" daemon [_thread_blocked, id=7968, stack(0x0000000023fc0000,0x00000000240c0000)]
  0x0000000037ff3800 JavaThread "C3P0PooledConnectionPoolManager[identityToken->1hge0z79ro39s83o38urf|97d5a97]-AdminTaskTimer" daemon [_thread_blocked, id=9816, stack(0x0000000062030000,0x0000000062130000)]
  0x000000001ed07800 JavaThread "Abandoned connection cleanup thread" daemon [_thread_blocked, id=9736, stack(0x0000000060f20000,0x0000000061020000)]
  0x000000001ed06000 JavaThread "C3P0PooledConnectionPoolManager[identityToken->1hge0z79ro38vec1tab8ms|2d36ce14]-HelperThread-#2" daemon [_thread_blocked, id=9648, stack(0x00000000474e0000,0x00000000475e0000)]
  0x000000001ed09000 JavaThread "C3P0PooledConnectionPoolManager[identityToken->1hge0z79ro38vec1tab8ms|2d36ce14]-HelperThread-#1" daemon [_thread_blocked, id=7592, stack(0x0000000060db0000,0x0000000060eb0000)]
  0x000000001ed06800 JavaThread "C3P0PooledConnectionPoolManager[identityToken->1hge0z79ro38vec1tab8ms|2d36ce14]-HelperThread-#0" daemon [_thread_blocked, id=3564, stack(0x0000000044dc0000,0x0000000044ec0000)]
  0x000000001ed08000 JavaThread "C3P0PooledConnectionPoolManager[identityToken->1hge0z79ro38vec1tab8ms|2d36ce14]-AdminTaskTimer" daemon [_thread_blocked, id=8384, stack(0x000000004a2c0000,0x000000004a3c0000)]
  0x00000000234d2000 JavaThread "Abandoned connection cleanup thread" daemon [_thread_blocked, id=8768, stack(0x0000000049a30000,0x0000000049b30000)]
  0x00000000234ce000 JavaThread "C3P0PooledConnectionPoolManager[identityToken->1hge0z79ro38ec61qg49im|4e5eacd5]-HelperThread-#2" daemon [_thread_blocked, id=1756, stack(0x0000000049590000,0x0000000049690000)]
  0x00000000234d1000 JavaThread "C3P0PooledConnectionPoolManager[identityToken->1hge0z79ro38ec61qg49im|4e5eacd5]-HelperThread-#1" daemon [_thread_blocked, id=9396, stack(0x0000000049910000,0x0000000049a10000)]
  0x000000003f7ab000 JavaThread "C3P0PooledConnectionPoolManager[identityToken->1hge0z79ro38ec61qg49im|4e5eacd5]-HelperThread-#0" daemon [_thread_blocked, id=4284, stack(0x00000000483d0000,0x00000000484d0000)]
  0x000000003f7ac800 JavaThread "C3P0PooledConnectionPoolManager[identityToken->1hge0z79ro38ec61qg49im|4e5eacd5]-AdminTaskTimer" daemon [_thread_blocked, id=4760, stack(0x0000000048d70000,0x0000000048e70000)]
  0x000000003a72a800 JavaThread "Abandoned connection cleanup thread" daemon [_thread_blocked, id=2212, stack(0x0000000045400000,0x0000000045500000)]
  0x000000003a730000 JavaThread "C3P0PooledConnectionPoolManager[identityToken->1hge0z79ro37vqbrk7ue0|bd6830b]-HelperThread-#2" daemon [_thread_blocked, id=8068, stack(0x0000000045670000,0x0000000045770000)]
  0x000000001d4d4800 JavaThread "C3P0PooledConnectionPoolManager[identityToken->1hge0z79ro37vqbrk7ue0|bd6830b]-HelperThread-#1" daemon [_thread_blocked, id=3848, stack(0x00000000479d0000,0x0000000047ad0000)]
  0x000000001d4d9000 JavaThread "C3P0PooledConnectionPoolManager[identityToken->1hge0z79ro37vqbrk7ue0|bd6830b]-HelperThread-#0" daemon [_thread_blocked, id=9048, stack(0x0000000047820000,0x0000000047920000)]
  0x000000001d4d7800 JavaThread "C3P0PooledConnectionPoolManager[identityToken->1hge0z79ro37vqbrk7ue0|bd6830b]-AdminTaskTimer" daemon [_thread_blocked, id=9316, stack(0x0000000027e60000,0x0000000027f60000)]
  0x000000001ff6d000 JavaThread "C3P0PooledConnectionPoolManager[identityToken->1hge0z79ro31rxw1nkto6t|a813b53]-HelperThread-#2" daemon [_thread_blocked, id=1876, stack(0x0000000043c00000,0x0000000043d00000)]
  0x000000001ff6c800 JavaThread "C3P0PooledConnectionPoolManager[identityToken->1hge0z79ro31rxw1nkto6t|a813b53]-HelperThread-#1" daemon [_thread_blocked, id=9332, stack(0x0000000043470000,0x0000000043570000)]
  0x000000001ff6b800 JavaThread "C3P0PooledConnectionPoolManager[identityToken->1hge0z79ro31rxw1nkto6t|a813b53]-HelperThread-#0" daemon [_thread_blocked, id=9980, stack(0x0000000033030000,0x0000000033130000)]
  0x000000001ff6b000 JavaThread "C3P0PooledConnectionPoolManager[identityToken->1hge0z79ro31rxw1nkto6t|a813b53]-AdminTaskTimer" daemon [_thread_blocked, id=5840, stack(0x0000000043a50000,0x0000000043b50000)]
  0x000000001ff67000 JavaThread "Abandoned connection cleanup thread" daemon [_thread_blocked, id=7388, stack(0x000000001e5c0000,0x000000001e6c0000)]
  0x000000001ff68000 JavaThread "Scheduler-1845415084" [_thread_blocked, id=6012, stack(0x000000002fe60000,0x000000002ff60000)]
  0x000000001fe74000 JavaThread "qtp1403151964-21" [_thread_blocked, id=9976, stack(0x0000000027960000,0x0000000027a60000)]
  0x0000000022480800 JavaThread "qtp1403151964-20" [_thread_in_native, id=4524, stack(0x000000001e370000,0x000000001e470000)]
  0x0000000020f71800 JavaThread "qtp1403151964-19" [_thread_blocked, id=5244, stack(0x0000000025830000,0x0000000025930000)]
  0x0000000022762800 JavaThread "qtp1403151964-18" [_thread_blocked, id=9272, stack(0x0000000025660000,0x0000000025760000)]
  0x0000000020a57800 JavaThread "qtp1403151964-17-acceptor-0@4f77a4c-ServerConnector@70079b13{HTTP/1.1,[http/1.1]}{0.0.0.0:9090}" [_thread_in_native, id=7900, stack(0x000000001df60000,0x000000001e060000)]
  0x00000000262ce000 JavaThread "qtp1403151964-15" [_thread_in_native, id=9476, stack(0x0000000023eb0000,0x0000000023fb0000)]
  0x000000001d4a7800 JavaThread "Service Thread" daemon [_thread_blocked, id=5536, stack(0x000000001e470000,0x000000001e570000)]
  0x000000001d428800 JavaThread "C1 CompilerThread2" daemon [_thread_blocked, id=5648, stack(0x000000001e270000,0x000000001e370000)]
=>0x000000001d424800 JavaThread "C2 CompilerThread1" daemon [_thread_in_native, id=9296, stack(0x000000001e080000,0x000000001e180000)]
  0x000000001d421800 JavaThread "C2 CompilerThread0" daemon [_thread_blocked, id=6856, stack(0x000000001d840000,0x000000001d940000)]
  0x000000001d412800 JavaThread "JDWP Event Helper Thread" daemon [_thread_blocked, id=5348, stack(0x000000001dc70000,0x000000001dd70000)]
  0x000000001d406000 JavaThread "JDWP Transport Listener: dt_socket" daemon [_thread_in_native, id=9600, stack(0x000000001de60000,0x000000001df60000)]
  0x000000001c024000 JavaThread "Attach Listener" daemon [_thread_blocked, id=10052, stack(0x000000001db20000,0x000000001dc20000)]
  0x000000001c023000 JavaThread "Signal Dispatcher" daemon [_thread_blocked, id=1496, stack(0x000000001d980000,0x000000001da80000)]
  0x000000001c00b800 JavaThread "Finalizer" daemon [_thread_blocked, id=9696, stack(0x000000001d2e0000,0x000000001d3e0000)]
  0x000000001bfc4800 JavaThread "Reference Handler" daemon [_thread_blocked, id=2540, stack(0x000000001d050000,0x000000001d150000)]
  0x0000000002598000 JavaThread "main" [_thread_blocked, id=7256, stack(0x00000000029b0000,0x0000000002ab0000)]

Other Threads:
  0x000000001bfbc800 VMThread [stack: 0x000000001d1a0000,0x000000001d2a0000] [id=7184]
  0x000000001d4e6000 WatcherThread [stack: 0x000000001e6c0000,0x000000001e7c0000] [id=8748]

VM state:not at safepoint (normal execution)

VM Mutex/Monitor currently owned by a thread: None

Heap:
 PSYoungGen      total 1154048K, used 766115K [0x000000076b580000, 0x00000007bfc00000, 0x00000007c0000000)
  eden space 925696K, 78% used [0x000000076b580000,0x0000000797f78ed0,0x00000007a3d80000)
  from space 228352K, 15% used [0x00000007b1a80000,0x00000007b3caff40,0x00000007bf980000)
  to   space 226304K, 0% used [0x00000007a3d80000,0x00000007a3d80000,0x00000007b1a80000)
 ParOldGen       total 1032704K, used 755117K [0x00000006c2000000, 0x0000000701080000, 0x000000076b580000)
  object space 1032704K, 73% used [0x00000006c2000000,0x00000006f016b7c8,0x0000000701080000)
 Metaspace       used 757361K, capacity 767770K, committed 768252K, reserved 1722368K
  class space    used 92649K, capacity 94457K, committed 94512K, reserved 1048576K

Card table byte_map: [0x0000000011e70000,0x0000000012670000] byte_map_base: 0x000000000e860000

Marking Bits: (ParMarkBitMap*) 0x000000006982a6c0
 Begin Bits: [0x0000000012f40000, 0x0000000016ec0000)
 End Bits:   [0x0000000016ec0000, 0x000000001ae40000)

Polling page: 0x00000000000b0000

CodeCache: size=245760Kb used=229743Kb max_used=229907Kb free=16016Kb
 bounds [0x0000000002ab0000, 0x0000000010c70000, 0x0000000011ab0000]
 total_blobs=61368 nmethods=60699 adapters=586
 compilation: enabled

Compilation events (10 events):
Event: 1796.488 Thread 0x000000001d428800 nmethod 73915 0x0000000010be0e90 code [0x0000000010be0fe0, 0x0000000010be10f0]
Event: 1796.488 Thread 0x000000001d428800 73916       1       org.springframework.beans.factory.config.BeanDefinitionHolder::getBeanName (5 bytes)
Event: 1796.488 Thread 0x000000001d428800 nmethod 73916 0x0000000010be0b50 code [0x0000000010be0ca0, 0x0000000010be0db0]
Event: 1796.488 Thread 0x000000001d428800 73917       1       org.springframework.beans.factory.config.BeanDefinitionHolder::getAliases (5 bytes)
Event: 1796.488 Thread 0x000000001d428800 nmethod 73917 0x000000001092f510 code [0x000000001092f660, 0x000000001092f770]
Event: 1796.499 Thread 0x000000001d421800 nmethod 73912 0x0000000010601f90 code [0x0000000010602140, 0x0000000010602b48]
Event: 1796.499 Thread 0x000000001d421800 73913       4       org.springframework.core.type.classreading.AnnotationMetadataReadingVisitor::getClassName (5 bytes)
Event: 1796.500 Thread 0x000000001d421800 nmethod 73913 0x0000000010495a90 code [0x0000000010495bc0, 0x0000000010495c38]
Event: 1796.537 Thread 0x000000001d428800 73918       1       org.springframework.beans.factory.support.GenericBeanDefinition::getParentName (5 bytes)
Event: 1796.537 Thread 0x000000001d428800 nmethod 73918 0x0000000010601cd0 code [0x0000000010601e20, 0x0000000010601f30]

GC Heap History (10 events):
Event: 1722.016 GC heap before
{Heap before GC invocations=76 (full 8):
 PSYoungGen      total 1111552K, used 904293K [0x000000076b580000, 0x00000007c0000000, 0x00000007c0000000)
  eden space 862208K, 100% used [0x000000076b580000,0x000000079ff80000,0x000000079ff80000)
  from space 249344K, 16% used [0x000000079ff80000,0x00000007a28994e8,0x00000007af300000)
  to   space 249344K, 0% used [0x00000007b0c80000,0x00000007b0c80000,0x00000007c0000000)
 ParOldGen       total 1032704K, used 680043K [0x00000006c2000000, 0x0000000701080000, 0x000000076b580000)
  object space 1032704K, 65% used [0x00000006c2000000,0x00000006eb81adc0,0x0000000701080000)
 Metaspace       used 708866K, capacity 718396K, committed 718716K, reserved 1679360K
  class space    used 86551K, capacity 88236K, committed 88240K, reserved 1048576K
Event: 1722.091 GC heap after
Heap after GC invocations=76 (full 8):
 PSYoungGen      total 1131520K, used 47772K [0x000000076b580000, 0x00000007bfa00000, 0x00000007c0000000)
  eden space 888320K, 0% used [0x000000076b580000,0x000000076b580000,0x00000007a1900000)
  from space 243200K, 19% used [0x00000007b0c80000,0x00000007b3b27170,0x00000007bfa00000)
  to   space 246272K, 0% used [0x00000007a1900000,0x00000007a1900000,0x00000007b0980000)
 ParOldGen       total 1032704K, used 680051K [0x00000006c2000000, 0x0000000701080000, 0x000000076b580000)
  object space 1032704K, 65% used [0x00000006c2000000,0x00000006eb81cdc0,0x0000000701080000)
 Metaspace       used 708866K, capacity 718396K, committed 718716K, reserved 1679360K
  class space    used 86551K, capacity 88236K, committed 88240K, reserved 1048576K
}
Event: 1746.802 GC heap before
{Heap before GC invocations=77 (full 8):
 PSYoungGen      total 1131520K, used 936092K [0x000000076b580000, 0x00000007bfa00000, 0x00000007c0000000)
  eden space 888320K, 100% used [0x000000076b580000,0x00000007a1900000,0x00000007a1900000)
  from space 243200K, 19% used [0x00000007b0c80000,0x00000007b3b27170,0x00000007bfa00000)
  to   space 246272K, 0% used [0x00000007a1900000,0x00000007a1900000,0x00000007b0980000)
 ParOldGen       total 1032704K, used 680123K [0x00000006c2000000, 0x0000000701080000, 0x000000076b580000)
  object space 1032704K, 65% used [0x00000006c2000000,0x00000006eb82ee18,0x0000000701080000)
 Metaspace       used 712901K, capacity 722512K, committed 722812K, reserved 1683456K
  class space    used 87061K, capacity 88747K, committed 88752K, reserved 1048576K
Event: 1746.896 GC heap after
Heap after GC invocations=77 (full 8):
 PSYoungGen      total 979456K, used 90980K [0x000000076b580000, 0x00000007bed00000, 0x00000007c0000000)
  eden space 888320K, 0% used [0x000000076b580000,0x000000076b580000,0x00000007a1900000)
  from space 91136K, 99% used [0x00000007a1900000,0x00000007a71d92f0,0x00000007a7200000)
  to   space 235008K, 0% used [0x00000007b0780000,0x00000007b0780000,0x00000007bed00000)
 ParOldGen       total 1032704K, used 712998K [0x00000006c2000000, 0x0000000701080000, 0x000000076b580000)
  object space 1032704K, 69% used [0x00000006c2000000,0x00000006ed849980,0x0000000701080000)
 Metaspace       used 712901K, capacity 722512K, committed 722812K, reserved 1683456K
  class space    used 87061K, capacity 88747K, committed 88752K, reserved 1048576K
}
Event: 1753.018 GC heap before
{Heap before GC invocations=78 (full 8):
 PSYoungGen      total 979456K, used 979300K [0x000000076b580000, 0x00000007bed00000, 0x00000007c0000000)
  eden space 888320K, 100% used [0x000000076b580000,0x00000007a1900000,0x00000007a1900000)
  from space 91136K, 99% used [0x00000007a1900000,0x00000007a71d92f0,0x00000007a7200000)
  to   space 235008K, 0% used [0x00000007b0780000,0x00000007b0780000,0x00000007bed00000)
 ParOldGen       total 1032704K, used 713004K [0x00000006c2000000, 0x0000000701080000, 0x000000076b580000)
  object space 1032704K, 69% used [0x00000006c2000000,0x00000006ed84b060,0x0000000701080000)
 Metaspace       used 731224K, capacity 741088K, committed 741500K, reserved 1699840K
  class space    used 89565K, capacity 91304K, committed 91312K, reserved 1048576K
Event: 1753.114 GC heap after
Heap after GC invocations=78 (full 8):
 PSYoungGen      total 1139200K, used 121531K [0x000000076b580000, 0x00000007c0000000, 0x00000007c0000000)
  eden space 904192K, 0% used [0x000000076b580000,0x000000076b580000,0x00000007a2880000)
  from space 235008K, 51% used [0x00000007b0780000,0x00000007b7e2eec8,0x00000007bed00000)
  to   space 228352K, 0% used [0x00000007a2880000,0x00000007a2880000,0x00000007b0780000)
 ParOldGen       total 1032704K, used 720708K [0x00000006c2000000, 0x0000000701080000, 0x000000076b580000)
  object space 1032704K, 69% used [0x00000006c2000000,0x00000006edfd1090,0x0000000701080000)
 Metaspace       used 731224K, capacity 741088K, committed 741500K, reserved 1699840K
  class space    used 89565K, capacity 91304K, committed 91312K, reserved 1048576K
}
Event: 1761.245 GC heap before
{Heap before GC invocations=79 (full 8):
 PSYoungGen      total 1139200K, used 1025723K [0x000000076b580000, 0x00000007c0000000, 0x00000007c0000000)
  eden space 904192K, 100% used [0x000000076b580000,0x00000007a2880000,0x00000007a2880000)
  from space 235008K, 51% used [0x00000007b0780000,0x00000007b7e2eec8,0x00000007bed00000)
  to   space 228352K, 0% used [0x00000007a2880000,0x00000007a2880000,0x00000007b0780000)
 ParOldGen       total 1032704K, used 720708K [0x00000006c2000000, 0x0000000701080000, 0x000000076b580000)
  object space 1032704K, 69% used [0x00000006c2000000,0x00000006edfd1090,0x0000000701080000)
 Metaspace       used 743751K, capacity 753666K, committed 754428K, reserved 1712128K
  class space    used 90871K, capacity 92613K, committed 92720K, reserved 1048576K
Event: 1761.285 GC heap after
Heap after GC invocations=79 (full 8):
 PSYoungGen      total 1132544K, used 33787K [0x000000076b580000, 0x00000007bf980000, 0x00000007c0000000)
  eden space 904192K, 0% used [0x000000076b580000,0x000000076b580000,0x00000007a2880000)
  from space 228352K, 14% used [0x00000007a2880000,0x00000007a497ee18,0x00000007b0780000)
  to   space 228352K, 0% used [0x00000007b1a80000,0x00000007b1a80000,0x00000007bf980000)
 ParOldGen       total 1032704K, used 731519K [0x00000006c2000000, 0x0000000701080000, 0x000000076b580000)
  object space 1032704K, 70% used [0x00000006c2000000,0x00000006eea5fe28,0x0000000701080000)
 Metaspace       used 743751K, capacity 753666K, committed 754428K, reserved 1712128K
  class space    used 90871K, capacity 92613K, committed 92720K, reserved 1048576K
}
Event: 1794.376 GC heap before
{Heap before GC invocations=80 (full 8):
 PSYoungGen      total 1132544K, used 937979K [0x000000076b580000, 0x00000007bf980000, 0x00000007c0000000)
  eden space 904192K, 100% used [0x000000076b580000,0x00000007a2880000,0x00000007a2880000)
  from space 228352K, 14% used [0x00000007a2880000,0x00000007a497ee18,0x00000007b0780000)
  to   space 228352K, 0% used [0x00000007b1a80000,0x00000007b1a80000,0x00000007bf980000)
 ParOldGen       total 1032704K, used 731519K [0x00000006c2000000, 0x0000000701080000, 0x000000076b580000)
  object space 1032704K, 70% used [0x00000006c2000000,0x00000006eea5fe78,0x0000000701080000)
 Metaspace       used 753973K, capacity 764214K, committed 764668K, reserved 1720320K
  class space    used 92166K, capacity 93940K, committed 94000K, reserved 1048576K
Event: 1794.433 GC heap after
Heap after GC invocations=80 (full 8):
 PSYoungGen      total 1154048K, used 35007K [0x000000076b580000, 0x00000007bfc00000, 0x00000007c0000000)
  eden space 925696K, 0% used [0x000000076b580000,0x000000076b580000,0x00000007a3d80000)
  from space 228352K, 15% used [0x00000007b1a80000,0x00000007b3caff40,0x00000007bf980000)
  to   space 226304K, 0% used [0x00000007a3d80000,0x00000007a3d80000,0x00000007b1a80000)
 ParOldGen       total 1032704K, used 755117K [0x00000006c2000000, 0x0000000701080000, 0x000000076b580000)
  object space 1032704K, 73% used [0x00000006c2000000,0x00000006f016b7c8,0x0000000701080000)
 Metaspace       used 753973K, capacity 764214K, committed 764668K, reserved 1720320K
  class space    used 92166K, capacity 93940K, committed 94000K, reserved 1048576K
}

Deoptimization events (10 events):
Event: 1766.180 Thread 0x0000000066f24000 Uncommon trap: reason=class_check action=maybe_recompile pc=0x00000000108e0524 method=org.aspectj.weaver.reflect.ShadowMatchImpl.neverMatches()Z @ 4
Event: 1766.264 Thread 0x0000000066f24000 Uncommon trap: reason=null_check action=make_not_entrant pc=0x0000000010b50b68 method=org.springframework.core.annotation.AnnotationUtils.isSynthesizable(Ljava/lang/Class;)Z @ 119
Event: 1766.565 Thread 0x0000000066f24000 Uncommon trap: reason=unstable_if action=reinterpret pc=0x0000000010ad23ac method=org.springframework.core.annotation.AnnotationUtils.findAnnotation(Ljava/lang/Class;Ljava/lang/Class;Ljava/util/Set;)Ljava/lang/annotation/Annotation; @ 91
Event: 1767.532 Thread 0x0000000066f24000 Uncommon trap: reason=unstable_if action=reinterpret pc=0x0000000010b85fbc method=com.fasterxml.classmate.TypeResolver._constructType(Lcom/fasterxml/classmate/util/ClassStack;Ljava/lang/Class;Lcom/fasterxml/classmate/TypeBindings;)Lcom/fasterxml/classmate/
Event: 1768.292 Thread 0x0000000066f24000 Uncommon trap: reason=null_check action=make_not_entrant pc=0x0000000010bb2cfc method=springfox.documentation.schema.Collections.isContainerType(Lcom/fasterxml/classmate/ResolvedType;)Z @ 6
Event: 1768.308 Thread 0x0000000066f24000 Uncommon trap: reason=null_check action=make_not_entrant pc=0x0000000010bb2814 method=springfox.documentation.schema.Collections.isContainerType(Lcom/fasterxml/classmate/ResolvedType;)Z @ 18
Event: 1768.533 Thread 0x0000000066f24000 Uncommon trap: reason=unstable_if action=reinterpret pc=0x000000001099f93c method=springfox.documentation.schema.WildcardType.wildcardMatch(Lcom/fasterxml/classmate/ResolvedType;Lcom/fasterxml/classmate/ResolvedType;)Z @ 11
Event: 1769.162 Thread 0x0000000066f24000 Uncommon trap: reason=unstable_if action=reinterpret pc=0x0000000010bbf3a0 method=com.fasterxml.classmate.types.ResolvedObjectType.getMemberMethods()Ljava/util/List; @ 21
Event: 1794.080 Thread 0x0000000028257000 Uncommon trap: reason=bimorphic action=maybe_recompile pc=0x0000000010ae2278 method=org.springframework.util.StringUtils.toStringArray(Ljava/util/Collection;)[Ljava/lang/String; @ 8
Event: 1794.087 Thread 0x0000000028257000 Uncommon trap: reason=bimorphic action=maybe_recompile pc=0x0000000010ae2278 method=org.springframework.util.StringUtils.toStringArray(Ljava/util/Collection;)[Ljava/lang/String; @ 8

Internal exceptions (10 events):
Event: 1796.035 Thread 0x0000000028257000 Exception <a 'java/lang/ClassNotFoundException': org/apache/log4j/AppenderSkeletonBeanInfo> (0x00000007924e5bc0) thrown at [C:\re\workspace\8-2-build-windows-amd64-cygwin\jdk8u102\7268\hotspot\src\share\vm\classfile\systemDictionary.cpp, line 210]
Event: 1796.036 Thread 0x0000000028257000 Exception <a 'java/lang/ClassNotFoundException': org/apache/log4j/AppenderSkeletonCustomizer> (0x00000007925063d8) thrown at [C:\re\workspace\8-2-build-windows-amd64-cygwin\jdk8u102\7268\hotspot\src\share\vm\classfile\systemDictionary.cpp, line 210]
Event: 1796.037 Thread 0x0000000028257000 Exception <a 'java/lang/ClassNotFoundException': org/apache/log4j/WriterAppenderCustomizer> (0x000000079253f1b8) thrown at [C:\re\workspace\8-2-build-windows-amd64-cygwin\jdk8u102\7268\hotspot\src\share\vm\classfile\systemDictionary.cpp, line 210]
Event: 1796.038 Thread 0x0000000028257000 Exception <a 'java/lang/ClassNotFoundException': org/apache/log4j/ConsoleAppenderCustomizer> (0x0000000792569058) thrown at [C:\re\workspace\8-2-build-windows-amd64-cygwin\jdk8u102\7268\hotspot\src\share\vm\classfile\systemDictionary.cpp, line 210]
Event: 1796.042 Thread 0x0000000028257000 Exception <a 'java/lang/ClassNotFoundException': org/apache/log4j/RollingFileAppenderBeanInfo> (0x00000007926075d0) thrown at [C:\re\workspace\8-2-build-windows-amd64-cygwin\jdk8u102\7268\hotspot\src\share\vm\classfile\systemDictionary.cpp, line 210]
Event: 1796.042 Thread 0x0000000028257000 Exception <a 'java/lang/ClassNotFoundException': org/apache/log4j/FileAppenderBeanInfo> (0x0000000792624fb0) thrown at [C:\re\workspace\8-2-build-windows-amd64-cygwin\jdk8u102\7268\hotspot\src\share\vm\classfile\systemDictionary.cpp, line 210]
Event: 1796.043 Thread 0x0000000028257000 Exception <a 'java/lang/ClassNotFoundException': org/apache/log4j/FileAppenderCustomizer> (0x0000000792642e80) thrown at [C:\re\workspace\8-2-build-windows-amd64-cygwin\jdk8u102\7268\hotspot\src\share\vm\classfile\systemDictionary.cpp, line 210]
Event: 1796.044 Thread 0x0000000028257000 Exception <a 'java/lang/ClassNotFoundException': org/apache/log4j/RollingFileAppenderCustomizer> (0x000000079266f360) thrown at [C:\re\workspace\8-2-build-windows-amd64-cygwin\jdk8u102\7268\hotspot\src\share\vm\classfile\systemDictionary.cpp, line 210]
Event: 1796.047 Thread 0x0000000028257000 Exception <a 'java/lang/ClassNotFoundException': org/apache/log4j/DailyRollingFileAppenderBeanInfo> (0x00000007926d0ce0) thrown at [C:\re\workspace\8-2-build-windows-amd64-cygwin\jdk8u102\7268\hotspot\src\share\vm\classfile\systemDictionary.cpp, line 210]
Event: 1796.048 Thread 0x0000000028257000 Exception <a 'java/lang/ClassNotFoundException': org/apache/log4j/DailyRollingFileAppenderCustomizer> (0x00000007926f3680) thrown at [C:\re\workspace\8-2-build-windows-amd64-cygwin\jdk8u102\7268\hotspot\src\share\vm\classfile\systemDictionary.cpp, line 210

Events (10 events):
Event: 1796.491 Thread 0x0000000028257000 DEOPT PACKING pc=0x000000000423e0f8 sp=0x000000009824dbe0
Event: 1796.491 Thread 0x0000000028257000 DEOPT UNPACKING pc=0x0000000002af787f sp=0x000000009824d930 mode 1
Event: 1796.491 Thread 0x0000000028257000 DEOPT PACKING pc=0x000000000513e890 sp=0x000000009824dca0
Event: 1796.491 Thread 0x0000000028257000 DEOPT UNPACKING pc=0x0000000002af787f sp=0x000000009824d9f8 mode 1
Event: 1796.491 loading class javax/inject/Qualifier
Event: 1796.491 loading class javax/inject/Qualifier done
Event: 1796.491 Thread 0x0000000028257000 DEOPT PACKING pc=0x000000000423e0f8 sp=0x000000009824d9c0
Event: 1796.491 Thread 0x0000000028257000 DEOPT UNPACKING pc=0x0000000002af787f sp=0x000000009824d710 mode 1
Event: 1796.491 Thread 0x0000000028257000 DEOPT PACKING pc=0x000000000513e890 sp=0x000000009824da80
Event: 1796.491 Thread 0x0000000028257000 DEOPT UNPACKING pc=0x0000000002af787f sp=0x000000009824d7d8 mode 1


Dynamic libraries:
0x000000013f750000 - 0x000000013f787000 	D:\Program Files\Java\jdk1.8.0_102\bin\javaw.exe
0x0000000076f80000 - 0x0000000077129000 	C:\Windows\SYSTEM32\ntdll.dll
0x0000000076d60000 - 0x0000000076e7f000 	C:\Windows\system32\kernel32.dll
0x000007fefd1d0000 - 0x000007fefd23b000 	C:\Windows\system32\KERNELBASE.dll
0x000007fefec80000 - 0x000007fefed5b000 	C:\Windows\system32\ADVAPI32.dll
0x000007fefea00000 - 0x000007fefea9f000 	C:\Windows\system32\msvcrt.dll
0x000007fefec60000 - 0x000007fefec7f000 	C:\Windows\SYSTEM32\sechost.dll
0x000007fefe600000 - 0x000007fefe72d000 	C:\Windows\system32\RPCRT4.dll
0x0000000076e80000 - 0x0000000076f7a000 	C:\Windows\system32\USER32.dll
0x000007fefd7f0000 - 0x000007fefd857000 	C:\Windows\system32\GDI32.dll
0x000007fefe5f0000 - 0x000007fefe5fe000 	C:\Windows\system32\LPK.dll
0x000007fefee60000 - 0x000007fefef29000 	C:\Windows\system32\USP10.dll
0x000007fefb970000 - 0x000007fefbb64000 	C:\Windows\WinSxS\amd64_microsoft.windows.common-controls_6595b64144ccf1df_6.0.7601.17514_none_fa396087175ac9ac\COMCTL32.dll
0x000007fefebe0000 - 0x000007fefec51000 	C:\Windows\system32\SHLWAPI.dll
0x000007fefeaa0000 - 0x000007fefeace000 	C:\Windows\system32\IMM32.DLL
0x000007fefead0000 - 0x000007fefebd9000 	C:\Windows\system32\MSCTF.dll
0x0000000073b90000 - 0x0000000073c61000 	D:\Program Files\Java\jdk1.8.0_102\jre\bin\msvcr100.dll
0x0000000069010000 - 0x00000000698aa000 	D:\Program Files\Java\jdk1.8.0_102\jre\bin\server\jvm.dll
0x000007feec1d0000 - 0x000007feec1d9000 	C:\Windows\system32\WSOCK32.dll
0x000007fefef30000 - 0x000007fefef7d000 	C:\Windows\system32\WS2_32.dll
0x000007fefd420000 - 0x000007fefd428000 	C:\Windows\system32\NSI.dll
0x000007fefae60000 - 0x000007fefae9b000 	C:\Windows\system32\WINMM.dll
0x000007fefc030000 - 0x000007fefc03c000 	C:\Windows\system32\VERSION.dll
0x0000000077140000 - 0x0000000077147000 	C:\Windows\system32\PSAPI.DLL
0x00000000745e0000 - 0x00000000745ef000 	D:\Program Files\Java\jdk1.8.0_102\jre\bin\verify.dll
0x00000000745a0000 - 0x00000000745c9000 	D:\Program Files\Java\jdk1.8.0_102\jre\bin\java.dll
0x0000000073de0000 - 0x0000000073e15000 	D:\Program Files\Java\jdk1.8.0_102\jre\bin\jdwp.dll
0x0000000073e90000 - 0x0000000073e98000 	D:\Program Files\Java\jdk1.8.0_102\jre\bin\npt.dll
0x0000000074580000 - 0x0000000074596000 	D:\Program Files\Java\jdk1.8.0_102\jre\bin\zip.dll
0x000007fefd860000 - 0x000007fefe5e8000 	C:\Windows\system32\SHELL32.dll
0x000007fefe7f0000 - 0x000007fefe9f3000 	C:\Windows\system32\ole32.dll
0x000007fefced0000 - 0x000007fefcedf000 	C:\Windows\system32\profapi.dll
0x00000000735c0000 - 0x00000000735c9000 	D:\Program Files\Java\jdk1.8.0_102\jre\bin\dt_socket.dll
0x000007fefc700000 - 0x000007fefc755000 	C:\Windows\system32\mswsock.dll
0x000007fefc100000 - 0x000007fefc107000 	C:\Windows\System32\wshtcpip.dll
0x0000000073b70000 - 0x0000000073b8a000 	D:\Program Files\Java\jdk1.8.0_102\jre\bin\net.dll
0x000007fefc6f0000 - 0x000007fefc6f7000 	C:\Windows\System32\wship6.dll
0x0000000073b50000 - 0x0000000073b61000 	D:\Program Files\Java\jdk1.8.0_102\jre\bin\nio.dll
0x0000000073af0000 - 0x0000000073afd000 	D:\Program Files\Java\jdk1.8.0_102\jre\bin\management.dll
0x0000000073b00000 - 0x0000000073b24000 	D:\Program Files\Java\jdk1.8.0_102\jre\bin\sunec.dll
0x000007fefa9d0000 - 0x000007fefa9f7000 	C:\Windows\system32\IPHLPAPI.DLL
0x000007fefa940000 - 0x000007fefa94b000 	C:\Windows\system32\WINNSI.DLL
0x000007fefa750000 - 0x000007fefa761000 	C:\Windows\system32\dhcpcsvc6.DLL
0x000007fefa7d0000 - 0x000007fefa7e8000 	C:\Windows\system32\dhcpcsvc.DLL
0x000007fefc760000 - 0x000007fefc777000 	C:\Windows\system32\CRYPTSP.dll
0x000007fefc460000 - 0x000007fefc4a7000 	C:\Windows\system32\rsaenh.dll
0x000007fefc210000 - 0x000007fefc22e000 	C:\Windows\system32\USERENV.dll
0x000007fefcdc0000 - 0x000007fefcdcf000 	C:\Windows\system32\CRYPTBASE.dll
0x000007fefb0d0000 - 0x000007fefb0e5000 	C:\Windows\system32\NLAapi.dll
0x000007feeff30000 - 0x000007feeff45000 	C:\Windows\system32\napinsp.dll
0x000007feefde0000 - 0x000007feefdf9000 	C:\Windows\system32\pnrpnsp.dll
0x000007fefc580000 - 0x000007fefc5db000 	C:\Windows\system32\DNSAPI.dll
0x000007feefdd0000 - 0x000007feefddb000 	C:\Windows\System32\winrnr.dll
0x000007fef8870000 - 0x000007fef8878000 	C:\Windows\system32\rasadhlp.dll
0x000007fefa840000 - 0x000007fefa893000 	C:\Windows\System32\fwpuclnt.dll

VM Arguments:
jvm_args: -Dmaven.home=D:\Program Files\Maven\apache-maven-3.3.9 -Dclassworlds.conf=D:\Workspace3\.metadata\.plugins\org.eclipse.m2e.launching\launches\m2conf6150227565436058868.tmp -Dmaven.multiModuleProjectDirectory=D:\Workspace3\yiwu -Xdebug -Xnoagent -Djava.compiler=NONE -Xrunjdwp:transport=dt_socket,address=4000,server=y,suspend=n -Dfile.encoding=UTF-8 
java_command: org.codehaus.plexus.classworlds.launcher.Launcher -B -gs D:\Program Files\Maven\repository\settings.xml -s D:\Program Files\Maven\repository\settings.xml clean jetty:run -Pdev -Djetty.port=9090
java_class_path (initial): D:\Program Files\Maven\apache-maven-3.3.9\boot\plexus-classworlds-2.5.2.jar
Launcher Type: SUN_STANDARD

Environment Variables:
JAVA_HOME=D:\Program Files\Java\jdk1.8.0_102
CLASSPATH=.;D:\Program Files\Java\jdk1.8.0_102\lib\dt.jar;D:\Program Files\Java\jdk1.8.0_102\lib\tools.jar;
PATH=C:\Windows\system32;C:\Windows;C:\Windows\System32\Wbem;C:\Windows\System32\WindowsPowerShell\v1.0\;C:\Program Files (x86)\Windows Kits\8.0\Windows Performance Toolkit\;C:\Program Files\Microsoft SQL Server\110\Tools\Bin\;d:\Program Files\Git\cmd\;D:\Program Files\Java\jdk1.8.0_102\bin;D:\Program Files\Maven\apache-maven-3.3.9\bin;D:\Program Files\MySQL\mysql-5.6.24-win32\bin
USERNAME=ping
OS=Windows_NT
PROCESSOR_IDENTIFIER=Intel64 Family 6 Model 60 Stepping 3, GenuineIntel



---------------  S Y S T E M  ---------------

OS: Windows 7 , 64 bit Build 7601 (6.1.7601.17514)

CPU:total 4 (4 cores per cpu, 1 threads per core) family 6 model 60 stepping 3, cmov, cx8, fxsr, mmx, sse, sse2, sse3, ssse3, sse4.1, sse4.2, popcnt, avx, avx2, aes, clmul, erms, lzcnt, tsc, tscinvbit, bmi1, bmi2

Memory: 4k page, physical 16645100k(2252768k free), swap 17513656k(5120k free)

vm_info: Java HotSpot(TM) 64-Bit Server VM (25.102-b14) for windows-amd64 JRE (1.8.0_102-b14), built on Jun 22 2016 13:15:21 by "java_re" with MS VC++ 10.0 (VS2010)

time: Thu Oct 26 12:20:14 2017
elapsed time: 1796 seconds (0d 0h 29m 56s)

