#
# There is insufficient memory for the Java Runtime Environment to continue.
# Native memory allocation (malloc) failed to allocate 330096 bytes for Chunk::new
# Possible reasons:
#   The system is out of physical RAM or swap space
#   In 32 bit mode, the process size limit was hit
# Possible solutions:
#   Reduce memory load on the system
#   Increase physical memory or swap space
#   Check if swap backing store is full
#   Use 64 bit Java on a 64 bit OS
#   Decrease Java heap size (-Xmx/-Xms)
#   Decrease number of Java threads
#   Decrease Java thread stack sizes (-Xss)
#   Set larger code cache with -XX:ReservedCodeCacheSize=
# This output file may be truncated or incomplete.
#
#  Out of Memory Error (allocation.cpp:390), pid=3816, tid=0x0000000000001f10
#
# JRE version: Java(TM) SE Runtime Environment (8.0_102-b14) (build 1.8.0_102-b14)
# Java VM: Java HotSpot(TM) 64-Bit Server VM (25.102-b14 mixed mode windows-amd64 compressed oops)
# Failed to write core dump. Minidumps are not enabled by default on client versions of Windows
#

---------------  T H R E A D  ---------------

Current thread (0x00000000589cc000):  JavaThread "C2 CompilerThread0" daemon [_thread_in_native, id=7952, stack(0x00000000591b0000,0x00000000592b0000)]

Stack: [0x00000000591b0000,0x00000000592b0000]
[error occurred during error reporting (printing stack bounds), id 0xc0000005]

Native frames: (J=compiled Java code, j=interpreted, Vv=VM code, C=native code)


Current CompileTask:
C2:    952 1370       4       java.io.WinNTFileSystem::normalize (143 bytes)


---------------  P R O C E S S  ---------------

Java Threads: ( => current thread )
  0x0000000058a41800 JavaThread "Service Thread" daemon [_thread_blocked, id=1628, stack(0x0000000059610000,0x0000000059710000)]
  0x00000000589d4000 JavaThread "C1 CompilerThread2" daemon [_thread_blocked, id=6832, stack(0x0000000059380000,0x0000000059480000)]
  0x00000000589d3800 JavaThread "C2 CompilerThread1" daemon [_thread_in_native, id=5808, stack(0x0000000058db0000,0x0000000058eb0000)]
=>0x00000000589cc000 JavaThread "C2 CompilerThread0" daemon [_thread_in_native, id=7952, stack(0x00000000591b0000,0x00000000592b0000)]
  0x00000000589ba800 JavaThread "Attach Listener" daemon [_thread_blocked, id=5960, stack(0x0000000059070000,0x0000000059170000)]
  0x00000000576fc000 JavaThread "Signal Dispatcher" daemon [_thread_blocked, id=2528, stack(0x0000000058f70000,0x0000000059070000)]
  0x00000000576e9000 JavaThread "Finalizer" daemon [_thread_blocked, id=6876, stack(0x00000000588b0000,0x00000000589b0000)]
  0x00000000576a2000 JavaThread "Reference Handler" daemon [_thread_blocked, id=5164, stack(0x0000000058760000,0x0000000058860000)]
  0x000000000265e000 JavaThread "main" [_thread_in_native, id=6252, stack(0x0000000002950000,0x0000000002a50000)]

Other Threads:
  0x000000005769a800 VMThread [stack: 0x0000000058610000,0x0000000058710000] [id=5064]
  0x0000000058a76800 WatcherThread [stack: 0x0000000059500000,0x0000000059600000] [id=6344]

VM state:not at safepoint (normal execution)

VM Mutex/Monitor currently owned by a thread: None

Heap:
 PSYoungGen      total 37888K, used 20596K [0x00000000d6100000, 0x00000000d9f00000, 0x0000000100000000)
  eden space 32768K, 59% used [0x00000000d6100000,0x00000000d7404230,0x00000000d8100000)
  from space 5120K, 21% used [0x00000000d8100000,0x00000000d8218ef0,0x00000000d8600000)
  to   space 5120K, 0% used [0x00000000d9a00000,0x00000000d9a00000,0x00000000d9f00000)
 ParOldGen       total 49152K, used 3539K [0x0000000082200000, 0x0000000085200000, 0x00000000d6100000)
  object space 49152K, 7% used [0x0000000082200000,0x0000000082574e08,0x0000000085200000)
 Metaspace       used 13092K, capacity 13408K, committed 13440K, reserved 1060864K
  class space    used 1609K, capacity 1632K, committed 1664K, reserved 1048576K

Card table byte_map: [0x0000000011e10000,0x0000000012200000] byte_map_base: 0x00000000119ff000

Marking Bits: (ParMarkBitMap*) 0x0000000063eda6c0
 Begin Bits: [0x0000000012a30000, 0x00000000149a8000)
 End Bits:   [0x00000000149a8000, 0x0000000016920000)

Polling page: 0x0000000000230000

CodeCache: size=245760Kb used=5447Kb max_used=5458Kb free=240312Kb
 bounds [0x0000000002a50000, 0x0000000002fb0000, 0x0000000011a50000]
 total_blobs=1702 nmethods=1371 adapters=243
 compilation: enabled

Compilation events (10 events):
Event: 0.942 Thread 0x00000000589d4000 1371       3       java.util.Collections::synchronizedSet (9 bytes)
Event: 0.942 Thread 0x00000000589d4000 nmethod 1371 0x0000000002f9bb50 code [0x0000000002f9bce0, 0x0000000002f9c108]
Event: 0.942 Thread 0x00000000589d4000 1372       3       java.util.Collections$SynchronizedSet::<init> (6 bytes)
Event: 0.943 Thread 0x00000000589d4000 nmethod 1372 0x0000000002f9b450 code [0x0000000002f9b5e0, 0x0000000002f9b968]
Event: 0.943 Thread 0x00000000589cc000 nmethod 1353 0x0000000002fa85d0 code [0x0000000002fa8820, 0x0000000002fa9678]
Event: 0.943 Thread 0x00000000589cc000 1370       4       java.io.WinNTFileSystem::normalize (143 bytes)
Event: 0.945 Thread 0x00000000589d4000 1375       3       java.lang.ThreadLocal::get (38 bytes)
Event: 0.945 Thread 0x00000000589d4000 nmethod 1375 0x0000000002f9a9d0 code [0x0000000002f9ab60, 0x0000000002f9aee8]
Event: 0.948 Thread 0x00000000589d4000 1376       3       java.util.LinkedHashMap$LinkedKeySet::size (8 bytes)
Event: 0.948 Thread 0x00000000589d4000 nmethod 1376 0x0000000002fa8290 code [0x0000000002fa83e0, 0x0000000002fa8530]

GC Heap History (8 events):
Event: 0.652 GC heap before
{Heap before GC invocations=1 (full 0):
 PSYoungGen      total 37888K, used 32768K [0x00000000d6100000, 0x00000000d8b00000, 0x0000000100000000)
  eden space 32768K, 100% used [0x00000000d6100000,0x00000000d8100000,0x00000000d8100000)
  from space 5120K, 0% used [0x00000000d8600000,0x00000000d8600000,0x00000000d8b00000)
  to   space 5120K, 0% used [0x00000000d8100000,0x00000000d8100000,0x00000000d8600000)
 ParOldGen       total 86016K, used 0K [0x0000000082200000, 0x0000000087600000, 0x00000000d6100000)
  object space 86016K, 0% used [0x0000000082200000,0x0000000082200000,0x0000000087600000)
 Metaspace       used 11043K, capacity 11232K, committed 11392K, reserved 1058816K
  class space    used 1309K, capacity 1344K, committed 1408K, reserved 1048576K
Event: 0.657 GC heap after
Heap after GC invocations=1 (full 0):
 PSYoungGen      total 37888K, used 5093K [0x00000000d6100000, 0x00000000d8b00000, 0x0000000100000000)
  eden space 32768K, 0% used [0x00000000d6100000,0x00000000d6100000,0x00000000d8100000)
  from space 5120K, 99% used [0x00000000d8100000,0x00000000d85f9480,0x00000000d8600000)
  to   space 5120K, 0% used [0x00000000d8600000,0x00000000d8600000,0x00000000d8b00000)
 ParOldGen       total 86016K, used 1015K [0x0000000082200000, 0x0000000087600000, 0x00000000d6100000)
  object space 86016K, 1% used [0x0000000082200000,0x00000000822fdc48,0x0000000087600000)
 Metaspace       used 11043K, capacity 11232K, committed 11392K, reserved 1058816K
  class space    used 1309K, capacity 1344K, committed 1408K, reserved 1048576K
}
Event: 0.697 GC heap before
{Heap before GC invocations=2 (full 0):
 PSYoungGen      total 37888K, used 11635K [0x00000000d6100000, 0x00000000d8b00000, 0x0000000100000000)
  eden space 32768K, 19% used [0x00000000d6100000,0x00000000d6763910,0x00000000d8100000)
  from space 5120K, 99% used [0x00000000d8100000,0x00000000d85f9480,0x00000000d8600000)
  to   space 5120K, 0% used [0x00000000d8600000,0x00000000d8600000,0x00000000d8b00000)
 ParOldGen       total 86016K, used 1015K [0x0000000082200000, 0x0000000087600000, 0x00000000d6100000)
  object space 86016K, 1% used [0x0000000082200000,0x00000000822fdc48,0x0000000087600000)
 Metaspace       used 11374K, capacity 11584K, committed 11648K, reserved 1062912K
  class space    used 1338K, capacity 1376K, committed 1408K, reserved 1048576K
Event: 0.701 GC heap after
Heap after GC invocations=2 (full 0):
 PSYoungGen      total 37888K, used 3572K [0x00000000d6100000, 0x00000000d8b00000, 0x0000000100000000)
  eden space 32768K, 0% used [0x00000000d6100000,0x00000000d6100000,0x00000000d8100000)
  from space 5120K, 69% used [0x00000000d8600000,0x00000000d897d2f0,0x00000000d8b00000)
  to   space 5120K, 0% used [0x00000000d8100000,0x00000000d8100000,0x00000000d8600000)
 ParOldGen       total 86016K, used 1023K [0x0000000082200000, 0x0000000087600000, 0x00000000d6100000)
  object space 86016K, 1% used [0x0000000082200000,0x00000000822ffc48,0x0000000087600000)
 Metaspace       used 11374K, capacity 11584K, committed 11648K, reserved 1062912K
  class space    used 1338K, capacity 1376K, committed 1408K, reserved 1048576K
}
Event: 0.701 GC heap before
{Heap before GC invocations=3 (full 1):
 PSYoungGen      total 37888K, used 3572K [0x00000000d6100000, 0x00000000d8b00000, 0x0000000100000000)
  eden space 32768K, 0% used [0x00000000d6100000,0x00000000d6100000,0x00000000d8100000)
  from space 5120K, 69% used [0x00000000d8600000,0x00000000d897d2f0,0x00000000d8b00000)
  to   space 5120K, 0% used [0x00000000d8100000,0x00000000d8100000,0x00000000d8600000)
 ParOldGen       total 86016K, used 1023K [0x0000000082200000, 0x0000000087600000, 0x00000000d6100000)
  object space 86016K, 1% used [0x0000000082200000,0x00000000822ffc48,0x0000000087600000)
 Metaspace       used 11374K, capacity 11584K, committed 11648K, reserved 1062912K
  class space    used 1338K, capacity 1376K, committed 1408K, reserved 1048576K
Event: 0.714 GC heap after
Heap after GC invocations=3 (full 1):
 PSYoungGen      total 37888K, used 0K [0x00000000d6100000, 0x00000000d8b00000, 0x0000000100000000)
  eden space 32768K, 0% used [0x00000000d6100000,0x00000000d6100000,0x00000000d8100000)
  from space 5120K, 0% used [0x00000000d8600000,0x00000000d8600000,0x00000000d8b00000)
  to   space 5120K, 0% used [0x00000000d8100000,0x00000000d8100000,0x00000000d8600000)
 ParOldGen       total 49152K, used 3531K [0x0000000082200000, 0x0000000085200000, 0x00000000d6100000)
  object space 49152K, 7% used [0x0000000082200000,0x0000000082572e08,0x0000000085200000)
 Metaspace       used 11374K, capacity 11584K, committed 11648K, reserved 1060864K
  class space    used 1338K, capacity 1376K, committed 1408K, reserved 1048576K
}
Event: 0.798 GC heap before
{Heap before GC invocations=4 (full 1):
 PSYoungGen      total 37888K, used 32716K [0x00000000d6100000, 0x00000000d8b00000, 0x0000000100000000)
  eden space 32768K, 99% used [0x00000000d6100000,0x00000000d80f3398,0x00000000d8100000)
  from space 5120K, 0% used [0x00000000d8600000,0x00000000d8600000,0x00000000d8b00000)
  to   space 5120K, 0% used [0x00000000d8100000,0x00000000d8100000,0x00000000d8600000)
 ParOldGen       total 49152K, used 3531K [0x0000000082200000, 0x0000000085200000, 0x00000000d6100000)
  object space 49152K, 7% used [0x0000000082200000,0x0000000082572e08,0x0000000085200000)
 Metaspace       used 11760K, capacity 12096K, committed 12160K, reserved 1060864K
  class space    used 1377K, capacity 1408K, committed 1408K, reserved 1048576K
Event: 0.799 GC heap after
Heap after GC invocations=4 (full 1):
 PSYoungGen      total 37888K, used 1123K [0x00000000d6100000, 0x00000000d9f00000, 0x0000000100000000)
  eden space 32768K, 0% used [0x00000000d6100000,0x00000000d6100000,0x00000000d8100000)
  from space 5120K, 21% used [0x00000000d8100000,0x00000000d8218ef0,0x00000000d8600000)
  to   space 5120K, 0% used [0x00000000d9a00000,0x00000000d9a00000,0x00000000d9f00000)
 ParOldGen       total 49152K, used 3539K [0x0000000082200000, 0x0000000085200000, 0x00000000d6100000)
  object space 49152K, 7% used [0x0000000082200000,0x0000000082574e08,0x0000000085200000)
 Metaspace       used 11760K, capacity 12096K, committed 12160K, reserved 1060864K
  class space    used 1377K, capacity 1408K, committed 1408K, reserved 1048576K
}

Deoptimization events (10 events):
Event: 0.212 Thread 0x000000000265e000 Uncommon trap: reason=unstable_if action=reinterpret pc=0x0000000002c096ec method=java.lang.String.indexOf([CII[CIII)I @ 123
Event: 0.291 Thread 0x000000000265e000 Uncommon trap: reason=unstable_if action=reinterpret pc=0x0000000002c3f2ac method=sun.misc.MetaIndex.mayContain(Ljava/lang/String;)Z @ 38
Event: 0.307 Thread 0x000000000265e000 Uncommon trap: reason=unstable_if action=reinterpret pc=0x0000000002c3bcf8 method=java.lang.String.indexOf([CII[CIII)I @ 134
Event: 0.612 Thread 0x000000000265e000 Uncommon trap: reason=unstable_if action=reinterpret pc=0x0000000002c99da0 method=java.lang.String.indexOf([CII[CIII)I @ 3
Event: 0.612 Thread 0x000000000265e000 Uncommon trap: reason=unstable_if action=reinterpret pc=0x0000000002c45788 method=java.util.zip.ZipCoder.getBytes(Ljava/lang/String;)[B @ 32
Event: 0.640 Thread 0x000000000265e000 Uncommon trap: reason=unstable_if action=reinterpret pc=0x0000000002caf478 method=java.io.WinNTFileSystem.normalize(Ljava/lang/String;)Ljava/lang/String; @ 128
Event: 0.835 Thread 0x000000000265e000 Uncommon trap: reason=unstable_if action=reinterpret pc=0x0000000002e7b18c method=java.util.LinkedHashMap.afterNodeInsertion(Z)V @ 18
Event: 0.894 Thread 0x000000000265e000 Uncommon trap: reason=unstable_if action=reinterpret pc=0x0000000002c57fb8 method=java.lang.AbstractStringBuilder.append(Ljava/lang/String;)Ljava/lang/AbstractStringBuilder; @ 1
Event: 0.894 Thread 0x000000000265e000 Uncommon trap: reason=unstable_if action=reinterpret pc=0x0000000002c1a1b8 method=java.lang.AbstractStringBuilder.append(Ljava/lang/String;)Ljava/lang/AbstractStringBuilder; @ 1
Event: 0.903 Thread 0x000000000265e000 Uncommon trap: reason=bimorphic action=maybe_recompile pc=0x0000000002e74164 method=java.util.concurrent.ConcurrentHashMap.get(Ljava/lang/Object;)Ljava/lang/Object; @ 149

Internal exceptions (10 events):
Event: 0.301 Thread 0x000000000265e000 Exception <a 'java/lang/ClassNotFoundException': org/apache/log4j/WriterAppenderCustomizer> (0x00000000d6cf6208) thrown at [C:\re\workspace\8-2-build-windows-amd64-cygwin\jdk8u102\7268\hotspot\src\share\vm\classfile\systemDictionary.cpp, line 210]
Event: 0.301 Thread 0x000000000265e000 Exception <a 'java/lang/ClassNotFoundException': org/apache/log4j/ConsoleAppenderCustomizer> (0x00000000d6d15a10) thrown at [C:\re\workspace\8-2-build-windows-amd64-cygwin\jdk8u102\7268\hotspot\src\share\vm\classfile\systemDictionary.cpp, line 210]
Event: 0.306 Thread 0x000000000265e000 Exception <a 'java/lang/ClassNotFoundException': org/apache/log4j/RollingFileAppenderBeanInfo> (0x00000000d6d6fdb0) thrown at [C:\re\workspace\8-2-build-windows-amd64-cygwin\jdk8u102\7268\hotspot\src\share\vm\classfile\systemDictionary.cpp, line 210]
Event: 0.306 Thread 0x000000000265e000 Exception <a 'java/lang/ClassNotFoundException': org/apache/log4j/FileAppenderBeanInfo> (0x00000000d6d82248) thrown at [C:\re\workspace\8-2-build-windows-amd64-cygwin\jdk8u102\7268\hotspot\src\share\vm\classfile\systemDictionary.cpp, line 210]
Event: 0.306 Thread 0x000000000265e000 Exception <a 'java/lang/ClassNotFoundException': org/apache/log4j/FileAppenderCustomizer> (0x00000000d6d94c88) thrown at [C:\re\workspace\8-2-build-windows-amd64-cygwin\jdk8u102\7268\hotspot\src\share\vm\classfile\systemDictionary.cpp, line 210]
Event: 0.307 Thread 0x000000000265e000 Exception <a 'java/lang/ClassNotFoundException': org/apache/log4j/RollingFileAppenderCustomizer> (0x00000000d6db5fc8) thrown at [C:\re\workspace\8-2-build-windows-amd64-cygwin\jdk8u102\7268\hotspot\src\share\vm\classfile\systemDictionary.cpp, line 210]
Event: 0.310 Thread 0x000000000265e000 Exception <a 'java/lang/ClassNotFoundException': org/apache/log4j/DailyRollingFileAppenderBeanInfo> (0x00000000d6df1030) thrown at [C:\re\workspace\8-2-build-windows-amd64-cygwin\jdk8u102\7268\hotspot\src\share\vm\classfile\systemDictionary.cpp, line 210]
Event: 0.310 Thread 0x000000000265e000 Exception <a 'java/lang/ClassNotFoundException': org/apache/log4j/DailyRollingFileAppenderCustomizer> (0x00000000d6e077d0) thrown at [C:\re\workspace\8-2-build-windows-amd64-cygwin\jdk8u102\7268\hotspot\src\share\vm\classfile\systemDictionary.cpp, line 210ÝN!džì?
Event: 0.894 Thread 0x000000000265e000 Implicit null exception at 0x0000000002c57c06 to 0x0000000002c57fa1
Event: 0.894 Thread 0x000000000265e000 Implicit null exception at 0x0000000002c19e06 to 0x0000000002c1a1a1

Events (10 events):
Event: 0.950 loading class javax/sql/DataSource
Event: 0.950 loading class javax/sql/CommonDataSource
Event: 0.950 loading class javax/sql/CommonDataSource done
Event: 0.950 loading class java/sql/Wrapper
Event: 0.950 loading class java/sql/Wrapper done
Event: 0.950 loading class javax/sql/DataSource done
Event: 0.951 loading class com/mchange/v2/c3p0/impl/AbstractPoolBackedDataSource
Event: 0.951 loading class com/mchange/v2/c3p0/impl/AbstractPoolBackedDataSource done
Event: 0.951 loading class com/mchange/v2/c3p0/impl/PoolBackedDataSourceBase
Event: 0.951 loading class com/mchange/v2/c3p0/impl/PoolBackedDataSourceBase done


Dynamic libraries:
0x000000013fd00000 - 0x000000013fd37000 	E:\Java\Java\jdk1.8.0_102\jre\bin\java.exe
0x0000000077b40000 - 0x0000000077ce9000 	C:\Windows\SYSTEM32\ntdll.dll
0x0000000077a20000 - 0x0000000077b3f000 	C:\Windows\system32\kernel32.dll
0x000007fefddf0000 - 0x000007fefde5b000 	C:\Windows\system32\KERNELBASE.dll
0x000007fefe090000 - 0x000007fefe16b000 	C:\Windows\system32\ADVAPI32.dll
0x000007fefe6c0000 - 0x000007fefe75f000 	C:\Windows\system32\msvcrt.dll
0x000007fefeb00000 - 0x000007fefeb1f000 	C:\Windows\SYSTEM32\sechost.dll
0x000007fefe310000 - 0x000007fefe43d000 	C:\Windows\system32\RPCRT4.dll
0x0000000077920000 - 0x0000000077a1a000 	C:\Windows\system32\USER32.dll
0x000007fefe170000 - 0x000007fefe1d7000 	C:\Windows\system32\GDI32.dll
0x000007feffd10000 - 0x000007feffd1e000 	C:\Windows\system32\LPK.dll
0x000007feff8b0000 - 0x000007feff979000 	C:\Windows\system32\USP10.dll
0x000007fefc500000 - 0x000007fefc6f4000 	C:\Windows\WinSxS\amd64_microsoft.windows.common-controls_6595b64144ccf1df_6.0.7601.17514_none_fa396087175ac9ac\COMCTL32.dll
0x000007fefde60000 - 0x000007fefded1000 	C:\Windows\system32\SHLWAPI.dll
0x000007feff980000 - 0x000007feff9ae000 	C:\Windows\system32\IMM32.DLL
0x000007fefdee0000 - 0x000007fefdfe9000 	C:\Windows\system32\MSCTF.dll
0x0000000070dc0000 - 0x0000000070e91000 	E:\Java\Java\jdk1.8.0_102\jre\bin\msvcr100.dll
0x00000000636c0000 - 0x0000000063f5a000 	E:\Java\Java\jdk1.8.0_102\jre\bin\server\jvm.dll
0x000007fefb760000 - 0x000007fefb769000 	C:\Windows\system32\WSOCK32.dll
0x000007fefe1e0000 - 0x000007fefe22d000 	C:\Windows\system32\WS2_32.dll
0x000007fefeaf0000 - 0x000007fefeaf8000 	C:\Windows\system32\NSI.dll
0x000007fefb8f0000 - 0x000007fefb92b000 	C:\Windows\system32\WINMM.dll
0x000007fefcbf0000 - 0x000007fefcbfc000 	C:\Windows\system32\VERSION.dll
0x0000000077d10000 - 0x0000000077d17000 	C:\Windows\system32\PSAPI.DLL
0x00000000716e0000 - 0x00000000716ef000 	E:\Java\Java\jdk1.8.0_102\jre\bin\verify.dll
0x0000000070d90000 - 0x0000000070db9000 	E:\Java\Java\jdk1.8.0_102\jre\bin\java.dll
0x00000000716a0000 - 0x00000000716b6000 	E:\Java\Java\jdk1.8.0_102\jre\bin\zip.dll
0x000007fefeb20000 - 0x000007feff8a8000 	C:\Windows\system32\SHELL32.dll
0x000007fefe760000 - 0x000007fefe963000 	C:\Windows\system32\ole32.dll
0x000007fefda90000 - 0x000007fefda9f000 	C:\Windows\system32\profapi.dll

VM Arguments:
java_command: E:\workspace\yiwu\target\surefire\surefirebooter4625897008817928251.jar E:\workspace\yiwu\target\surefire\surefire2045245121369990250tmp E:\workspace\yiwu\target\surefire\surefire_06114192840916212779tmp
java_class_path (initial): E:\workspace\yiwu\target\surefire\surefirebooter4625897008817928251.jar
Launcher Type: SUN_STANDARD

Environment Variables:
JAVA_HOME=E:\Java\Java\jdk1.8.0_102
CLASSPATH=.;E:\Java\Java\jdk1.8.0_102\lib\tools.jar;E:\Java\Java\jdk1.8.0_102\lib\dt.jar
PATH=C:/Program Files/Java/jre1.8.0_121/bin/server;C:/Program Files/Java/jre1.8.0_121/bin;C:/Program Files/Java/jre1.8.0_121/lib/amd64;C:\ProgramData\Oracle\Java\javapath;C:\Windows\system32;C:\Windows;C:\Windows\System32\Wbem;C:\Windows\System32\WindowsPowerShell\v1.0\;E:\Program Files\MySQL\MySQL Utilities 1.6\;E:\Program Files\Git\cmd;E:\Java\Java\jdk1.8.0_102\bin;E:\Java\Tomcat\apache-tomcat-9.0.0.M17\bin;E:\Java\Maven\apache-maven-3.3.9\bin;E:\Program Files\MySQL\mysql-5.6.24-win32\bin;E:\Java\eclipse;
USERNAME=ping
OS=Windows_NT
PROCESSOR_IDENTIFIER=Intel64 Family 6 Model 60 Stepping 3, GenuineIntel



---------------  S Y S T E M  ---------------

OS: Windows 7 , 64 bit Build 7601 (6.1.7601.17514)

CPU:total 4 (4 cores per cpu, 1 threads per core) family 6 model 60 stepping 3, cmov, cx8, fxsr, mmx, sse, sse2, sse3, ssse3, sse4.1, sse4.2, popcnt, avx, avx2, aes, clmul, erms, lzcnt, tsc, tscinvbit, bmi1, bmi2

Memory: 4k page, physical 8248244k(1568548k free), swap 9065600k(5176k free)

vm_info: Java HotSpot(TM) 64-Bit Server VM (25.102-b14) for windows-amd64 JRE (1.8.0_102-b14), built on Jun 22 2016 13:15:21 by "java_re" with MS VC++ 10.0 (VS2010)

time: Wed Sep 20 03:00:57 2017
elapsed time: 0 seconds (0d 0h 0m 0s)

