#
# There is insufficient memory for the Java Runtime Environment to continue.
# Native memory allocation (malloc) failed to allocate 199776 bytes for Chunk::new
# Possible reasons:
#   The system is out of physical RAM or swap space
#   In 32 bit mode, the process size limit was hit
# Possible solutions:
#   Reduce memory load on the system
#   Increase physical memory or swap space
#   Check if swap backing store is full
#   Use 64 bit Java on a 64 bit OS
#   Decrease Java heap size (-Xmx/-Xms)
#   Decrease number of Java threads
#   Decrease Java thread stack sizes (-Xss)
#   Set larger code cache with -XX:ReservedCodeCacheSize=
# This output file may be truncated or incomplete.
#
#  Out of Memory Error (allocation.cpp:390), pid=6340, tid=0x0000000000000f60
#
# JRE version: Java(TM) SE Runtime Environment (8.0_102-b14) (build 1.8.0_102-b14)
# Java VM: Java HotSpot(TM) 64-Bit Server VM (25.102-b14 mixed mode windows-amd64 compressed oops)
# Failed to write core dump. Minidumps are not enabled by default on client versions of Windows
#

---------------  T H R E A D  ---------------

Current thread (0x0000000058b40000):  JavaThread "C2 CompilerThread0" daemon [_thread_in_native, id=3936, stack(0x0000000059640000,0x0000000059740000)]

Stack: [0x0000000059640000,0x0000000059740000]
[error occurred during error reporting (printing stack bounds), id 0xc0000005]

Native frames: (J=compiled Java code, j=interpreted, Vv=VM code, C=native code)


Current CompileTask:
C2: 122451 13678       4       org.apache.tomcat.util.digester.RulesBase::match (139 bytes)


---------------  P R O C E S S  ---------------

Java Threads: ( => current thread )
  0x000000005bdd0000 JavaThread "qtp766031477-86" [_thread_blocked, id=3140, stack(0x000000007e0e0000,0x000000007e1e0000)]
  0x000000005bdc5800 JavaThread "qtp766031477-85" [_thread_blocked, id=4844, stack(0x0000000072070000,0x0000000072170000)]
  0x000000005bdcd800 JavaThread "qtp766031477-84" [_thread_blocked, id=5184, stack(0x0000000070860000,0x0000000070960000)]
  0x000000005bdc4000 JavaThread "PathWatcher-Thread[E:\workspace\yiwu (+47)]" daemon [_thread_in_native, id=6936, stack(0x00000000766a0000,0x00000000767a0000)]
  0x000000005bdcc000 JavaThread "C3P0PooledConnectionPoolManager[identityToken->1hge13g9ren6cbq1tdlclm|49b0d1ae]-HelperThread-#2" daemon [_thread_blocked, id=6392, stack(0x0000000070720000,0x0000000070820000)]
  0x000000005bdcb800 JavaThread "C3P0PooledConnectionPoolManager[identityToken->1hge13g9ren6cbq1tdlclm|49b0d1ae]-HelperThread-#1" daemon [_thread_blocked, id=6944, stack(0x00000000705d0000,0x00000000706d0000)]
  0x000000005bdca800 JavaThread "C3P0PooledConnectionPoolManager[identityToken->1hge13g9ren6cbq1tdlclm|49b0d1ae]-HelperThread-#0" daemon [_thread_blocked, id=7116, stack(0x00000000656e0000,0x00000000657e0000)]
  0x000000005bdca000 JavaThread "C3P0PooledConnectionPoolManager[identityToken->1hge13g9ren6cbq1tdlclm|49b0d1ae]-AdminTaskTimer" daemon [_thread_blocked, id=6268, stack(0x000000006fd30000,0x000000006fe30000)]
  0x000000005bdc8800 JavaThread "Abandoned connection cleanup thread" daemon [_thread_blocked, id=3792, stack(0x0000000070120000,0x0000000070220000)]
  0x000000005bdc6000 JavaThread "Scheduler-769525854" [_thread_blocked, id=3104, stack(0x000000005f6b0000,0x000000005f7b0000)]
  0x000000005d605000 JavaThread "qtp766031477-21" [_thread_in_native, id=4344, stack(0x0000000061eb0000,0x0000000061fb0000)]
  0x00000000606bc800 JavaThread "qtp766031477-20" [_thread_in_native, id=5320, stack(0x0000000058f00000,0x0000000059000000)]
  0x000000005f15f800 JavaThread "qtp766031477-19" [_thread_blocked, id=7060, stack(0x0000000060c60000,0x0000000060d60000)]
  0x0000000060b0e000 JavaThread "qtp766031477-17" [_thread_blocked, id=5684, stack(0x000000005fa90000,0x000000005fb90000)]
  0x000000005d5e5800 JavaThread "qtp766031477-16" [_thread_blocked, id=5884, stack(0x000000005f590000,0x000000005f690000)]
  0x000000005c493800 JavaThread "qtp766031477-15" [_thread_blocked, id=6812, stack(0x000000005f400000,0x000000005f500000)]
  0x00000000607f0000 JavaThread "qtp766031477-14-acceptor-0@f30a03e-ServerConnector@26e25409{HTTP/1.1,[http/1.1]}{0.0.0.0:9090}" [_thread_in_native, id=6972, stack(0x0000000059a40000,0x0000000059b40000)]
  0x0000000058bbe800 JavaThread "Service Thread" daemon [_thread_blocked, id=5152, stack(0x0000000059780000,0x0000000059880000)]
  0x0000000058b46800 JavaThread "C1 CompilerThread2" daemon [_thread_in_vm, id=5424, stack(0x00000000598f0000,0x00000000599f0000)]
  0x0000000058b43000 JavaThread "C2 CompilerThread1" daemon [_thread_in_native, id=5228, stack(0x00000000585d0000,0x00000000586d0000)]
=>0x0000000058b40000 JavaThread "C2 CompilerThread0" daemon [_thread_in_native, id=3936, stack(0x0000000059640000,0x0000000059740000)]
  0x0000000058b33800 JavaThread "JDWP Event Helper Thread" daemon [_thread_blocked, id=6836, stack(0x0000000059490000,0x0000000059590000)]
  0x0000000058b29000 JavaThread "JDWP Transport Listener: dt_socket" daemon [_thread_in_native, id=7152, stack(0x0000000059160000,0x0000000059260000)]
  0x0000000058b08800 JavaThread "Attach Listener" daemon [_thread_blocked, id=5924, stack(0x00000000592a0000,0x00000000593a0000)]
  0x00000000577f0000 JavaThread "Signal Dispatcher" daemon [_thread_blocked, id=6848, stack(0x0000000059000000,0x0000000059100000)]
  0x00000000577da000 JavaThread "Finalizer" daemon [_thread_blocked, id=5148, stack(0x0000000058a00000,0x0000000058b00000)]
  0x0000000057793000 JavaThread "Reference Handler" daemon [_thread_blocked, id=6764, stack(0x00000000588b0000,0x00000000589b0000)]
  0x000000000270f800 JavaThread "main" [_thread_blocked, id=6240, stack(0x00000000027f0000,0x00000000028f0000)]

Other Threads:
  0x000000005778b800 VMThread [stack: 0x0000000058700000,0x0000000058800000] [id=6428]
  0x0000000058c26800 WatcherThread [stack: 0x0000000059b50000,0x0000000059c50000] [id=5816]

VM state:not at safepoint (normal execution)

VM Mutex/Monitor currently owned by a thread:  ([mutex/lock_event])
[0x000000000270c950] CodeCache_lock - owner thread: 0x0000000058b46800
[0x000000000270e000] Compile_lock - owner thread: 0x0000000058b46800
[0x000000000270e100] MethodCompileQueue_lock - owner thread: 0x0000000058b46800

Heap:
 PSYoungGen      total 600576K, used 574078K [0x00000000d6100000, 0x0000000100000000, 0x0000000100000000)
  eden space 536064K, 95% used [0x00000000d6100000,0x00000000f54edbf0,0x00000000f6c80000)
  from space 64512K, 96% used [0x00000000f6c80000,0x00000000fa931ec0,0x00000000fab80000)
  to   space 74240K, 0% used [0x00000000fb780000,0x00000000fb780000,0x0000000100000000)
 ParOldGen       total 192000K, used 48975K [0x0000000082200000, 0x000000008dd80000, 0x00000000d6100000)
  object space 192000K, 25% used [0x0000000082200000,0x00000000851d3c98,0x000000008dd80000)
 Metaspace       used 69990K, capacity 71124K, committed 71640K, reserved 1112064K
  class space    used 8121K, capacity 8420K, committed 8448K, reserved 1048576K

Card table byte_map: [0x0000000011cb0000,0x00000000120a0000] byte_map_base: 0x000000001189f000

Marking Bits: (ParMarkBitMap*) 0x000000006e5da6c0
 Begin Bits: [0x0000000012b20000, 0x0000000014a98000)
 End Bits:   [0x0000000014a98000, 0x0000000016a10000)

Polling page: 0x0000000000120000

CodeCache: size=245760Kb used=40279Kb max_used=40569Kb free=205480Kb
 bounds [0x00000000028f0000, 0x0000000005180000, 0x00000000118f0000]
 total_blobs=11350 nmethods=10733 adapters=534
 compilation: enabled

Compilation events (10 events):
Event: 122.410 Thread 0x0000000058b40000 13678       4       org.apache.tomcat.util.digester.RulesBase::match (139 bytes)
Event: 122.410 Thread 0x0000000058b46800 nmethod 13674 0x00000000049ac990 code [0x00000000049acb20, 0x00000000049acf48]
Event: 122.410 Thread 0x0000000058b46800 13676       3       com.sun.org.apache.xerces.internal.parsers.XML11Configuration::checkFeature (268 bytes)
Event: 122.411 Thread 0x0000000058b46800 nmethod 13676 0x0000000004a75590 code [0x0000000004a75940, 0x0000000004a78108]
Event: 122.411 Thread 0x0000000058b46800 13679       1       org.apache.tomcat.util.digester.CallMethodRule::finish (6 bytes)
Event: 122.411 Thread 0x0000000058b46800 nmethod 13679 0x00000000049ac690 code [0x00000000049ac7e0, 0x00000000049ac910]
Event: 122.411 Thread 0x0000000058b46800 13680       3       com.sun.org.apache.xerces.internal.util.URI::initializePath (605 bytes)
Event: 122.412 Thread 0x0000000058b43000 13682   !   4       org.apache.tomcat.util.digester.Digester::endElement (621 bytes)
Event: 122.417 Thread 0x0000000058b46800 nmethod 13680 0x0000000004edd190 code [0x0000000004eddb00, 0x0000000004ee43a8]
Event: 122.417 Thread 0x0000000058b46800 13684       3       com.sun.org.apache.xerces.internal.impl.dtd.XMLDTDValidator::addDTDDefaultAttrsAndValidate (1026 bytes)

GC Heap History (10 events):
Event: 15.605 GC heap before
{Heap before GC invocations=17 (full 3):
 PSYoungGen      total 391680K, used 209719K [0x00000000d6100000, 0x00000000f9a00000, 0x0000000100000000)
  eden space 326144K, 46% used [0x00000000d6100000,0x00000000df5aac68,0x00000000e9f80000)
  from space 65536K, 87% used [0x00000000e9f80000,0x00000000ed7a3048,0x00000000edf80000)
  to   space 73216K, 0% used [0x00000000f5280000,0x00000000f5280000,0x00000000f9a00000)
 ParOldGen       total 225280K, used 105349K [0x0000000082200000, 0x000000008fe00000, 0x00000000d6100000)
  object space 225280K, 46% used [0x0000000082200000,0x00000000888e1568,0x000000008fe00000)
 Metaspace       used 50859K, capacity 51804K, committed 52056K, reserved 1095680K
  class space    used 5979K, capacity 6244K, committed 6272K, reserved 1048576K
Event: 15.634 GC heap after
Heap after GC invocations=17 (full 3):
 PSYoungGen      total 489984K, used 11197K [0x00000000d6100000, 0x00000000f8f00000, 0x0000000100000000)
  eden space 428032K, 0% used [0x00000000d6100000,0x00000000d6100000,0x00000000f0300000)
  from space 61952K, 18% used [0x00000000f5280000,0x00000000f5d6f728,0x00000000f8f00000)
  to   space 71680K, 0% used [0x00000000f0300000,0x00000000f0300000,0x00000000f4900000)
 ParOldGen       total 225280K, used 110636K [0x0000000082200000, 0x000000008fe00000, 0x00000000d6100000)
  object space 225280K, 49% used [0x0000000082200000,0x0000000088e0b1a8,0x000000008fe00000)
 Metaspace       used 50859K, capacity 51804K, committed 52056K, reserved 1095680K
  class space    used 5979K, capacity 6244K, committed 6272K, reserved 1048576K
}
Event: 15.634 GC heap before
{Heap before GC invocations=18 (full 4):
 PSYoungGen      total 489984K, used 11197K [0x00000000d6100000, 0x00000000f8f00000, 0x0000000100000000)
  eden space 428032K, 0% used [0x00000000d6100000,0x00000000d6100000,0x00000000f0300000)
  from space 61952K, 18% used [0x00000000f5280000,0x00000000f5d6f728,0x00000000f8f00000)
  to   space 71680K, 0% used [0x00000000f0300000,0x00000000f0300000,0x00000000f4900000)
 ParOldGen       total 225280K, used 110636K [0x0000000082200000, 0x000000008fe00000, 0x00000000d6100000)
  object space 225280K, 49% used [0x0000000082200000,0x0000000088e0b1a8,0x000000008fe00000)
 Metaspace       used 50859K, capacity 51804K, committed 52056K, reserved 1095680K
  class space    used 5979K, capacity 6244K, committed 6272K, reserved 1048576K
Event: 15.749 GC heap after
Heap after GC invocations=18 (full 4):
 PSYoungGen      total 489984K, used 0K [0x00000000d6100000, 0x00000000f8f00000, 0x0000000100000000)
  eden space 428032K, 0% used [0x00000000d6100000,0x00000000d6100000,0x00000000f0300000)
  from space 61952K, 0% used [0x00000000f5280000,0x00000000f5280000,0x00000000f8f00000)
  to   space 71680K, 0% used [0x00000000f0300000,0x00000000f0300000,0x00000000f4900000)
 ParOldGen       total 192000K, used 48951K [0x0000000082200000, 0x000000008dd80000, 0x00000000d6100000)
  object space 192000K, 25% used [0x0000000082200000,0x00000000851cdc38,0x000000008dd80000)
 Metaspace       used 50859K, capacity 51804K, committed 52056K, reserved 1095680K
  class space    used 5979K, capacity 6244K, committed 6272K, reserved 1048576K
}
Event: 20.490 GC heap before
{Heap before GC invocations=19 (full 4):
 PSYoungGen      total 489984K, used 428032K [0x00000000d6100000, 0x00000000f8f00000, 0x0000000100000000)
  eden space 428032K, 100% used [0x00000000d6100000,0x00000000f0300000,0x00000000f0300000)
  from space 61952K, 0% used [0x00000000f5280000,0x00000000f5280000,0x00000000f8f00000)
  to   space 71680K, 0% used [0x00000000f0300000,0x00000000f0300000,0x00000000f4900000)
 ParOldGen       total 192000K, used 48951K [0x0000000082200000, 0x000000008dd80000, 0x00000000d6100000)
  object space 192000K, 25% used [0x0000000082200000,0x00000000851cdc38,0x000000008dd80000)
 Metaspace       used 62428K, capacity 63406K, committed 63832K, reserved 1105920K
  class space    used 7403K, capacity 7677K, committed 7808K, reserved 1048576K
Event: 20.539 GC heap after
Heap after GC invocations=19 (full 4):
 PSYoungGen      total 499712K, used 19539K [0x00000000d6100000, 0x0000000100000000, 0x0000000100000000)
  eden space 428032K, 0% used [0x00000000d6100000,0x00000000d6100000,0x00000000f0300000)
  from space 71680K, 27% used [0x00000000f0300000,0x00000000f1614d00,0x00000000f4900000)
  to   space 68608K, 0% used [0x00000000fbd00000,0x00000000fbd00000,0x0000000100000000)
 ParOldGen       total 192000K, used 48959K [0x0000000082200000, 0x000000008dd80000, 0x00000000d6100000)
  object space 192000K, 25% used [0x0000000082200000,0x00000000851cfc38,0x000000008dd80000)
 Metaspace       used 62428K, capacity 63406K, committed 63832K, reserved 1105920K
  class space    used 7403K, capacity 7677K, committed 7808K, reserved 1048576K
}
Event: 24.936 GC heap before
{Heap before GC invocations=20 (full 4):
 PSYoungGen      total 499712K, used 447571K [0x00000000d6100000, 0x0000000100000000, 0x0000000100000000)
  eden space 428032K, 100% used [0x00000000d6100000,0x00000000f0300000,0x00000000f0300000)
  from space 71680K, 27% used [0x00000000f0300000,0x00000000f1614d00,0x00000000f4900000)
  to   space 68608K, 0% used [0x00000000fbd00000,0x00000000fbd00000,0x0000000100000000)
 ParOldGen       total 192000K, used 48959K [0x0000000082200000, 0x000000008dd80000, 0x00000000d6100000)
  object space 192000K, 25% used [0x0000000082200000,0x00000000851cfc38,0x000000008dd80000)
 Metaspace       used 65153K, capacity 66236K, committed 66776K, reserved 1107968K
  class space    used 7622K, capacity 7910K, committed 7936K, reserved 1048576K
Event: 24.964 GC heap after
Heap after GC invocations=20 (full 4):
 PSYoungGen      total 582656K, used 22385K [0x00000000d6100000, 0x00000000fea80000, 0x0000000100000000)
  eden space 536064K, 0% used [0x00000000d6100000,0x00000000d6100000,0x00000000f6c80000)
  from space 46592K, 48% used [0x00000000fbd00000,0x00000000fd2dc488,0x00000000fea80000)
  to   space 64512K, 0% used [0x00000000f6c80000,0x00000000f6c80000,0x00000000fab80000)
 ParOldGen       total 192000K, used 48967K [0x0000000082200000, 0x000000008dd80000, 0x00000000d6100000)
  object space 192000K, 25% used [0x0000000082200000,0x00000000851d1c38,0x000000008dd80000)
 Metaspace       used 65153K, capacity 66236K, committed 66776K, reserved 1107968K
  class space    used 7622K, capacity 7910K, committed 7936K, reserved 1048576K
}
Event: 121.245 GC heap before
{Heap before GC invocations=21 (full 4):
 PSYoungGen      total 582656K, used 558449K [0x00000000d6100000, 0x00000000fea80000, 0x0000000100000000)
  eden space 536064K, 100% used [0x00000000d6100000,0x00000000f6c80000,0x00000000f6c80000)
  from space 46592K, 48% used [0x00000000fbd00000,0x00000000fd2dc488,0x00000000fea80000)
  to   space 64512K, 0% used [0x00000000f6c80000,0x00000000f6c80000,0x00000000fab80000)
 ParOldGen       total 192000K, used 48967K [0x0000000082200000, 0x000000008dd80000, 0x00000000d6100000)
  object space 192000K, 25% used [0x0000000082200000,0x00000000851d1c98,0x000000008dd80000)
 Metaspace       used 69828K, capacity 70890K, committed 71384K, reserved 1112064K
  class space    used 8101K, capacity 8382K, committed 8448K, reserved 1048576K
Event: 121.299 GC heap after
Heap after GC invocations=21 (full 4):
 PSYoungGen      total 600576K, used 62151K [0x00000000d6100000, 0x0000000100000000, 0x0000000100000000)
  eden space 536064K, 0% used [0x00000000d6100000,0x00000000d6100000,0x00000000f6c80000)
  from space 64512K, 96% used [0x00000000f6c80000,0x00000000fa931ec0,0x00000000fab80000)
  to   space 74240K, 0% used [0x00000000fb780000,0x00000000fb780000,0x0000000100000000)
 ParOldGen       total 192000K, used 48975K [0x0000000082200000, 0x000000008dd80000, 0x00000000d6100000)
  object space 192000K, 25% used [0x0000000082200000,0x00000000851d3c98,0x000000008dd80000)
 Metaspace       used 69828K, capacity 70890K, committed 71384K, reserved 1112064K
  class space    used 8101K, capacity 8382K, committed 8448K, reserved 1048576K
}

Deoptimization events (10 events):
Event: 28.367 Thread 0x000000000270f800 Uncommon trap: reason=class_check action=maybe_recompile pc=0x0000000002b42a30 method=java.io.BufferedOutputStream.flushBuffer()V @ 20
Event: 28.369 Thread 0x000000000270f800 Uncommon trap: reason=unstable_if action=reinterpret pc=0x0000000004544484 method=java.util.regex.Pattern.append(II)V @ 6
Event: 28.375 Thread 0x000000000270f800 Uncommon trap: reason=unstable_if action=reinterpret pc=0x0000000004652540 method=sun.nio.fs.WindowsPathParser.isLetter(C)Z @ 3
Event: 120.732 Thread 0x000000005bdc4000 Uncommon trap: reason=unstable_if action=reinterpret pc=0x00000000038b3080 method=sun.net.www.protocol.jar.JarFileFactory.close(Ljava/util/jar/JarFile;)V @ 18
Event: 120.793 Thread 0x000000005bdc4000 Uncommon trap: reason=unstable_if action=reinterpret pc=0x0000000003e9db48 method=org.eclipse.jetty.util.resource.JarResource.checkConnection()Z @ 42
Event: 120.866 Thread 0x000000005bdc4000 Uncommon trap: reason=unstable_if action=reinterpret pc=0x00000000048a0674 method=org.eclipse.jetty.util.IncludeExcludeSet.isIncludedAndNotExcluded(Ljava/lang/Object;)Ljava/lang/Boolean; @ 10
Event: 121.299 Thread 0x0000000057793000 Uncommon trap: reason=unstable_if action=reinterpret pc=0x0000000003395dec method=java.lang.ref.Reference.tryHandlePending(Z)Z @ 20
Event: 121.924 Thread 0x000000005d5e5800 Uncommon trap: reason=unstable_if action=reinterpret pc=0x000000000482f2a0 method=java.util.concurrent.ConcurrentHashMap.addCount(JI)V @ 34
Event: 121.924 Thread 0x000000005bdcd800 Uncommon trap: reason=unstable_if action=reinterpret pc=0x0000000003295380 method=java.util.concurrent.ConcurrentHashMap.addCount(JI)V @ 7
Event: 122.074 Thread 0x000000005d5e5800 Uncommon trap: reason=unstable_if action=reinterpret pc=0x0000000004d05ef8 method=java.util.concurrent.ConcurrentHashMap.addCount(JI)V @ 97

Internal exceptions (10 events):
Event: 122.403 Thread 0x000000005bdc4000 Exception <a 'sun/nio/fs/WindowsException'> (0x00000000f52e33a8) thrown at [C:\re\workspace\8-2-build-windows-amd64-cygwin\jdk8u102\7268\hotspot\src\share\vm\prims\jni.cpp, line 709]
Event: 122.404 Thread 0x000000005bdc4000 Exception <a 'sun/nio/fs/WindowsException'> (0x00000000f52f16d8) thrown at [C:\re\workspace\8-2-build-windows-amd64-cygwin\jdk8u102\7268\hotspot\src\share\vm\prims\jni.cpp, line 709]
Event: 122.405 Thread 0x000000005bdc4000 Exception <a 'sun/nio/fs/WindowsException'> (0x00000000f52fbc88) thrown at [C:\re\workspace\8-2-build-windows-amd64-cygwin\jdk8u102\7268\hotspot\src\share\vm\prims\jni.cpp, line 709]
Event: 122.405 Thread 0x000000005bdc4000 Exception <a 'sun/nio/fs/WindowsException'> (0x00000000f53009e8) thrown at [C:\re\workspace\8-2-build-windows-amd64-cygwin\jdk8u102\7268\hotspot\src\share\vm\prims\jni.cpp, line 709]
Event: 122.406 Thread 0x000000005bdc4000 Exception <a 'sun/nio/fs/WindowsException'> (0x00000000f5309a68) thrown at [C:\re\workspace\8-2-build-windows-amd64-cygwin\jdk8u102\7268\hotspot\src\share\vm\prims\jni.cpp, line 709]
Event: 122.406 Thread 0x000000005bdc4000 Exception <a 'sun/nio/fs/WindowsException'> (0x00000000f530f7f8) thrown at [C:\re\workspace\8-2-build-windows-amd64-cygwin\jdk8u102\7268\hotspot\src\share\vm\prims\jni.cpp, line 709]
Event: 122.406 Thread 0x000000005bdc4000 Exception <a 'sun/nio/fs/WindowsException'> (0x00000000f53153e0) thrown at [C:\re\workspace\8-2-build-windows-amd64-cygwin\jdk8u102\7268\hotspot\src\share\vm\prims\jni.cpp, line 709]
Event: 122.407 Thread 0x000000005bdc4000 Exception <a 'sun/nio/fs/WindowsException'> (0x00000000f531af70) thrown at [C:\re\workspace\8-2-build-windows-amd64-cygwin\jdk8u102\7268\hotspot\src\share\vm\prims\jni.cpp, line 709]
Event: 122.407 Thread 0x000000005bdc4000 Exception <a 'sun/nio/fs/WindowsException'> (0x00000000f5321118) thrown at [C:\re\workspace\8-2-build-windows-amd64-cygwin\jdk8u102\7268\hotspot\src\share\vm\prims\jni.cpp, line 709]
Event: 122.407 Thread 0x000000005bdc4000 Exception <a 'sun/nio/fs/WindowsException'> (0x00000000f5325c40) thrown at [C:\re\workspace\8-2-build-windows-amd64-cygwin\jdk8u102\7268\hotspot\src\share\vm\prims\jni.cpp, line 709]

Events (10 events):
Event: 122.411 Thread 0x000000005bdc4000 DEOPT PACKING pc=0x0000000003a5a263 sp=0x000000007679e4c0
Event: 122.411 Thread 0x000000005bdc4000 DEOPT UNPACKING pc=0x000000000293787f sp=0x000000007679e248 mode 0
Event: 122.415 Thread 0x000000005bdc4000 DEOPT PACKING pc=0x0000000004168823 sp=0x000000007679e820
Event: 122.415 Thread 0x000000005bdc4000 DEOPT UNPACKING pc=0x000000000293787f sp=0x000000007679e538 mode 1
Event: 122.415 Thread 0x000000005bdc4000 DEOPT PACKING pc=0x00000000041a3a04 sp=0x000000007679e880
Event: 122.415 Thread 0x000000005bdc4000 DEOPT UNPACKING pc=0x000000000293787f sp=0x000000007679e5a8 mode 1
Event: 122.418 Thread 0x000000005bdc4000 DEOPT PACKING pc=0x0000000004168823 sp=0x000000007679e820
Event: 122.418 Thread 0x000000005bdc4000 DEOPT UNPACKING pc=0x000000000293787f sp=0x000000007679e538 mode 1
Event: 122.418 Thread 0x000000005bdc4000 DEOPT PACKING pc=0x00000000041a3a04 sp=0x000000007679e880
Event: 122.418 Thread 0x000000005bdc4000 DEOPT UNPACKING pc=0x000000000293787f sp=0x000000007679e5a8 mode 1


Dynamic libraries:
0x000000013f560000 - 0x000000013f597000 	E:\Java\Java\jdk1.8.0_102\bin\javaw.exe
0x0000000076e60000 - 0x0000000077009000 	C:\Windows\SYSTEM32\ntdll.dll
0x0000000076c40000 - 0x0000000076d5f000 	C:\Windows\system32\kernel32.dll
0x000007fefd110000 - 0x000007fefd17b000 	C:\Windows\system32\KERNELBASE.dll
0x000007fefdfe0000 - 0x000007fefe0bb000 	C:\Windows\system32\ADVAPI32.dll
0x000007fefeee0000 - 0x000007fefef7f000 	C:\Windows\system32\msvcrt.dll
0x000007fefed40000 - 0x000007fefed5f000 	C:\Windows\SYSTEM32\sechost.dll
0x000007fefe5c0000 - 0x000007fefe6ed000 	C:\Windows\system32\RPCRT4.dll
0x0000000076d60000 - 0x0000000076e5a000 	C:\Windows\system32\USER32.dll
0x000007fefe460000 - 0x000007fefe4c7000 	C:\Windows\system32\GDI32.dll
0x000007fefef80000 - 0x000007fefef8e000 	C:\Windows\system32\LPK.dll
0x000007fefd180000 - 0x000007fefd249000 	C:\Windows\system32\USP10.dll
0x000007fefb850000 - 0x000007fefba44000 	C:\Windows\WinSxS\amd64_microsoft.windows.common-controls_6595b64144ccf1df_6.0.7601.17514_none_fa396087175ac9ac\COMCTL32.dll
0x000007fefecc0000 - 0x000007fefed31000 	C:\Windows\system32\SHLWAPI.dll
0x000007fefe430000 - 0x000007fefe45e000 	C:\Windows\system32\IMM32.DLL
0x000007fefe320000 - 0x000007fefe429000 	C:\Windows\system32\MSCTF.dll
0x00000000709d0000 - 0x0000000070aa1000 	E:\Java\Java\jdk1.8.0_102\jre\bin\msvcr100.dll
0x000000006ddc0000 - 0x000000006e65a000 	E:\Java\Java\jdk1.8.0_102\jre\bin\server\jvm.dll
0x000007fef9ab0000 - 0x000007fef9ab9000 	C:\Windows\system32\WSOCK32.dll
0x000007fefe570000 - 0x000007fefe5bd000 	C:\Windows\system32\WS2_32.dll
0x000007fefebd0000 - 0x000007fefebd8000 	C:\Windows\system32\NSI.dll
0x000007fefad50000 - 0x000007fefad8b000 	C:\Windows\system32\WINMM.dll
0x000007fefbf10000 - 0x000007fefbf1c000 	C:\Windows\system32\VERSION.dll
0x0000000077030000 - 0x0000000077037000 	C:\Windows\system32\PSAPI.DLL
0x0000000072200000 - 0x000000007220f000 	E:\Java\Java\jdk1.8.0_102\jre\bin\verify.dll
0x0000000070c50000 - 0x0000000070c79000 	E:\Java\Java\jdk1.8.0_102\jre\bin\java.dll
0x0000000070500000 - 0x0000000070535000 	E:\Java\Java\jdk1.8.0_102\jre\bin\jdwp.dll
0x00000000704f0000 - 0x00000000704f8000 	E:\Java\Java\jdk1.8.0_102\jre\bin\npt.dll
0x0000000070c30000 - 0x0000000070c46000 	E:\Java\Java\jdk1.8.0_102\jre\bin\zip.dll
0x000007fefd250000 - 0x000007fefdfd8000 	C:\Windows\system32\SHELL32.dll
0x000007fefe770000 - 0x000007fefe973000 	C:\Windows\system32\ole32.dll
0x000007fefcdb0000 - 0x000007fefcdbf000 	C:\Windows\system32\profapi.dll
0x00000000704e0000 - 0x00000000704e9000 	E:\Java\Java\jdk1.8.0_102\jre\bin\dt_socket.dll
0x000007fefc5e0000 - 0x000007fefc635000 	C:\Windows\system32\mswsock.dll
0x000007fefbfe0000 - 0x000007fefbfe7000 	C:\Windows\System32\wshtcpip.dll
0x0000000070bd0000 - 0x0000000070bea000 	E:\Java\Java\jdk1.8.0_102\jre\bin\net.dll
0x000007fefc5d0000 - 0x000007fefc5d7000 	C:\Windows\System32\wship6.dll
0x0000000070b70000 - 0x0000000070b81000 	E:\Java\Java\jdk1.8.0_102\jre\bin\nio.dll
0x0000000070b60000 - 0x0000000070b6d000 	E:\Java\Java\jdk1.8.0_102\jre\bin\management.dll
0x0000000001d00000 - 0x0000000001d24000 	E:\Java\Java\jdk1.8.0_102\jre\bin\sunec.dll
0x000007fefa4e0000 - 0x000007fefa507000 	C:\Windows\system32\IPHLPAPI.DLL
0x000007fefa410000 - 0x000007fefa41b000 	C:\Windows\system32\WINNSI.DLL
0x000007fefa370000 - 0x000007fefa388000 	C:\Windows\system32\dhcpcsvc.DLL
0x000007fef9ee0000 - 0x000007fef9ef1000 	C:\Windows\system32\dhcpcsvc6.DLL
0x000007fefc640000 - 0x000007fefc657000 	C:\Windows\system32\CRYPTSP.dll
0x000007fefc340000 - 0x000007fefc387000 	C:\Windows\system32\rsaenh.dll
0x000007fefc0f0000 - 0x000007fefc10e000 	C:\Windows\system32\USERENV.dll
0x000007fefcd80000 - 0x000007fefcd8f000 	C:\Windows\system32\CRYPTBASE.dll
0x000007fefae20000 - 0x000007fefae35000 	C:\Windows\system32\NLAapi.dll
0x000007fef7700000 - 0x000007fef7715000 	C:\Windows\system32\napinsp.dll
0x000007fef76e0000 - 0x000007fef76f9000 	C:\Windows\system32\pnrpnsp.dll
0x000007fefc460000 - 0x000007fefc4bb000 	C:\Windows\system32\DNSAPI.dll
0x000007fef76d0000 - 0x000007fef76db000 	C:\Windows\System32\winrnr.dll
0x000007fef8750000 - 0x000007fef8758000 	C:\Windows\system32\rasadhlp.dll
0x000007fefa2a0000 - 0x000007fefa2f3000 	C:\Windows\System32\fwpuclnt.dll

VM Arguments:
jvm_args: -Dmaven.home=E:\Java\Maven\apache-maven-3.3.9 -Dclassworlds.conf=E:\workspace\.metadata\.plugins\org.eclipse.m2e.launching\launches\m2conf6515003880214398705.tmp -Dmaven.multiModuleProjectDirectory=E:\workspace\yiwu -Xdebug -Xnoagent -Djava.compiler=NONE -Xrunjdwp:transport=dt_socket,address=4000,server=y,suspend=n -Dfile.encoding=UTF-8 
java_command: org.codehaus.plexus.classworlds.launcher.Launcher -B -s E:\Java\Maven\settings.xml clean jetty:run -Pdev -Djetty.port=9090
java_class_path (initial): E:\Java\Maven\apache-maven-3.3.9\boot\plexus-classworlds-2.5.2.jar
Launcher Type: SUN_STANDARD

Environment Variables:
JAVA_HOME=E:\Java\Java\jdk1.8.0_102
CLASSPATH=.;E:\Java\Java\jdk1.8.0_102\lib\tools.jar;E:\Java\Java\jdk1.8.0_102\lib\dt.jar
PATH=C:/Program Files/Java/jre1.8.0_121/bin/server;C:/Program Files/Java/jre1.8.0_121/bin;C:/Program Files/Java/jre1.8.0_121/lib/amd64;C:\ProgramData\Oracle\Java\javapath;C:\Windows\system32;C:\Windows;C:\Windows\System32\Wbem;C:\Windows\System32\WindowsPowerShell\v1.0\;E:\Program Files\MySQL\MySQL Utilities 1.6\;E:\Program Files\Git\cmd;E:\Java\Java\jdk1.8.0_102\bin;E:\Java\Tomcat\apache-tomcat-9.0.0.M17\bin;E:\Java\Maven\apache-maven-3.3.9\bin;E:\Program Files\MySQL\mysql-5.6.24-win32\bin;E:\Java\eclipse;
USERNAME=ping
OS=Windows_NT
PROCESSOR_IDENTIFIER=Intel64 Family 6 Model 60 Stepping 3, GenuineIntel



---------------  S Y S T E M  ---------------

OS: Windows 7 , 64 bit Build 7601 (6.1.7601.17514)

CPU:total 4 (4 cores per cpu, 1 threads per core) family 6 model 60 stepping 3, cmov, cx8, fxsr, mmx, sse, sse2, sse3, ssse3, sse4.1, sse4.2, popcnt, avx, avx2, aes, clmul, erms, lzcnt, tsc, tscinvbit, bmi1, bmi2

Memory: 4k page, physical 8248244k(886132k free), swap 9065600k(5124k free)

vm_info: Java HotSpot(TM) 64-Bit Server VM (25.102-b14) for windows-amd64 JRE (1.8.0_102-b14), built on Jun 22 2016 13:15:21 by "java_re" with MS VC++ 10.0 (VS2010)

time: Thu Oct 19 21:18:01 2017
elapsed time: 122 seconds (0d 0h 2m 2s)

