#
# There is insufficient memory for the Java Runtime Environment to continue.
# Native memory allocation (malloc) failed to allocate 1065776 bytes for Chunk::new
# Possible reasons:
#   The system is out of physical RAM or swap space
#   In 32 bit mode, the process size limit was hit
# Possible solutions:
#   Reduce memory load on the system
#   Increase physical memory or swap space
#   Check if swap backing store is full
#   Use 64 bit Java on a 64 bit OS
#   Decrease Java heap size (-Xmx/-Xms)
#   Decrease number of Java threads
#   Decrease Java thread stack sizes (-Xss)
#   Set larger code cache with -XX:ReservedCodeCacheSize=
# This output file may be truncated or incomplete.
#
#  Out of Memory Error (allocation.cpp:390), pid=6180, tid=0x0000000000001c2c
#
# JRE version: Java(TM) SE Runtime Environment (8.0_102-b14) (build 1.8.0_102-b14)
# Java VM: Java HotSpot(TM) 64-Bit Server VM (25.102-b14 mixed mode windows-amd64 compressed oops)
# Failed to write core dump. Minidumps are not enabled by default on client versions of Windows
#

---------------  T H R E A D  ---------------

Current thread (0x000000001d25b000):  JavaThread "C2 CompilerThread1" daemon [_thread_in_native, id=7212, stack(0x000000001d820000,0x000000001d920000)]

Stack: [0x000000001d820000,0x000000001d920000]
[error occurred during error reporting (printing stack bounds), id 0xc0000005]

Native frames: (J=compiled Java code, j=interpreted, Vv=VM code, C=native code)


Current CompileTask:
C2:   8058 7281       4       java.io.WinNTFileSystem::canonicalize (372 bytes)


---------------  P R O C E S S  ---------------

Java Threads: ( => current thread )
  0x000000001d2b1000 JavaThread "Service Thread" daemon [_thread_blocked, id=4468, stack(0x000000001dde0000,0x000000001dee0000)]
  0x000000001d269000 JavaThread "C1 CompilerThread2" daemon [_thread_blocked, id=9816, stack(0x000000001dbb0000,0x000000001dcb0000)]
=>0x000000001d25b000 JavaThread "C2 CompilerThread1" daemon [_thread_in_native, id=7212, stack(0x000000001d820000,0x000000001d920000)]
  0x000000001d24b800 JavaThread "C2 CompilerThread0" daemon [_thread_blocked, id=6800, stack(0x000000001d950000,0x000000001da50000)]
  0x000000001d248800 JavaThread "Attach Listener" daemon [_thread_blocked, id=9344, stack(0x000000001d6d0000,0x000000001d7d0000)]
  0x000000001bf0e800 JavaThread "Signal Dispatcher" daemon [_thread_blocked, id=9644, stack(0x000000001d020000,0x000000001d120000)]
  0x000000001beeb800 JavaThread "Finalizer" daemon [_thread_blocked, id=10000, stack(0x000000001ce10000,0x000000001cf10000)]
  0x000000001bea2000 JavaThread "Reference Handler" daemon [_thread_blocked, id=9188, stack(0x000000001d140000,0x000000001d240000)]
  0x0000000002448000 JavaThread "main" [_thread_in_native, id=976, stack(0x0000000002740000,0x0000000002840000)]

Other Threads:
  0x000000001be9c800 VMThread [stack: 0x000000001cf10000,0x000000001d010000] [id=3920]
  0x000000001d2b7800 WatcherThread [stack: 0x000000001dfe0000,0x000000001e0e0000] [id=568]

VM state:not at safepoint (normal execution)

VM Mutex/Monitor currently owned by a thread: None

Heap:
 PSYoungGen      total 248320K, used 30050K [0x000000076b580000, 0x000000078a180000, 0x00000007c0000000)
  eden space 237568K, 8% used [0x000000076b580000,0x000000076c859740,0x0000000779d80000)
  from space 10752K, 99% used [0x000000077be00000,0x000000077c87f3a8,0x000000077c880000)
  to   space 33280K, 0% used [0x0000000779d80000,0x0000000779d80000,0x000000077be00000)
 ParOldGen       total 96256K, used 51970K [0x00000006c2000000, 0x00000006c7e00000, 0x000000076b580000)
  object space 96256K, 53% used [0x00000006c2000000,0x00000006c52c0b50,0x00000006c7e00000)
 Metaspace       used 26686K, capacity 27454K, committed 27648K, reserved 1073152K
  class space    used 3032K, capacity 3238K, committed 3328K, reserved 1048576K

Card table byte_map: [0x0000000011c00000,0x0000000012400000] byte_map_base: 0x000000000e5f0000

Marking Bits: (ParMarkBitMap*) 0x0000000074c8a6c0
 Begin Bits: [0x0000000012e20000, 0x0000000016da0000)
 End Bits:   [0x0000000016da0000, 0x000000001ad20000)

Polling page: 0x0000000000340000

CodeCache: size=245760Kb used=22987Kb max_used=22999Kb free=222772Kb
 bounds [0x0000000002840000, 0x0000000003ed0000, 0x0000000011840000]
 total_blobs=6716 nmethods=6306 adapters=320
 compilation: enabled

Compilation events (10 events):
Event: 8.037 Thread 0x000000001d269000 nmethod 7296 0x0000000003eb13d0 code [0x0000000003eb15a0, 0x0000000003eb1d18]
Event: 8.037 Thread 0x000000001d269000 7297       3       org.codehaus.plexus.interpolation.reflection.ClassMap::makeMethodKey (59 bytes)
Event: 8.037 Thread 0x000000001d269000 nmethod 7297 0x0000000003ebfe90 code [0x0000000003ec0080, 0x0000000003ec0d38]
Event: 8.037 Thread 0x000000001d269000 7298       3       java.util.regex.Pattern::newSingle (98 bytes)
Event: 8.038 Thread 0x000000001d269000 nmethod 7298 0x0000000003ec3bd0 code [0x0000000003ec3e80, 0x0000000003ec5028]
Event: 8.044 Thread 0x000000001d24b800 nmethod 7287 0x0000000003ec7990 code [0x0000000003ec7b60, 0x0000000003ec8590]
Event: 8.044 Thread 0x000000001d24b800 7288   !   4       sun.reflect.UTF8::encode (191 bytes)
Event: 8.049 Thread 0x000000001d24b800 nmethod 7288 0x0000000003ec90d0 code [0x0000000003ec9220, 0x0000000003ec9758]
Event: 8.049 Thread 0x000000001d24b800 7291       4       java.util.regex.Pattern::has (15 bytes)
Event: 8.049 Thread 0x000000001d24b800 nmethod 7291 0x0000000002cef890 code [0x0000000002cef9c0, 0x0000000002cefa38]

GC Heap History (10 events):
Event: 3.251 GC heap before
{Heap before GC invocations=3 (full 0):
 PSYoungGen      total 140800K, used 139720K [0x000000076b580000, 0x0000000774980000, 0x00000007c0000000)
  eden space 130048K, 100% used [0x000000076b580000,0x0000000773480000,0x0000000773480000)
  from space 10752K, 89% used [0x0000000773f00000,0x0000000774872108,0x0000000774980000)
  to   space 10752K, 0% used [0x0000000773480000,0x0000000773480000,0x0000000773f00000)
 ParOldGen       total 173568K, used 417K [0x00000006c2000000, 0x00000006cc980000, 0x000000076b580000)
  object space 173568K, 0% used [0x00000006c2000000,0x00000006c20687c8,0x00000006cc980000)
 Metaspace       used 20399K, capacity 20882K, committed 21120K, reserved 1067008K
  class space    used 2475K, capacity 2591K, committed 2688K, reserved 1048576K
Event: 3.305 GC heap after
Heap after GC invocations=3 (full 0):
 PSYoungGen      total 140800K, used 10747K [0x000000076b580000, 0x000000077c880000, 0x00000007c0000000)
  eden space 130048K, 0% used [0x000000076b580000,0x000000076b580000,0x0000000773480000)
  from space 10752K, 99% used [0x0000000773480000,0x0000000773efee30,0x0000000773f00000)
  to   space 10752K, 0% used [0x000000077be00000,0x000000077be00000,0x000000077c880000)
 ParOldGen       total 173568K, used 3636K [0x00000006c2000000, 0x00000006cc980000, 0x000000076b580000)
  object space 173568K, 2% used [0x00000006c2000000,0x00000006c238d080,0x00000006cc980000)
 Metaspace       used 20399K, capacity 20882K, committed 21120K, reserved 1067008K
  class space    used 2475K, capacity 2591K, committed 2688K, reserved 1048576K
}
Event: 3.378 GC heap before
{Heap before GC invocations=4 (full 0):
 PSYoungGen      total 140800K, used 15922K [0x000000076b580000, 0x000000077c880000, 0x00000007c0000000)
  eden space 130048K, 3% used [0x000000076b580000,0x000000076ba8db80,0x0000000773480000)
  from space 10752K, 99% used [0x0000000773480000,0x0000000773efee30,0x0000000773f00000)
  to   space 10752K, 0% used [0x000000077be00000,0x000000077be00000,0x000000077c880000)
 ParOldGen       total 173568K, used 3636K [0x00000006c2000000, 0x00000006cc980000, 0x000000076b580000)
  object space 173568K, 2% used [0x00000006c2000000,0x00000006c238d080,0x00000006cc980000)
 Metaspace       used 20649K, capacity 21170K, committed 21296K, reserved 1069056K
  class space    used 2497K, capacity 2623K, committed 2688K, reserved 1048576K
Event: 3.387 GC heap after
Heap after GC invocations=4 (full 0):
 PSYoungGen      total 270848K, used 10750K [0x000000076b580000, 0x000000077c880000, 0x00000007c0000000)
  eden space 260096K, 0% used [0x000000076b580000,0x000000076b580000,0x000000077b380000)
  from space 10752K, 99% used [0x000000077be00000,0x000000077c87f938,0x000000077c880000)
  to   space 10752K, 0% used [0x000000077b380000,0x000000077b380000,0x000000077be00000)
 ParOldGen       total 173568K, used 3919K [0x00000006c2000000, 0x00000006cc980000, 0x000000076b580000)
  object space 173568K, 2% used [0x00000006c2000000,0x00000006c23d3f48,0x00000006cc980000)
 Metaspace       used 20649K, capacity 21170K, committed 21296K, reserved 1069056K
  class space    used 2497K, capacity 2623K, committed 2688K, reserved 1048576K
}
Event: 3.387 GC heap before
{Heap before GC invocations=5 (full 1):
 PSYoungGen      total 270848K, used 10750K [0x000000076b580000, 0x000000077c880000, 0x00000007c0000000)
  eden space 260096K, 0% used [0x000000076b580000,0x000000076b580000,0x000000077b380000)
  from space 10752K, 99% used [0x000000077be00000,0x000000077c87f938,0x000000077c880000)
  to   space 10752K, 0% used [0x000000077b380000,0x000000077b380000,0x000000077be00000)
 ParOldGen       total 173568K, used 3919K [0x00000006c2000000, 0x00000006cc980000, 0x000000076b580000)
  object space 173568K, 2% used [0x00000006c2000000,0x00000006c23d3f48,0x00000006cc980000)
 Metaspace       used 20649K, capacity 21170K, committed 21296K, reserved 1069056K
  class space    used 2497K, capacity 2623K, committed 2688K, reserved 1048576K
Event: 3.430 GC heap after
Heap after GC invocations=5 (full 1):
 PSYoungGen      total 270848K, used 0K [0x000000076b580000, 0x000000077c880000, 0x00000007c0000000)
  eden space 260096K, 0% used [0x000000076b580000,0x000000076b580000,0x000000077b380000)
  from space 10752K, 0% used [0x000000077be00000,0x000000077be00000,0x000000077c880000)
  to   space 10752K, 0% used [0x000000077b380000,0x000000077b380000,0x000000077be00000)
 ParOldGen       total 96256K, used 11976K [0x00000006c2000000, 0x00000006c7e00000, 0x000000076b580000)
  object space 96256K, 12% used [0x00000006c2000000,0x00000006c2bb20a8,0x00000006c7e00000)
 Metaspace       used 20649K, capacity 21170K, committed 21296K, reserved 1069056K
  class space    used 2497K, capacity 2623K, committed 2688K, reserved 1048576K
}
Event: 5.748 GC heap before
{Heap before GC invocations=6 (full 1):
 PSYoungGen      total 270848K, used 260096K [0x000000076b580000, 0x000000077c880000, 0x00000007c0000000)
  eden space 260096K, 100% used [0x000000076b580000,0x000000077b380000,0x000000077b380000)
  from space 10752K, 0% used [0x000000077be00000,0x000000077be00000,0x000000077c880000)
  to   space 10752K, 0% used [0x000000077b380000,0x000000077b380000,0x000000077be00000)
 ParOldGen       total 96256K, used 11976K [0x00000006c2000000, 0x00000006c7e00000, 0x000000076b580000)
  object space 96256K, 12% used [0x00000006c2000000,0x00000006c2bb20a8,0x00000006c7e00000)
 Metaspace       used 23916K, capacity 24490K, committed 24704K, reserved 1071104K
  class space    used 2702K, capacity 2855K, committed 2944K, reserved 1048576K
Event: 5.782 GC heap after
Heap after GC invocations=6 (full 1):
 PSYoungGen      total 270848K, used 10722K [0x000000076b580000, 0x000000077c880000, 0x00000007c0000000)
  eden space 260096K, 0% used [0x000000076b580000,0x000000076b580000,0x000000077b380000)
  from space 10752K, 99% used [0x000000077b380000,0x000000077bdf8ba8,0x000000077be00000)
  to   space 10752K, 0% used [0x000000077be00000,0x000000077be00000,0x000000077c880000)
 ParOldGen       total 96256K, used 42609K [0x00000006c2000000, 0x00000006c7e00000, 0x000000076b580000)
  object space 96256K, 44% used [0x00000006c2000000,0x00000006c499c590,0x00000006c7e00000)
 Metaspace       used 23916K, capacity 24490K, committed 24704K, reserved 1071104K
  class space    used 2702K, capacity 2855K, committed 2944K, reserved 1048576K
}
Event: 7.797 GC heap before
{Heap before GC invocations=7 (full 1):
 PSYoungGen      total 270848K, used 270818K [0x000000076b580000, 0x000000077c880000, 0x00000007c0000000)
  eden space 260096K, 100% used [0x000000076b580000,0x000000077b380000,0x000000077b380000)
  from space 10752K, 99% used [0x000000077b380000,0x000000077bdf8ba8,0x000000077be00000)
  to   space 10752K, 0% used [0x000000077be00000,0x000000077be00000,0x000000077c880000)
 ParOldGen       total 96256K, used 42609K [0x00000006c2000000, 0x00000006c7e00000, 0x000000076b580000)
  object space 96256K, 44% used [0x00000006c2000000,0x00000006c499c590,0x00000006c7e00000)
 Metaspace       used 26611K, capacity 27372K, committed 27648K, reserved 1073152K
  class space    used 3021K, capacity 3235K, committed 3328K, reserved 1048576K
Event: 7.814 GC heap after
Heap after GC invocations=7 (full 1):
 PSYoungGen      total 248320K, used 10748K [0x000000076b580000, 0x000000078a180000, 0x00000007c0000000)
  eden space 237568K, 0% used [0x000000076b580000,0x000000076b580000,0x0000000779d80000)
  from space 10752K, 99% used [0x000000077be00000,0x000000077c87f3a8,0x000000077c880000)
  to   space 33280K, 0% used [0x0000000779d80000,0x0000000779d80000,0x000000077be00000)
 ParOldGen       total 96256K, used 51970K [0x00000006c2000000, 0x00000006c7e00000, 0x000000076b580000)
  object space 96256K, 53% used [0x00000006c2000000,0x00000006c52c0b50,0x00000006c7e00000)
 Metaspace       used 26611K, capacity 27372K, committed 27648K, reserved 1073152K
  class space    used 3021K, capacity 3235K, committed 3328K, reserved 1048576K
}

Deoptimization events (10 events):
Event: 6.839 Thread 0x0000000002448000 Uncommon trap: reason=unstable_if action=reinterpret pc=0x0000000003bfec44 method=com.sun.tools.javac.util.ArrayUtils.ensureCapacity([Ljava/lang/Object;I)[Ljava/lang/Object; @ 3
Event: 6.862 Thread 0x0000000002448000 Uncommon trap: reason=unstable_if action=reinterpret pc=0x0000000003d6be84 method=com.sun.tools.javac.code.Symbol.hiddenInInternal(Lcom/sun/tools/javac/code/Symbol$ClassSymbol;Lcom/sun/tools/javac/code/Types;)Lcom/sun/tools/javac/code/Symbol; @ 40
Event: 6.862 Thread 0x0000000002448000 Uncommon trap: reason=class_check action=maybe_recompile pc=0x0000000003411904 method=com.sun.tools.javac.code.Types$ImplementationCache.implementationInternal(Lcom/sun/tools/javac/code/Symbol$MethodSymbol;Lcom/sun/tools/javac/code/Symbol$TypeSymbol;ZLcom/Ï•$’y@
Event: 6.869 Thread 0x0000000002448000 Uncommon trap: reason=unstable_if action=reinterpret pc=0x000000000296cf0c method=com.sun.tools.javac.code.Symbol$TypeSymbol.formFullName(Lcom/sun/tools/javac/util/Name;Lcom/sun/tools/javac/code/Symbol;)Lcom/sun/tools/javac/util/Name; @ 22
Event: 6.869 Thread 0x0000000002448000 Uncommon trap: reason=unstable_if action=reinterpret pc=0x0000000002d7d9c4 method=com.sun.tools.javac.code.Symbol$TypeSymbol.formFlatName(Lcom/sun/tools/javac/util/Name;Lcom/sun/tools/javac/code/Symbol;)Lcom/sun/tools/javac/util/Name; @ 11
Event: 6.870 Thread 0x0000000002448000 Uncommon trap: reason=unstable_if action=reinterpret pc=0x0000000003b830e4 method=com.sun.tools.javac.tree.TreeInfo.getStartPos(Lcom/sun/tools/javac/tree/JCTree;)I @ 293
Event: 6.967 Thread 0x0000000002448000 Uncommon trap: reason=unstable_if action=reinterpret pc=0x00000000030d00c8 method=java.util.Collections$UnmodifiableMap.equals(Ljava/lang/Object;)Z @ 2
Event: 7.174 Thread 0x0000000002448000 Uncommon trap: reason=unstable_if action=reinterpret pc=0x000000000333de64 method=org.codehaus.plexus.classworlds.realm.Entry.matches(Ljava/lang/String;)Z @ 20
Event: 7.185 Thread 0x0000000002448000 Uncommon trap: reason=unstable_if action=reinterpret pc=0x0000000002b5acb0 method=java.util.HashMap.hash(Ljava/lang/Object;)I @ 1
Event: 7.790 Thread 0x0000000002448000 Uncommon trap: reason=unstable_if action=reinterpret pc=0x0000000003e89d40 method=org.codehaus.plexus.util.SelectorUtils.matchAntPathPattern(Ljava/lang/String;Ljava/lang/String;Z)Z @ 70

Internal exceptions (10 events):
Event: 3.736 Thread 0x0000000002448000 Exception <a 'java/io/FileNotFoundException'> (0x000000076d651a28) thrown at [C:\re\workspace\8-2-build-windows-amd64-cygwin\jdk8u102\7268\hotspot\src\share\vm\prims\jni.cpp, line 709]
Event: 6.079 Thread 0x0000000002448000 Implicit null exception at 0x0000000003c47384 to 0x0000000003c49645
Event: 6.554 Thread 0x0000000002448000 Exception <a 'java/security/PrivilegedActionException'> (0x0000000774445ea0) thrown at [C:\re\workspace\8-2-build-windows-amd64-cygwin\jdk8u102\7268\hotspot\src\share\vm\prims\jvm.cpp, line 1386]
Event: 6.554 Thread 0x0000000002448000 Exception <a 'java/security/PrivilegedActionException'> (0x0000000774446298) thrown at [C:\re\workspace\8-2-build-windows-amd64-cygwin\jdk8u102\7268\hotspot\src\share\vm\prims\jvm.cpp, line 1386]
Event: 6.554 Thread 0x0000000002448000 Exception <a 'java/security/PrivilegedActionException'> (0x00000007744480c8) thrown at [C:\re\workspace\8-2-build-windows-amd64-cygwin\jdk8u102\7268\hotspot\src\share\vm\prims\jvm.cpp, line 1386]
Event: 6.554 Thread 0x0000000002448000 Exception <a 'java/security/PrivilegedActionException'> (0x00000007744484c0) thrown at [C:\re\workspace\8-2-build-windows-amd64-cygwin\jdk8u102\7268\hotspot\src\share\vm\prims\jvm.cpp, line 1386]
Event: 6.580 Thread 0x0000000002448000 Exception <a 'java/io/FileNotFoundException'> (0x0000000774662bd8) thrown at [C:\re\workspace\8-2-build-windows-amd64-cygwin\jdk8u102\7268\hotspot\src\share\vm\prims\jni.cpp, line 709]
Event: 6.580 Thread 0x0000000002448000 Exception <a 'java/io/FileNotFoundException'> (0x00000007746644f8) thrown at [C:\re\workspace\8-2-build-windows-amd64-cygwin\jdk8u102\7268\hotspot\src\share\vm\prims\jni.cpp, line 709]
Event: 6.582 Thread 0x0000000002448000 Exception <a 'java/io/FileNotFoundException'> (0x00000007746ae2c8) thrown at [C:\re\workspace\8-2-build-windows-amd64-cygwin\jdk8u102\7268\hotspot\src\share\vm\prims\jni.cpp, line 709]
Event: 7.185 Thread 0x0000000002448000 Implicit null exception at 0x0000000002b5a67b to 0x0000000002b5ac95

Events (10 events):
Event: 8.033 loading class org/codehaus/plexus/interpolation/util/StringUtils
Event: 8.033 loading class org/codehaus/plexus/interpolation/util/StringUtils done
Event: 8.033 loading class org/codehaus/plexus/interpolation/util/StringUtils
Event: 8.033 loading class org/codehaus/plexus/interpolation/util/StringUtils done
Event: 8.037 loading class org/apache/maven/plugin/war/util/WarUtils
Event: 8.037 loading class org/apache/maven/plugin/war/util/WarUtils done
Event: 8.037 loading class org/apache/maven/plugin/war/util/WarUtils
Event: 8.037 loading class org/apache/maven/plugin/war/util/WarUtils done
Event: 8.037 loading class org/apache/maven/plugin/war/util/WarUtils
Event: 8.037 loading class org/apache/maven/plugin/war/util/WarUtils done


Dynamic libraries:
0x000000013fe10000 - 0x000000013fe47000 	D:\Program Files\Java\jdk1.8.0_102\bin\java.exe
0x00000000776b0000 - 0x0000000077859000 	C:\Windows\SYSTEM32\ntdll.dll
0x0000000077590000 - 0x00000000776af000 	C:\Windows\system32\kernel32.dll
0x000007fefd940000 - 0x000007fefd9ab000 	C:\Windows\system32\KERNELBASE.dll
0x000007feff2e0000 - 0x000007feff3bb000 	C:\Windows\system32\ADVAPI32.dll
0x000007feff240000 - 0x000007feff2df000 	C:\Windows\system32\msvcrt.dll
0x000007fefdb80000 - 0x000007fefdb9f000 	C:\Windows\SYSTEM32\sechost.dll
0x000007feff110000 - 0x000007feff23d000 	C:\Windows\system32\RPCRT4.dll
0x0000000077490000 - 0x000000007758a000 	C:\Windows\system32\USER32.dll
0x000007fefdba0000 - 0x000007fefdc07000 	C:\Windows\system32\GDI32.dll
0x000007feff6f0000 - 0x000007feff6fe000 	C:\Windows\system32\LPK.dll
0x000007feff040000 - 0x000007feff109000 	C:\Windows\system32\USP10.dll
0x000007fefc0a0000 - 0x000007fefc294000 	C:\Windows\WinSxS\amd64_microsoft.windows.common-controls_6595b64144ccf1df_6.0.7601.17514_none_fa396087175ac9ac\COMCTL32.dll
0x000007fefefc0000 - 0x000007feff031000 	C:\Windows\system32\SHLWAPI.dll
0x000007feff670000 - 0x000007feff69e000 	C:\Windows\system32\IMM32.DLL
0x000007fefd9d0000 - 0x000007fefdad9000 	C:\Windows\system32\MSCTF.dll
0x0000000074d10000 - 0x0000000074de1000 	D:\Program Files\Java\jdk1.8.0_102\jre\bin\msvcr100.dll
0x0000000074470000 - 0x0000000074d0a000 	D:\Program Files\Java\jdk1.8.0_102\jre\bin\server\jvm.dll
0x000007feefee0000 - 0x000007feefee9000 	C:\Windows\system32\WSOCK32.dll
0x000007feff6a0000 - 0x000007feff6ed000 	C:\Windows\system32\WS2_32.dll
0x000007fefdd90000 - 0x000007fefdd98000 	C:\Windows\system32\NSI.dll
0x000007fefb470000 - 0x000007fefb4ab000 	C:\Windows\system32\WINMM.dll
0x000007fefc760000 - 0x000007fefc76c000 	C:\Windows\system32\VERSION.dll
0x0000000077870000 - 0x0000000077877000 	C:\Windows\system32\PSAPI.DLL
0x0000000074460000 - 0x000000007446f000 	D:\Program Files\Java\jdk1.8.0_102\jre\bin\verify.dll
0x0000000074430000 - 0x0000000074459000 	D:\Program Files\Java\jdk1.8.0_102\jre\bin\java.dll
0x0000000074410000 - 0x0000000074426000 	D:\Program Files\Java\jdk1.8.0_102\jre\bin\zip.dll
0x000007fefe0a0000 - 0x000007fefee28000 	C:\Windows\system32\SHELL32.dll
0x000007feff3c0000 - 0x000007feff5c3000 	C:\Windows\system32\ole32.dll
0x000007fefd600000 - 0x000007fefd60f000 	C:\Windows\system32\profapi.dll
0x00000000743f0000 - 0x000000007440a000 	D:\Program Files\Java\jdk1.8.0_102\jre\bin\net.dll
0x000007fefce30000 - 0x000007fefce85000 	C:\Windows\system32\mswsock.dll
0x000007fefce20000 - 0x000007fefce27000 	C:\Windows\System32\wship6.dll
0x00000000743b0000 - 0x00000000743c1000 	D:\Program Files\Java\jdk1.8.0_102\jre\bin\nio.dll

VM Arguments:
jvm_args: -Dclassworlds.conf=D:/Program Files/Maven/apache-maven-3.3.9/bin/m2.conf -Dmaven.home=D:/Program Files/Maven/apache-maven-3.3.9 -Dmaven.multiModuleProjectDirectory=D:/Workspace3/yiwu 
java_command: org.codehaus.plexus.classworlds.launcher.Launcher clean package -Ptst -DskipTests
java_class_path (initial): D:/Program Files/Maven/apache-maven-3.3.9/boot/plexus-classworlds-2.5.2.jar
Launcher Type: SUN_STANDARD

Environment Variables:
JAVA_HOME=D:/Program Files/Java/jdk1.8.0_102
CLASSPATH=.;D:\Program Files\Java\jdk1.8.0_102\lib\dt.jar;D:\Program Files\Java\jdk1.8.0_102\lib\tools.jar;
PATH=C:\Users\ping\bin;D:\Program Files\Git\mingw64\bin;D:\Program Files\Git\usr\local\bin;D:\Program Files\Git\usr\bin;D:\Program Files\Git\usr\bin;D:\Program Files\Git\mingw64\bin;D:\Program Files\Git\usr\bin;C:\Users\ping\bin;C:\Windows\system32;C:\Windows;C:\Windows\System32\Wbem;C:\Windows\System32\WindowsPowerShell\v1.0;C:\Program Files (x86)\Windows Kits\8.0\Windows Performance Toolkit;C:\Program Files\Microsoft SQL Server\110\Tools\Bin;D:\Program Files\Git\cmd;D:\Program Files\Java\jdk1.8.0_102\bin;D:\Program Files\Maven\apache-maven-3.3.9\bin;D:\Program Files\MySQL\mysql-5.6.24-win32\bin;D:\Program Files\Git\usr\bin\vendor_perl;D:\Program Files\Git\usr\bin\core_perl
USERNAME=ping
SHELL=D:\Program Files\Git\usr\bin\bash
DISPLAY=needs-to-be-defined
OS=Windows_NT
PROCESSOR_IDENTIFIER=Intel64 Family 6 Model 60 Stepping 3, GenuineIntel



---------------  S Y S T E M  ---------------

OS: Windows 7 , 64 bit Build 7601 (6.1.7601.17514)

CPU:total 4 (4 cores per cpu, 1 threads per core) family 6 model 60 stepping 3, cmov, cx8, fxsr, mmx, sse, sse2, sse3, ssse3, sse4.1, sse4.2, popcnt, avx, avx2, aes, clmul, erms, lzcnt, tsc, tscinvbit, bmi1, bmi2

Memory: 4k page, physical 16645100k(3809376k free), swap 17513656k(5832k free)

vm_info: Java HotSpot(TM) 64-Bit Server VM (25.102-b14) for windows-amd64 JRE (1.8.0_102-b14), built on Jun 22 2016 13:15:21 by "java_re" with MS VC++ 10.0 (VS2010)

time: Sat Jul 29 17:35:21 2017
elapsed time: 8 seconds (0d 0h 0m 8s)

