#
# There is insufficient memory for the Java Runtime Environment to continue.
# Native memory allocation (malloc) failed to allocate 314816 bytes for Chunk::new
# Possible reasons:
#   The system is out of physical RAM or swap space
#   In 32 bit mode, the process size limit was hit
# Possible solutions:
#   Reduce memory load on the system
#   Increase physical memory or swap space
#   Check if swap backing store is full
#   Use 64 bit Java on a 64 bit OS
#   Decrease Java heap size (-Xmx/-Xms)
#   Decrease number of Java threads
#   Decrease Java thread stack sizes (-Xss)
#   Set larger code cache with -XX:ReservedCodeCacheSize=
# This output file may be truncated or incomplete.
#
#  Out of Memory Error (allocation.cpp:390), pid=5520, tid=0x0000000000001028
#
# JRE version: Java(TM) SE Runtime Environment (8.0_102-b14) (build 1.8.0_102-b14)
# Java VM: Java HotSpot(TM) 64-Bit Server VM (25.102-b14 mixed mode windows-amd64 compressed oops)
# Failed to write core dump. Minidumps are not enabled by default on client versions of Windows
#

---------------  T H R E A D  ---------------

Current thread (0x0000000058b0c800):  JavaThread "C2 CompilerThread0" daemon [_thread_in_native, id=4136, stack(0x0000000059380000,0x0000000059480000)]

Stack: [0x0000000059380000,0x0000000059480000]
[error occurred during error reporting (printing stack bounds), id 0xc0000005]

Native frames: (J=compiled Java code, j=interpreted, Vv=VM code, C=native code)


Current CompileTask:
C2: 658352 26148  s!   4       sun.misc.URLClassPath::getLoader (197 bytes)


---------------  P R O C E S S  ---------------

Java Threads: ( => current thread )
  0x0000000066949000 JavaThread "PathWatcher-Thread[E:\workspace\yiwu (+50)]" daemon [_thread_in_vm, id=5920, stack(0x00000001161b0000,0x00000001162b0000)]
  0x000000005c530800 JavaThread "Abandoned connection cleanup thread" daemon [_thread_blocked, id=7420, stack(0x000000007b040000,0x000000007b140000)]
  0x000000005c531000 JavaThread "C3P0PooledConnectionPoolManager[identityToken->1hge13g9ruj23u4mspl1m|49385f8a]-HelperThread-#2" daemon [_thread_blocked, id=1776, stack(0x000000007ec80000,0x000000007ed80000)]
  0x000000005c533000 JavaThread "C3P0PooledConnectionPoolManager[identityToken->1hge13g9ruj23u4mspl1m|49385f8a]-HelperThread-#1" daemon [_thread_blocked, id=4780, stack(0x000000007eb80000,0x000000007ec80000)]
  0x000000005c533800 JavaThread "C3P0PooledConnectionPoolManager[identityToken->1hge13g9ruj23u4mspl1m|49385f8a]-HelperThread-#0" daemon [_thread_blocked, id=6716, stack(0x000000007e030000,0x000000007e130000)]
  0x000000005c534800 JavaThread "C3P0PooledConnectionPoolManager[identityToken->1hge13g9ruj23u4mspl1m|49385f8a]-AdminTaskTimer" daemon [_thread_blocked, id=6984, stack(0x00000000599b0000,0x0000000059ab0000)]
  0x000000005b465800 JavaThread "qtp683978917-97" [_thread_blocked, id=5052, stack(0x000000005d610000,0x000000005d710000)]
  0x000000005b46b000 JavaThread "qtp683978917-96" [_thread_blocked, id=7088, stack(0x00000000616e0000,0x00000000617e0000)]
  0x000000005b468800 JavaThread "qtp683978917-95" [_thread_blocked, id=5240, stack(0x00000000659f0000,0x0000000065af0000)]
  0x000000005b465000 JavaThread "qtp683978917-94" [_thread_blocked, id=2880, stack(0x0000000061540000,0x0000000061640000)]
  0x000000005b46a000 JavaThread "qtp683978917-79" [_thread_blocked, id=4720, stack(0x0000000081a60000,0x0000000081b60000)]
  0x000000005b469800 JavaThread "qtp683978917-78" [_thread_in_native, id=3564, stack(0x0000000081960000,0x0000000081a60000)]
  0x000000005c52c800 JavaThread "C3P0PooledConnectionPoolManager[identityToken->1hge13g9ruipdwsj52evq|422913d6]-HelperThread-#2" daemon [_thread_blocked, id=5864, stack(0x00000000707c0000,0x00000000708c0000)]
  0x000000005c52c000 JavaThread "C3P0PooledConnectionPoolManager[identityToken->1hge13g9ruipdwsj52evq|422913d6]-HelperThread-#1" daemon [_thread_blocked, id=8004, stack(0x00000000702c0000,0x00000000703c0000)]
  0x000000005c52b000 JavaThread "C3P0PooledConnectionPoolManager[identityToken->1hge13g9ruipdwsj52evq|422913d6]-HelperThread-#0" daemon [_thread_blocked, id=4848, stack(0x00000000706b0000,0x00000000707b0000)]
  0x000000005c52a800 JavaThread "C3P0PooledConnectionPoolManager[identityToken->1hge13g9ruipdwsj52evq|422913d6]-AdminTaskTimer" daemon [_thread_blocked, id=3788, stack(0x0000000070170000,0x0000000070270000)]
  0x000000005c526800 JavaThread "Abandoned connection cleanup thread" daemon [_thread_blocked, id=4900, stack(0x0000000066df0000,0x0000000066ef0000)]
  0x000000005c527800 JavaThread "Scheduler-1342402020" [_thread_blocked, id=2380, stack(0x0000000066cf0000,0x0000000066df0000)]
  0x000000005c525000 JavaThread "qtp683978917-20-acceptor-0@48d4a6cc-ServerConnector@ce5af80{HTTP/1.1,[http/1.1]}{0.0.0.0:9090}" [_thread_in_native, id=4888, stack(0x00000000602c0000,0x00000000603c0000)]
  0x000000005d8e3800 JavaThread "qtp683978917-19" [_thread_in_native, id=2976, stack(0x0000000059260000,0x0000000059360000)]
  0x000000005c125800 JavaThread "qtp683978917-16" [_thread_blocked, id=256, stack(0x0000000060160000,0x0000000060260000)]
  0x000000005c7e3800 JavaThread "qtp683978917-15" [_thread_blocked, id=920, stack(0x0000000059750000,0x0000000059850000)]
  0x000000005c7eb000 JavaThread "qtp683978917-14" [_thread_blocked, id=4860, stack(0x000000005a230000,0x000000005a330000)]
  0x0000000058b7d800 JavaThread "Service Thread" daemon [_thread_blocked, id=7804, stack(0x0000000059880000,0x0000000059980000)]
  0x0000000058b5a800 JavaThread "C1 CompilerThread2" daemon [_thread_blocked, id=6968, stack(0x0000000059650000,0x0000000059750000)]
  0x0000000058b57000 JavaThread "C2 CompilerThread1" daemon [_thread_in_native, id=5100, stack(0x00000000594f0000,0x00000000595f0000)]
=>0x0000000058b0c800 JavaThread "C2 CompilerThread0" daemon [_thread_in_native, id=4136, stack(0x0000000059380000,0x0000000059480000)]
  0x0000000058aff800 JavaThread "JDWP Event Helper Thread" daemon [_thread_blocked, id=1320, stack(0x0000000059140000,0x0000000059240000)]
  0x0000000058af9000 JavaThread "JDWP Transport Listener: dt_socket" daemon [_thread_in_native, id=7004, stack(0x0000000059040000,0x0000000059140000)]
  0x0000000058ad8800 JavaThread "Attach Listener" daemon [_thread_blocked, id=7924, stack(0x0000000058890000,0x0000000058990000)]
  0x00000000576f0000 JavaThread "Signal Dispatcher" daemon [_thread_blocked, id=6856, stack(0x0000000058f40000,0x0000000059040000)]
  0x00000000576da000 JavaThread "Finalizer" daemon [_thread_blocked, id=1724, stack(0x00000000589d0000,0x0000000058ad0000)]
  0x0000000057693000 JavaThread "Reference Handler" daemon [_thread_blocked, id=7632, stack(0x0000000058620000,0x0000000058720000)]
  0x000000000266f800 JavaThread "main" [_thread_blocked, id=5692, stack(0x0000000002940000,0x0000000002a40000)]

Other Threads:
  0x000000005768b800 VMThread [stack: 0x0000000058780000,0x0000000058880000] [id=4020]
  0x0000000058bb2800 WatcherThread [stack: 0x0000000059ab0000,0x0000000059bb0000] [id=7872]

VM state:not at safepoint (normal execution)

VM Mutex/Monitor currently owned by a thread: None

Heap:
 PSYoungGen      total 545792K, used 517653K [0x00000000d6100000, 0x0000000100000000, 0x0000000100000000)
  eden space 432128K, 96% used [0x00000000d6100000,0x00000000ef7cb9c0,0x00000000f0700000)
  from space 113664K, 88% used [0x00000000f9100000,0x00000000ff3b9cd8,0x0000000100000000)
  to   space 127488K, 0% used [0x00000000f0700000,0x00000000f0700000,0x00000000f8380000)
 ParOldGen       total 327168K, used 107100K [0x0000000082200000, 0x0000000096180000, 0x00000000d6100000)
  object space 327168K, 32% used [0x0000000082200000,0x0000000088a97388,0x0000000096180000)
 Metaspace       used 144536K, capacity 147132K, committed 147456K, reserved 1179648K
  class space    used 16526K, capacity 17064K, committed 17152K, reserved 1048576K

Card table byte_map: [0x0000000011e00000,0x00000000121f0000] byte_map_base: 0x00000000119ef000

Marking Bits: (ParMarkBitMap*) 0x000000005abaa6c0
 Begin Bits: [0x0000000012a20000, 0x0000000014998000)
 End Bits:   [0x0000000014998000, 0x0000000016910000)

Polling page: 0x0000000000220000

CodeCache: size=245760Kb used=84397Kb max_used=84783Kb free=161362Kb
 bounds [0x0000000002a40000, 0x0000000007d70000, 0x0000000011a40000]
 total_blobs=21451 nmethods=20754 adapters=614
 compilation: enabled

Compilation events (10 events):
Event: 658.017 Thread 0x0000000058b5a800 26146       1       org.eclipse.jetty.websocket.jsr356.metadata.CoderMetadata::getCoderClass (5 bytes)
Event: 658.017 Thread 0x0000000058b5a800 nmethod 26146 0x00000000072a6c50 code [0x00000000072a6da0, 0x00000000072a6eb0]
Event: 658.017 Thread 0x0000000058b5a800 26147       1       org.eclipse.jetty.websocket.jsr356.metadata.CoderMetadata::getObjectType (5 bytes)
Event: 658.017 Thread 0x0000000058b5a800 nmethod 26147 0x00000000072a6990 code [0x00000000072a6ae0, 0x00000000072a6bf0]
Event: 658.061 Thread 0x0000000058b5a800 26149   !   3       java.text.DecimalFormatSymbols::clone (18 bytes)
Event: 658.061 Thread 0x0000000058b5a800 nmethod 26149 0x0000000007401f50 code [0x00000000074020e0, 0x0000000007402438]
Event: 658.064 Thread 0x0000000058b0c800 nmethod 26086 0x000000000727d050 code [0x000000000727d420, 0x00000000072830a0]
Event: 658.064 Thread 0x0000000058b0c800 26087       4       org.apache.tomcat.util.digester.RulesBase::match (139 bytes)
Event: 658.108 Thread 0x0000000058b0c800 nmethod 26087 0x000000000766e450 code [0x000000000766e6a0, 0x0000000007670648]
Event: 658.108 Thread 0x0000000058b0c800 26148  s!   4       sun.misc.URLClassPath::getLoader (197 bytes)

GC Heap History (10 events):
Event: 618.297 GC heap before
{Heap before GC invocations=28 (full 6):
 PSYoungGen      total 595456K, used 503808K [0x00000000d6100000, 0x0000000100000000, 0x0000000100000000)
  eden space 503808K, 100% used [0x00000000d6100000,0x00000000f4d00000,0x00000000f4d00000)
  from space 91648K, 0% used [0x00000000f4d00000,0x00000000f4d00000,0x00000000fa680000)
  to   space 91648K, 0% used [0x00000000fa680000,0x00000000fa680000,0x0000000100000000)
 ParOldGen       total 327168K, used 107084K [0x0000000082200000, 0x0000000096180000, 0x00000000d6100000)
  object space 327168K, 32% used [0x0000000082200000,0x0000000088a93388,0x0000000096180000)
 Metaspace       used 126087K, capacity 128082K, committed 128640K, reserved 1163264K
  class space    used 14512K, capacity 14935K, committed 14976K, reserved 1048576K
Event: 618.320 GC heap after
Heap after GC invocations=28 (full 6):
 PSYoungGen      total 511488K, used 23934K [0x00000000d6100000, 0x0000000100000000, 0x0000000100000000)
  eden space 419840K, 0% used [0x00000000d6100000,0x00000000d6100000,0x00000000efb00000)
  from space 91648K, 26% used [0x00000000fa680000,0x00000000fbddf9a0,0x0000000100000000)
  to   space 133632K, 0% used [0x00000000efb00000,0x00000000efb00000,0x00000000f7d80000)
 ParOldGen       total 327168K, used 107084K [0x0000000082200000, 0x0000000096180000, 0x00000000d6100000)
  object space 327168K, 32% used [0x0000000082200000,0x0000000088a93388,0x0000000096180000)
 Metaspace       used 126087K, capacity 128082K, committed 128640K, reserved 1163264K
  class space    used 14512K, capacity 14935K, committed 14976K, reserved 1048576K
}
Event: 622.504 GC heap before
{Heap before GC invocations=29 (full 6):
 PSYoungGen      total 511488K, used 443774K [0x00000000d6100000, 0x0000000100000000, 0x0000000100000000)
  eden space 419840K, 100% used [0x00000000d6100000,0x00000000efb00000,0x00000000efb00000)
  from space 91648K, 26% used [0x00000000fa680000,0x00000000fbddf9a0,0x0000000100000000)
  to   space 133632K, 0% used [0x00000000efb00000,0x00000000efb00000,0x00000000f7d80000)
 ParOldGen       total 327168K, used 107084K [0x0000000082200000, 0x0000000096180000, 0x00000000d6100000)
  object space 327168K, 32% used [0x0000000082200000,0x0000000088a93388,0x0000000096180000)
 Metaspace       used 131129K, capacity 133234K, committed 133760K, reserved 1167360K
  class space    used 14967K, capacity 15421K, committed 15488K, reserved 1048576K
Event: 622.659 GC heap after
Heap after GC invocations=29 (full 6):
 PSYoungGen      total 553472K, used 27855K [0x00000000d6100000, 0x0000000100000000, 0x0000000100000000)
  eden space 419840K, 0% used [0x00000000d6100000,0x00000000d6100000,0x00000000efb00000)
  from space 133632K, 20% used [0x00000000efb00000,0x00000000f1633d08,0x00000000f7d80000)
  to   space 128000K, 0% used [0x00000000f8300000,0x00000000f8300000,0x0000000100000000)
 ParOldGen       total 327168K, used 107084K [0x0000000082200000, 0x0000000096180000, 0x00000000d6100000)
  object space 327168K, 32% used [0x0000000082200000,0x0000000088a93388,0x0000000096180000)
 Metaspace       used 131129K, capacity 133234K, committed 133760K, reserved 1167360K
  class space    used 14967K, capacity 15421K, committed 15488K, reserved 1048576K
}
Event: 625.966 GC heap before
{Heap before GC invocations=30 (full 6):
 PSYoungGen      total 553472K, used 447695K [0x00000000d6100000, 0x0000000100000000, 0x0000000100000000)
  eden space 419840K, 100% used [0x00000000d6100000,0x00000000efb00000,0x00000000efb00000)
  from space 133632K, 20% used [0x00000000efb00000,0x00000000f1633d08,0x00000000f7d80000)
  to   space 128000K, 0% used [0x00000000f8300000,0x00000000f8300000,0x0000000100000000)
 ParOldGen       total 327168K, used 107084K [0x0000000082200000, 0x0000000096180000, 0x00000000d6100000)
  object space 327168K, 32% used [0x0000000082200000,0x0000000088a93388,0x0000000096180000)
 Metaspace       used 138376K, capacity 140826K, committed 141056K, reserved 1173504K
  class space    used 15784K, capacity 16281K, committed 16384K, reserved 1048576K
Event: 626.028 GC heap after
Heap after GC invocations=30 (full 6):
 PSYoungGen      total 532480K, used 41640K [0x00000000d6100000, 0x00000000feb80000, 0x0000000100000000)
  eden space 425472K, 0% used [0x00000000d6100000,0x00000000d6100000,0x00000000f0080000)
  from space 107008K, 38% used [0x00000000f8300000,0x00000000fabaa288,0x00000000feb80000)
  to   space 120320K, 0% used [0x00000000f0080000,0x00000000f0080000,0x00000000f7600000)
 ParOldGen       total 327168K, used 107092K [0x0000000082200000, 0x0000000096180000, 0x00000000d6100000)
  object space 327168K, 32% used [0x0000000082200000,0x0000000088a95388,0x0000000096180000)
 Metaspace       used 138376K, capacity 140826K, committed 141056K, reserved 1173504K
  class space    used 15784K, capacity 16281K, committed 16384K, reserved 1048576K
}
Event: 630.594 GC heap before
{Heap before GC invocations=31 (full 6):
 PSYoungGen      total 532480K, used 467112K [0x00000000d6100000, 0x00000000feb80000, 0x0000000100000000)
  eden space 425472K, 100% used [0x00000000d6100000,0x00000000f0080000,0x00000000f0080000)
  from space 107008K, 38% used [0x00000000f8300000,0x00000000fabaa288,0x00000000feb80000)
  to   space 120320K, 0% used [0x00000000f0080000,0x00000000f0080000,0x00000000f7600000)
 ParOldGen       total 327168K, used 107092K [0x0000000082200000, 0x0000000096180000, 0x00000000d6100000)
  object space 327168K, 32% used [0x0000000082200000,0x0000000088a95388,0x0000000096180000)
 Metaspace       used 142463K, capacity 144914K, committed 145152K, reserved 1177600K
  class space    used 16268K, capacity 16759K, committed 16896K, reserved 1048576K
Event: 630.687 GC heap after
Heap after GC invocations=31 (full 6):
 PSYoungGen      total 545792K, used 41979K [0x00000000d6100000, 0x0000000100000000, 0x0000000100000000)
  eden space 425472K, 0% used [0x00000000d6100000,0x00000000d6100000,0x00000000f0080000)
  from space 120320K, 34% used [0x00000000f0080000,0x00000000f297ed48,0x00000000f7600000)
  to   space 113664K, 0% used [0x00000000f9100000,0x00000000f9100000,0x0000000100000000)
 ParOldGen       total 327168K, used 107092K [0x0000000082200000, 0x0000000096180000, 0x00000000d6100000)
  object space 327168K, 32% used [0x0000000082200000,0x0000000088a95388,0x0000000096180000)
 Metaspace       used 142463K, capacity 144914K, committed 145152K, reserved 1177600K
  class space    used 16268K, capacity 16759K, committed 16896K, reserved 1048576K
}
Event: 656.831 GC heap before
{Heap before GC invocations=32 (full 6):
 PSYoungGen      total 545792K, used 467451K [0x00000000d6100000, 0x0000000100000000, 0x0000000100000000)
  eden space 425472K, 100% used [0x00000000d6100000,0x00000000f0080000,0x00000000f0080000)
  from space 120320K, 34% used [0x00000000f0080000,0x00000000f297ed48,0x00000000f7600000)
  to   space 113664K, 0% used [0x00000000f9100000,0x00000000f9100000,0x0000000100000000)
 ParOldGen       total 327168K, used 107092K [0x0000000082200000, 0x0000000096180000, 0x00000000d6100000)
  object space 327168K, 32% used [0x0000000082200000,0x0000000088a95388,0x0000000096180000)
 Metaspace       used 142903K, capacity 145454K, committed 145664K, reserved 1177600K
  class space    used 16313K, capacity 16828K, committed 16896K, reserved 1048576K
Event: 656.916 GC heap after
Heap after GC invocations=32 (full 6):
 PSYoungGen      total 545792K, used 101095K [0x00000000d6100000, 0x0000000100000000, 0x0000000100000000)
  eden space 432128K, 0% used [0x00000000d6100000,0x00000000d6100000,0x00000000f0700000)
  from space 113664K, 88% used [0x00000000f9100000,0x00000000ff3b9cd8,0x0000000100000000)
  to   space 127488K, 0% used [0x00000000f0700000,0x00000000f0700000,0x00000000f8380000)
 ParOldGen       total 327168K, used 107100K [0x0000000082200000, 0x0000000096180000, 0x00000000d6100000)
  object space 327168K, 32% used [0x0000000082200000,0x0000000088a97388,0x0000000096180000)
 Metaspace       used 142903K, capacity 145454K, committed 145664K, reserved 1177600K
  class space    used 16313K, capacity 16828K, committed 16896K, reserved 1048576K
}

Deoptimization events (10 events):
Event: 656.290 Thread 0x0000000066949000 Uncommon trap: reason=bimorphic action=maybe_recompile pc=0x000000000622546c method=com.sun.org.apache.xerces.internal.parsers.AbstractSAXParser.endNamespaceMapping()V @ 35
Event: 656.291 Thread 0x0000000066949000 Uncommon trap: reason=bimorphic action=maybe_recompile pc=0x0000000006627698 method=com.sun.org.apache.xerces.internal.parsers.AbstractSAXParser.startNamespaceMapping()V @ 65
Event: 656.358 Thread 0x0000000066949000 Uncommon trap: reason=bimorphic action=maybe_recompile pc=0x0000000006627698 method=com.sun.org.apache.xerces.internal.parsers.AbstractSAXParser.startNamespaceMapping()V @ 65
Event: 656.405 Thread 0x0000000066949000 Uncommon trap: reason=unstable_if action=reinterpret pc=0x0000000002bfc214 method=java.util.HashMap.putVal(ILjava/lang/Object;Ljava/lang/Object;ZZ)Ljava/lang/Object; @ 181
Event: 656.438 Thread 0x000000005b468800 Uncommon trap: reason=unstable_if action=reinterpret pc=0x000000000785eb0c method=java.util.concurrent.ConcurrentHashMap.addCount(JI)V @ 168
Event: 656.456 Thread 0x000000005b468800 Uncommon trap: reason=unstable_if action=reinterpret pc=0x0000000005c76a90 method=java.util.concurrent.ConcurrentHashMap.addCount(JI)V @ 168
Event: 656.492 Thread 0x000000005c125800 Uncommon trap: reason=unstable_if action=reinterpret pc=0x000000000471b0d0 method=java.util.concurrent.ConcurrentHashMap.transfer([Ljava/util/concurrent/ConcurrentHashMap$Node;[Ljava/util/concurrent/ConcurrentHashMap$Node;)V @ 175
Event: 657.910 Thread 0x0000000066949000 Uncommon trap: reason=null_check action=make_not_entrant pc=0x000000000666df94 method=org.apache.tomcat.util.digester.RulesBase.lookup(Ljava/lang/String;Ljava/lang/String;)Ljava/util/List; @ 76
Event: 657.910 Thread 0x0000000066949000 Uncommon trap: reason=null_check action=make_not_entrant pc=0x0000000006664360 method=org.apache.tomcat.util.digester.RulesBase.lookup(Ljava/lang/String;Ljava/lang/String;)Ljava/util/List; @ 76
Event: 658.075 Thread 0x0000000066949000 Uncommon trap: reason=null_check action=make_not_entrant pc=0x0000000006ecdf2c method=java.lang.reflect.Array.newInstance(Ljava/lang/Class;I)Ljava/lang/Object; @ 2

Internal exceptions (10 events):
Event: 658.036 Thread 0x0000000066949000 Exception <a 'java/lang/ClassNotFoundException': org/apache/log4j/AppenderSkeletonBeanInfo> (0x00000000ee8c2828) thrown at [C:\re\workspace\8-2-build-windows-amd64-cygwin\jdk8u102\7268\hotspot\src\share\vm\classfile\systemDictionary.cpp, line 210]
Event: 658.037 Thread 0x0000000066949000 Exception <a 'java/lang/ClassNotFoundException': org/apache/log4j/AppenderSkeletonCustomizer> (0x00000000ee8e3040) thrown at [C:\re\workspace\8-2-build-windows-amd64-cygwin\jdk8u102\7268\hotspot\src\share\vm\classfile\systemDictionary.cpp, line 210]
Event: 658.039 Thread 0x0000000066949000 Exception <a 'java/lang/ClassNotFoundException': org/apache/log4j/WriterAppenderCustomizer> (0x00000000ee91b9e8) thrown at [C:\re\workspace\8-2-build-windows-amd64-cygwin\jdk8u102\7268\hotspot\src\share\vm\classfile\systemDictionary.cpp, line 210]
Event: 658.040 Thread 0x0000000066949000 Exception <a 'java/lang/ClassNotFoundException': org/apache/log4j/ConsoleAppenderCustomizer> (0x00000000ee945870) thrown at [C:\re\workspace\8-2-build-windows-amd64-cygwin\jdk8u102\7268\hotspot\src\share\vm\classfile\systemDictionary.cpp, line 210]
Event: 658.045 Thread 0x0000000066949000 Exception <a 'java/lang/ClassNotFoundException': org/apache/log4j/RollingFileAppenderBeanInfo> (0x00000000ee9e0fe8) thrown at [C:\re\workspace\8-2-build-windows-amd64-cygwin\jdk8u102\7268\hotspot\src\share\vm\classfile\systemDictionary.cpp, line 210]
Event: 658.047 Thread 0x0000000066949000 Exception <a 'java/lang/ClassNotFoundException': org/apache/log4j/FileAppenderBeanInfo> (0x00000000ee9fe9a8) thrown at [C:\re\workspace\8-2-build-windows-amd64-cygwin\jdk8u102\7268\hotspot\src\share\vm\classfile\systemDictionary.cpp, line 210]
Event: 658.048 Thread 0x0000000066949000 Exception <a 'java/lang/ClassNotFoundException': org/apache/log4j/FileAppenderCustomizer> (0x00000000eea1c878) thrown at [C:\re\workspace\8-2-build-windows-amd64-cygwin\jdk8u102\7268\hotspot\src\share\vm\classfile\systemDictionary.cpp, line 210]
Event: 658.050 Thread 0x0000000066949000 Exception <a 'java/lang/ClassNotFoundException': org/apache/log4j/RollingFileAppenderCustomizer> (0x00000000eea48d58) thrown at [C:\re\workspace\8-2-build-windows-amd64-cygwin\jdk8u102\7268\hotspot\src\share\vm\classfile\systemDictionary.cpp, line 210]
Event: 658.054 Thread 0x0000000066949000 Exception <a 'java/lang/ClassNotFoundException': org/apache/log4j/DailyRollingFileAppenderBeanInfo> (0x00000000eeaa92e0) thrown at [C:\re\workspace\8-2-build-windows-amd64-cygwin\jdk8u102\7268\hotspot\src\share\vm\classfile\systemDictionary.cpp, line 210]
Event: 658.055 Thread 0x0000000066949000 Exception <a 'java/lang/ClassNotFoundException': org/apache/log4j/DailyRollingFileAppenderCustomizer> (0x00000000eeacbc80) thrown at [C:\re\workspace\8-2-build-windows-amd64-cygwin\jdk8u102\7268\hotspot\src\share\vm\classfile\systemDictionary.cpp, line 210°NfJêÑ@

Events (10 events):
Event: 658.114 Thread 0x0000000066949000 DEOPT PACKING pc=0x00000000048ad2a4 sp=0x00000001162ada20
Event: 658.114 Thread 0x0000000066949000 DEOPT UNPACKING pc=0x0000000002a8787f sp=0x00000001162ad758 mode 1
Event: 658.114 Thread 0x0000000066949000 DEOPT PACKING pc=0x0000000004a5ddf8 sp=0x00000001162ada90
Event: 658.114 Thread 0x0000000066949000 DEOPT UNPACKING pc=0x0000000002a8787f sp=0x00000001162ad7a0 mode 1
Event: 658.114 Thread 0x0000000066949000 DEOPT PACKING pc=0x00000000049d4734 sp=0x00000001162adac0
Event: 658.114 Thread 0x0000000066949000 DEOPT UNPACKING pc=0x0000000002a8787f sp=0x00000001162ad800 mode 1
Event: 658.114 Thread 0x0000000066949000 DEOPT PACKING pc=0x0000000004fc5d1c sp=0x00000001162adcf0
Event: 658.114 Thread 0x0000000066949000 DEOPT UNPACKING pc=0x0000000002a8787f sp=0x00000001162adb38 mode 1
Event: 658.114 Thread 0x0000000066949000 DEOPT PACKING pc=0x0000000004a5ddf8 sp=0x00000001162adeb0
Event: 658.114 Thread 0x0000000066949000 DEOPT UNPACKING pc=0x0000000002a8787f sp=0x00000001162adbd0 mode 1


Dynamic libraries:
0x000000013f780000 - 0x000000013f7b7000 	E:\Java\Java\jdk1.8.0_102\bin\javaw.exe
0x0000000076e60000 - 0x0000000077009000 	C:\Windows\SYSTEM32\ntdll.dll
0x0000000076c40000 - 0x0000000076d5f000 	C:\Windows\system32\kernel32.dll
0x000007fefd110000 - 0x000007fefd17b000 	C:\Windows\system32\KERNELBASE.dll
0x000007fefdfe0000 - 0x000007fefe0bb000 	C:\Windows\system32\ADVAPI32.dll
0x000007fefeee0000 - 0x000007fefef7f000 	C:\Windows\system32\msvcrt.dll
0x000007fefed40000 - 0x000007fefed5f000 	C:\Windows\SYSTEM32\sechost.dll
0x000007fefe5c0000 - 0x000007fefe6ed000 	C:\Windows\system32\RPCRT4.dll
0x0000000076d60000 - 0x0000000076e5a000 	C:\Windows\system32\USER32.dll
0x000007fefe460000 - 0x000007fefe4c7000 	C:\Windows\system32\GDI32.dll
0x000007fefef80000 - 0x000007fefef8e000 	C:\Windows\system32\LPK.dll
0x000007fefd180000 - 0x000007fefd249000 	C:\Windows\system32\USP10.dll
0x000007fefb850000 - 0x000007fefba44000 	C:\Windows\WinSxS\amd64_microsoft.windows.common-controls_6595b64144ccf1df_6.0.7601.17514_none_fa396087175ac9ac\COMCTL32.dll
0x000007fefecc0000 - 0x000007fefed31000 	C:\Windows\system32\SHLWAPI.dll
0x000007fefe430000 - 0x000007fefe45e000 	C:\Windows\system32\IMM32.DLL
0x000007fefe320000 - 0x000007fefe429000 	C:\Windows\system32\MSCTF.dll
0x000000006fb30000 - 0x000000006fc01000 	E:\Java\Java\jdk1.8.0_102\jre\bin\msvcr100.dll
0x000000005a390000 - 0x000000005ac2a000 	E:\Java\Java\jdk1.8.0_102\jre\bin\server\jvm.dll
0x000007fef9ab0000 - 0x000007fef9ab9000 	C:\Windows\system32\WSOCK32.dll
0x000007fefe570000 - 0x000007fefe5bd000 	C:\Windows\system32\WS2_32.dll
0x000007fefebd0000 - 0x000007fefebd8000 	C:\Windows\system32\NSI.dll
0x000007fefad50000 - 0x000007fefad8b000 	C:\Windows\system32\WINMM.dll
0x000007fefbf10000 - 0x000007fefbf1c000 	C:\Windows\system32\VERSION.dll
0x0000000077030000 - 0x0000000077037000 	C:\Windows\system32\PSAPI.DLL
0x0000000070ca0000 - 0x0000000070caf000 	E:\Java\Java\jdk1.8.0_102\jre\bin\verify.dll
0x000000006fb00000 - 0x000000006fb29000 	E:\Java\Java\jdk1.8.0_102\jre\bin\java.dll
0x000000006fac0000 - 0x000000006faf5000 	E:\Java\Java\jdk1.8.0_102\jre\bin\jdwp.dll
0x0000000070c90000 - 0x0000000070c98000 	E:\Java\Java\jdk1.8.0_102\jre\bin\npt.dll
0x0000000070b70000 - 0x0000000070b86000 	E:\Java\Java\jdk1.8.0_102\jre\bin\zip.dll
0x000007fefd250000 - 0x000007fefdfd8000 	C:\Windows\system32\SHELL32.dll
0x000007fefe770000 - 0x000007fefe973000 	C:\Windows\system32\ole32.dll
0x000007fefcdb0000 - 0x000007fefcdbf000 	C:\Windows\system32\profapi.dll
0x0000000070c80000 - 0x0000000070c89000 	E:\Java\Java\jdk1.8.0_102\jre\bin\dt_socket.dll
0x000007fefc5e0000 - 0x000007fefc635000 	C:\Windows\system32\mswsock.dll
0x000007fefbfe0000 - 0x000007fefbfe7000 	C:\Windows\System32\wshtcpip.dll
0x000000006faa0000 - 0x000000006faba000 	E:\Java\Java\jdk1.8.0_102\jre\bin\net.dll
0x000007fefc5d0000 - 0x000007fefc5d7000 	C:\Windows\System32\wship6.dll
0x000000006fa80000 - 0x000000006fa91000 	E:\Java\Java\jdk1.8.0_102\jre\bin\nio.dll
0x0000000070c30000 - 0x0000000070c3d000 	E:\Java\Java\jdk1.8.0_102\jre\bin\management.dll
0x000000006fa50000 - 0x000000006fa74000 	E:\Java\Java\jdk1.8.0_102\jre\bin\sunec.dll
0x000007fefa4e0000 - 0x000007fefa507000 	C:\Windows\system32\IPHLPAPI.DLL
0x000007fefa410000 - 0x000007fefa41b000 	C:\Windows\system32\WINNSI.DLL
0x000007fefa370000 - 0x000007fefa388000 	C:\Windows\system32\dhcpcsvc.DLL
0x000007fef9ee0000 - 0x000007fef9ef1000 	C:\Windows\system32\dhcpcsvc6.DLL
0x000007fefc640000 - 0x000007fefc657000 	C:\Windows\system32\CRYPTSP.dll
0x000007fefc340000 - 0x000007fefc387000 	C:\Windows\system32\rsaenh.dll
0x000007fefc0f0000 - 0x000007fefc10e000 	C:\Windows\system32\USERENV.dll
0x000007fefcd80000 - 0x000007fefcd8f000 	C:\Windows\system32\CRYPTBASE.dll
0x000007fefae20000 - 0x000007fefae35000 	C:\Windows\system32\NLAapi.dll
0x000007fef7700000 - 0x000007fef7715000 	C:\Windows\system32\napinsp.dll
0x000007fef76e0000 - 0x000007fef76f9000 	C:\Windows\system32\pnrpnsp.dll
0x000007fefc460000 - 0x000007fefc4bb000 	C:\Windows\system32\DNSAPI.dll
0x000007fef76d0000 - 0x000007fef76db000 	C:\Windows\System32\winrnr.dll
0x000007fef8750000 - 0x000007fef8758000 	C:\Windows\system32\rasadhlp.dll
0x000007fefa2a0000 - 0x000007fefa2f3000 	C:\Windows\System32\fwpuclnt.dll

VM Arguments:
jvm_args: -Dmaven.home=E:\Java\Maven\apache-maven-3.3.9 -Dclassworlds.conf=E:\workspace\.metadata\.plugins\org.eclipse.m2e.launching\launches\m2conf1803741604506643563.tmp -Dmaven.multiModuleProjectDirectory=E:\workspace\yiwu -Xdebug -Xnoagent -Djava.compiler=NONE -Xrunjdwp:transport=dt_socket,address=4000,server=y,suspend=n -Dfile.encoding=UTF-8 
java_command: org.codehaus.plexus.classworlds.launcher.Launcher -B -s E:\Java\Maven\settings.xml clean jetty:run -Pdev -Djetty.port=9090
java_class_path (initial): E:\Java\Maven\apache-maven-3.3.9\boot\plexus-classworlds-2.5.2.jar
Launcher Type: SUN_STANDARD

Environment Variables:
JAVA_HOME=E:\Java\Java\jdk1.8.0_102
CLASSPATH=.;E:\Java\Java\jdk1.8.0_102\lib\tools.jar;E:\Java\Java\jdk1.8.0_102\lib\dt.jar
PATH=C:/Program Files/Java/jre1.8.0_121/bin/server;C:/Program Files/Java/jre1.8.0_121/bin;C:/Program Files/Java/jre1.8.0_121/lib/amd64;C:\ProgramData\Oracle\Java\javapath;C:\Windows\system32;C:\Windows;C:\Windows\System32\Wbem;C:\Windows\System32\WindowsPowerShell\v1.0\;E:\Program Files\MySQL\MySQL Utilities 1.6\;E:\Program Files\Git\cmd;E:\Java\Java\jdk1.8.0_102\bin;E:\Java\Tomcat\apache-tomcat-9.0.0.M17\bin;E:\Java\Maven\apache-maven-3.3.9\bin;E:\Program Files\MySQL\mysql-5.6.24-win32\bin;E:\Java\eclipse;
USERNAME=ping
OS=Windows_NT
PROCESSOR_IDENTIFIER=Intel64 Family 6 Model 60 Stepping 3, GenuineIntel



---------------  S Y S T E M  ---------------

OS: Windows 7 , 64 bit Build 7601 (6.1.7601.17514)

CPU:total 4 (4 cores per cpu, 1 threads per core) family 6 model 60 stepping 3, cmov, cx8, fxsr, mmx, sse, sse2, sse3, ssse3, sse4.1, sse4.2, popcnt, avx, avx2, aes, clmul, erms, lzcnt, tsc, tscinvbit, bmi1, bmi2

Memory: 4k page, physical 8248244k(1413152k free), swap 9065600k(26276k free)

vm_info: Java HotSpot(TM) 64-Bit Server VM (25.102-b14) for windows-amd64 JRE (1.8.0_102-b14), built on Jun 22 2016 13:15:21 by "java_re" with MS VC++ 10.0 (VS2010)

time: Tue Oct 31 00:06:04 2017
elapsed time: 658 seconds (0d 0h 10m 58s)

